Running in mockMode 1
Running with SD distance 16
Running with useSeeds 1
Load hits 
Convert seeds to SuperDoublets
Loaded nSeeds (pt>1 and |eta|<1.6) 285
Combine MDs 
Link SuperDoublet pairs to SDLinks
SD links stat 0-5 nAll 9298125 nDZ 2872989 nDZPnt 75805 nAlp 8184 nInAlpC 6820 nOutAlpC 3800 ndBeta 907 final 907
SD links stat 0-7 nAll 1091550 nDZ 431598 nDZPnt 33997 nAlp 8136 nInAlpC 6775 nOutAlpC 5094 ndBeta 370 final 370
SD links stat 5-7 nAll 124953750 nDZ 28510101 nDZPnt 2505519 nAlp 621613 nInAlpC 476188 nOutAlpC 333663 ndBeta 5992 final 5992
SD links stat 7-9 nAll 2631210 nDZ 563167 nDZPnt 563167 nAlp 136069 nInAlpC 99656 nOutAlpC 75001 ndBeta 1038 final 1038
Print stats
Summary for layer 5 h1GeV 575 h2GeV 129 refLos 6826 refUps 6857 refMDs 3623 outLos 6999 outUps 7005 outMDs 3185 outSDs 32625 n1Any 15596 n1All 461 n2Any 5627 n2All 127
Summary for layer 6 h1GeV 474 h2GeV 116 refLos 4723 refUps 4723 refMDs 1636 outLos 4617 outUps 4613 outMDs 1521 outSDs 6888 n1Any 4293 n1All 389 n2Any 1645 n2All 115
Summary for layer 7 h1GeV 397 h2GeV 97 refLos 3311 refUps 3304 refMDs 1114 outLos 3192 outUps 3193 outMDs 1083 outSDs 3830 n1Any 2529 n1All 330 n2Any 1112 n2All 97
Summary for layer 8 h1GeV 317 h2GeV 81 refLos 2120 refUps 2119 refMDs 749 outLos 1981 outUps 1977 outMDs 700 outSDs 1425 n1Any 1042 n1All 268 n2Any 459 n2All 81
Summary for layer 9 h1GeV 256 h2GeV 64 refLos 1273 refUps 1271 refMDs 498 outLos 1175 outUps 1174 outMDs 496 outSDs 687 n1Any 486 n1All 207 n2Any 204 n2All 64
Summary for layer 10 h1GeV 208 h2GeV 47 refLos 738 refUps 736 refMDs 357 outLos 682 outUps 680 outMDs 339 outSDs 370 n1Any 267 n1All 166 n2Any 85 n2All 47
		sdl5-7 5992 sdl7-9 1038
Load hits 
Convert seeds to SuperDoublets
Loaded nSeeds (pt>1 and |eta|<1.6) 436
Combine MDs 
Link SuperDoublet pairs to SDLinks
SD links stat 0-5 nAll 36104724 nDZ 12422705 nDZPnt 309563 nAlp 23364 nInAlpC 17778 nOutAlpC 11254 ndBeta 1920 final 1920
SD links stat 0-7 nAll 3578252 nDZ 1464757 nDZPnt 119049 nAlp 26488 nInAlpC 22922 nOutAlpC 18087 ndBeta 923 final 923
SD links stat 5-7 nAll 679613463 nDZ 176744478 nDZPnt 14186286 nAlp 2942795 nInAlpC 2214455 nOutAlpC 1620451 ndBeta 17031 final 17031
SD links stat 7-9 nAll 10176680 nDZ 2306014 nDZPnt 2306014 nAlp 514016 nInAlpC 369269 nOutAlpC 274969 ndBeta 2264 final 2264
Print stats
Summary for layer 5 h1GeV 794 h2GeV 151 refLos 8990 refUps 9011 refMDs 5700 outLos 9202 outUps 9212 outMDs 4959 outSDs 82809 n1Any 40230 n1All 664 n2Any 11825 n2All 151
Summary for layer 6 h1GeV 676 h2GeV 133 refLos 6298 refUps 6302 refMDs 2521 outLos 6222 outUps 6231 outMDs 2338 outSDs 16271 n1Any 9957 n1All 554 n2Any 2913 n2All 132
Summary for layer 7 h1GeV 584 h2GeV 121 refLos 4523 refUps 4520 refMDs 1769 outLos 4346 outUps 4348 outMDs 1614 outSDs 8207 n1Any 5237 n1All 486 n2Any 1803 n2All 120
Summary for layer 8 h1GeV 483 h2GeV 107 refLos 3067 refUps 3059 refMDs 1240 outLos 2896 outUps 2894 outMDs 1202 outSDs 2969 n1Any 2000 n1All 407 n2Any 709 n2All 106
Summary for layer 9 h1GeV 394 h2GeV 94 refLos 1832 refUps 1832 refMDs 802 outLos 1668 outUps 1673 outMDs 762 outSDs 1240 n1Any 891 n1All 329 n2Any 308 n2All 94
Summary for layer 10 h1GeV 326 h2GeV 81 refLos 1128 refUps 1128 refMDs 575 outLos 1038 outUps 1039 outMDs 582 outSDs 722 n1Any 516 n1All 273 n2Any 182 n2All 81
		sdl5-7 17031 sdl7-9 2264
Load hits 
Convert seeds to SuperDoublets
Loaded nSeeds (pt>1 and |eta|<1.6) 323
Combine MDs 
Link SuperDoublet pairs to SDLinks
SD links stat 0-5 nAll 13715872 nDZ 4527525 nDZPnt 115269 nAlp 10218 nInAlpC 8744 nOutAlpC 5184 ndBeta 1269 final 1269
SD links stat 0-7 nAll 1564935 nDZ 641382 nDZPnt 50315 nAlp 11226 nInAlpC 9610 nOutAlpC 7473 ndBeta 508 final 508
SD links stat 5-7 nAll 205738080 nDZ 50550294 nDZPnt 3984242 nAlp 756478 nInAlpC 566162 nOutAlpC 402731 ndBeta 6094 final 6094
SD links stat 7-9 nAll 4685115 nDZ 1115143 nDZPnt 1115143 nAlp 234106 nInAlpC 165081 nOutAlpC 121091 ndBeta 1367 final 1367
Print stats
Summary for layer 5 h1GeV 639 h2GeV 135 refLos 7459 refUps 7476 refMDs 4107 outLos 7645 outUps 7648 outMDs 3679 outSDs 42464 n1Any 21298 n1All 541 n2Any 6702 n2All 134
Summary for layer 6 h1GeV 539 h2GeV 117 refLos 5114 refUps 5114 refMDs 1845 outLos 5057 outUps 5055 outMDs 1711 outSDs 9604 n1Any 6238 n1All 463 n2Any 2186 n2All 117
Summary for layer 7 h1GeV 460 h2GeV 102 refLos 3713 refUps 3718 refMDs 1329 outLos 3566 outUps 3569 outMDs 1190 outSDs 4845 n1Any 3223 n1All 395 n2Any 1103 n2All 102
Summary for layer 8 h1GeV 398 h2GeV 86 refLos 2460 refUps 2447 refMDs 963 outLos 2300 outUps 2301 outMDs 879 outSDs 1853 n1Any 1323 n1All 347 n2Any 466 n2All 86
Summary for layer 9 h1GeV 324 h2GeV 77 refLos 1470 refUps 1467 refMDs 644 outLos 1344 outUps 1346 outMDs 639 outSDs 967 n1Any 698 n1All 280 n2Any 253 n2All 77
Summary for layer 10 h1GeV 279 h2GeV 67 refLos 951 refUps 949 refMDs 479 outLos 867 outUps 866 outMDs 471 outSDs 568 n1Any 420 n1All 232 n2Any 141 n2All 67
		sdl5-7 6094 sdl7-9 1367
Load hits 
Convert seeds to SuperDoublets
Loaded nSeeds (pt>1 and |eta|<1.6) 431
Combine MDs 
Link SuperDoublet pairs to SDLinks
SD links stat 0-5 nAll 33704200 nDZ 11165518 nDZPnt 282471 nAlp 18938 nInAlpC 15192 nOutAlpC 9496 ndBeta 1845 final 1845
SD links stat 0-7 nAll 2966142 nDZ 1190361 nDZPnt 91616 nAlp 18538 nInAlpC 15965 nOutAlpC 12394 ndBeta 729 final 729
SD links stat 5-7 nAll 538172400 nDZ 134205476 nDZPnt 10410860 nAlp 1872108 nInAlpC 1413281 nOutAlpC 1035789 ndBeta 11060 final 11060
SD links stat 7-9 nAll 8279046 nDZ 1885924 nDZPnt 1885924 nAlp 391662 nInAlpC 288926 nOutAlpC 218558 ndBeta 1956 final 1956
Print stats
Summary for layer 5 h1GeV 805 h2GeV 181 refLos 8885 refUps 8912 refMDs 5719 outLos 9094 outUps 9101 outMDs 4813 outSDs 78200 n1Any 36686 n1All 672 n2Any 11487 n2All 180
Summary for layer 6 h1GeV 668 h2GeV 159 refLos 6207 refUps 6204 refMDs 2431 outLos 6100 outUps 6103 outMDs 2234 outSDs 15120 n1Any 9164 n1All 555 n2Any 3013 n2All 159
Summary for layer 7 h1GeV 557 h2GeV 135 refLos 4433 refUps 4434 refMDs 1635 outLos 4287 outUps 4288 outMDs 1498 outSDs 6882 n1Any 4546 n1All 468 n2Any 1586 n2All 135
Summary for layer 8 h1GeV 471 h2GeV 118 refLos 2886 refUps 2883 refMDs 1154 outLos 2716 outUps 2718 outMDs 1094 outSDs 2580 n1Any 1799 n1All 401 n2Any 683 n2All 118
Summary for layer 9 h1GeV 386 h2GeV 104 refLos 1765 refUps 1767 refMDs 783 outLos 1640 outUps 1638 outMDs 742 outSDs 1203 n1Any 839 n1All 331 n2Any 310 n2All 104
Summary for layer 10 h1GeV 321 h2GeV 83 refLos 1157 refUps 1160 refMDs 597 outLos 1051 outUps 1050 outMDs 599 outSDs 781 n1Any 549 n1All 276 n2Any 193 n2All 83
		sdl5-7 11060 sdl7-9 1956
Load hits 
Convert seeds to SuperDoublets
Loaded nSeeds (pt>1 and |eta|<1.6) 313
Combine MDs 
Link SuperDoublet pairs to SDLinks
SD links stat 0-5 nAll 14017392 nDZ 4417686 nDZPnt 118335 nAlp 10008 nInAlpC 8215 nOutAlpC 4882 ndBeta 1100 final 1100
SD links stat 0-7 nAll 1344961 nDZ 529683 nDZPnt 44541 nAlp 9100 nInAlpC 7904 nOutAlpC 6140 ndBeta 463 final 463
SD links stat 5-7 nAll 192436848 nDZ 44985536 nDZPnt 3713387 nAlp 690936 nInAlpC 523211 nOutAlpC 388162 ndBeta 5130 final 5130
SD links stat 7-9 nAll 3098137 nDZ 705726 nDZPnt 705726 nAlp 145475 nInAlpC 104573 nOutAlpC 77426 ndBeta 1104 final 1104
Print stats
Summary for layer 5 h1GeV 627 h2GeV 132 refLos 7527 refUps 7560 refMDs 4240 outLos 7724 outUps 7727 outMDs 3748 outSDs 44784 n1Any 20022 n1All 522 n2Any 6277 n2All 131
Summary for layer 6 h1GeV 520 h2GeV 118 refLos 5220 refUps 5219 refMDs 1853 outLos 5092 outUps 5096 outMDs 1703 outSDs 8845 n1Any 5237 n1All 420 n2Any 1767 n2All 118
Summary for layer 7 h1GeV 426 h2GeV 93 refLos 3629 refUps 3626 refMDs 1271 outLos 3503 outUps 3503 outMDs 1174 outSDs 4297 n1Any 2757 n1All 357 n2Any 940 n2All 93
Summary for layer 8 h1GeV 333 h2GeV 76 refLos 2309 refUps 2306 refMDs 841 outLos 2158 outUps 2158 outMDs 791 outSDs 1552 n1Any 1056 n1All 286 n2Any 377 n2All 76
Summary for layer 9 h1GeV 287 h2GeV 69 refLos 1337 refUps 1334 refMDs 551 outLos 1213 outUps 1210 outMDs 528 outSDs 721 n1Any 529 n1All 234 n2Any 201 n2All 69
Summary for layer 10 h1GeV 230 h2GeV 61 refLos 809 refUps 812 refMDs 400 outLos 719 outUps 721 outMDs 386 outSDs 445 n1Any 312 n1All 181 n2Any 122 n2All 61
		sdl5-7 5130 sdl7-9 1104
Load hits 
Convert seeds to SuperDoublets
Loaded nSeeds (pt>1 and |eta|<1.6) 346
Combine MDs 
Link SuperDoublet pairs to SDLinks
SD links stat 0-5 nAll 17569534 nDZ 5744280 nDZPnt 155940 nAlp 13881 nInAlpC 9968 nOutAlpC 5616 ndBeta 1252 final 1252
SD links stat 0-7 nAll 1674986 nDZ 646891 nDZPnt 56243 nAlp 12975 nInAlpC 10822 nOutAlpC 8144 ndBeta 550 final 550
SD links stat 5-7 nAll 245821139 nDZ 59671488 nDZPnt 5087614 nAlp 1163838 nInAlpC 861905 nOutAlpC 603052 ndBeta 8516 final 8516
SD links stat 7-9 nAll 3427428 nDZ 710090 nDZPnt 710090 nAlp 161069 nInAlpC 113850 nOutAlpC 85047 ndBeta 1004 final 1004
Print stats
Summary for layer 5 h1GeV 626 h2GeV 137 refLos 7780 refUps 7808 refMDs 4440 outLos 7956 outUps 7967 outMDs 3918 outSDs 50779 n1Any 23862 n1All 538 n2Any 8303 n2All 136
Summary for layer 6 h1GeV 509 h2GeV 117 refLos 5412 refUps 5420 refMDs 1989 outLos 5312 outUps 5307 outMDs 1801 outSDs 10663 n1Any 6216 n1All 425 n2Any 2500 n2All 117
Summary for layer 7 h1GeV 429 h2GeV 106 refLos 3785 refUps 3795 refMDs 1303 outLos 3651 outUps 3654 outMDs 1249 outSDs 4841 n1Any 3064 n1All 362 n2Any 1265 n2All 106
Summary for layer 8 h1GeV 356 h2GeV 96 refLos 2399 refUps 2397 refMDs 834 outLos 2245 outUps 2246 outMDs 842 outSDs 1728 n1Any 1200 n1All 304 n2Any 542 n2All 96
Summary for layer 9 h1GeV 271 h2GeV 77 refLos 1394 refUps 1392 refMDs 541 outLos 1246 outUps 1250 outMDs 539 outSDs 708 n1Any 519 n1All 231 n2Any 185 n2All 77
Summary for layer 10 h1GeV 224 h2GeV 64 refLos 853 refUps 854 refMDs 409 outLos 786 outUps 786 outMDs 388 outSDs 465 n1Any 325 n1All 188 n2Any 133 n2All 64
		sdl5-7 8516 sdl7-9 1004
Load hits 
Convert seeds to SuperDoublets
Loaded nSeeds (pt>1 and |eta|<1.6) 333
Combine MDs 
Link SuperDoublet pairs to SDLinks
SD links stat 0-5 nAll 15211773 nDZ 4870922 nDZPnt 125382 nAlp 10338 nInAlpC 8388 nOutAlpC 4914 ndBeta 1236 final 1236
SD links stat 0-7 nAll 1542456 nDZ 593156 nDZPnt 48638 nAlp 10199 nInAlpC 8867 nOutAlpC 6888 ndBeta 444 final 444
SD links stat 5-7 nAll 211594392 nDZ 50087705 nDZPnt 4145116 nAlp 748867 nInAlpC 561386 nOutAlpC 406780 ndBeta 4784 final 4784
SD links stat 7-9 nAll 3418416 nDZ 689580 nDZPnt 689580 nAlp 139437 nInAlpC 99312 nOutAlpC 73092 ndBeta 868 final 868
Print stats
Summary for layer 5 h1GeV 708 h2GeV 126 refLos 7688 refUps 7710 refMDs 4326 outLos 7870 outUps 7873 outMDs 3847 outSDs 45681 n1Any 22329 n1All 585 n2Any 5381 n2All 125
Summary for layer 6 h1GeV 588 h2GeV 108 refLos 5302 refUps 5310 refMDs 1960 outLos 5202 outUps 5206 outMDs 1752 outSDs 9876 n1Any 6077 n1All 481 n2Any 1699 n2All 108
Summary for layer 7 h1GeV 494 h2GeV 93 refLos 3765 refUps 3768 refMDs 1336 outLos 3597 outUps 3599 outMDs 1263 outSDs 4632 n1Any 2968 n1All 407 n2Any 817 n2All 93
Summary for layer 8 h1GeV 391 h2GeV 74 refLos 2369 refUps 2369 refMDs 898 outLos 2250 outUps 2251 outMDs 873 outSDs 1626 n1Any 1129 n1All 330 n2Any 304 n2All 74
Summary for layer 9 h1GeV 309 h2GeV 57 refLos 1427 refUps 1425 refMDs 579 outLos 1312 outUps 1314 outMDs 567 outSDs 738 n1Any 494 n1All 246 n2Any 120 n2All 57
Summary for layer 10 h1GeV 257 h2GeV 52 refLos 889 refUps 885 refMDs 450 outLos 819 outUps 818 outMDs 452 outSDs 510 n1Any 343 n1All 195 n2Any 95 n2All 52
		sdl5-7 4784 sdl7-9 868
Load hits 
Convert seeds to SuperDoublets
Loaded nSeeds (pt>1 and |eta|<1.6) 276
Combine MDs 
Link SuperDoublet pairs to SDLinks
SD links stat 0-5 nAll 9155472 nDZ 2976648 nDZPnt 75435 nAlp 7177 nInAlpC 5570 nOutAlpC 3238 ndBeta 861 final 861
SD links stat 0-7 nAll 1076676 nDZ 436982 nDZPnt 34722 nAlp 7688 nInAlpC 6470 nOutAlpC 5160 ndBeta 386 final 386
SD links stat 5-7 nAll 129403972 nDZ 31314535 nDZPnt 2404420 nAlp 459907 nInAlpC 339487 nOutAlpC 243738 ndBeta 3693 final 3693
SD links stat 7-9 nAll 2578561 nDZ 593055 nDZPnt 593055 nAlp 121110 nInAlpC 87136 nOutAlpC 64919 ndBeta 874 final 874
Print stats
Summary for layer 5 h1GeV 551 h2GeV 123 refLos 6997 refUps 7010 refMDs 3699 outLos 7158 outUps 7167 outMDs 3245 outSDs 33172 n1Any 15449 n1All 452 n2Any 5059 n2All 122
Summary for layer 6 h1GeV 453 h2GeV 102 refLos 4874 refUps 4874 refMDs 1659 outLos 4793 outUps 4789 outMDs 1519 outSDs 7105 n1Any 4231 n1All 371 n2Any 1283 n2All 102
Summary for layer 7 h1GeV 377 h2GeV 90 refLos 3483 refUps 3486 refMDs 1212 outLos 3345 outUps 3352 outMDs 1108 outSDs 3901 n1Any 2316 n1All 314 n2Any 910 n2All 90
Summary for layer 8 h1GeV 303 h2GeV 73 refLos 2214 refUps 2212 refMDs 782 outLos 2099 outUps 2100 outMDs 727 outSDs 1374 n1Any 883 n1All 256 n2Any 273 n2All 73
Summary for layer 9 h1GeV 262 h2GeV 64 refLos 1303 refUps 1302 refMDs 517 outLos 1196 outUps 1193 outMDs 514 outSDs 661 n1Any 445 n1All 218 n2Any 166 n2All 64
Summary for layer 10 h1GeV 219 h2GeV 56 refLos 798 refUps 800 refMDs 389 outLos 717 outUps 720 outMDs 375 outSDs 378 n1Any 274 n1All 175 n2Any 90 n2All 56
		sdl5-7 3693 sdl7-9 874
Load hits 
Convert seeds to SuperDoublets
Loaded nSeeds (pt>1 and |eta|<1.6) 519
Combine MDs 
Link SuperDoublet pairs to SDLinks
SD links stat 0-5 nAll 64200300 nDZ 21150617 nDZPnt 522170 nAlp 36429 nInAlpC 26254 nOutAlpC 16301 ndBeta 2800 final 2800
SD links stat 0-7 nAll 4989666 nDZ 1982354 nDZPnt 155215 nAlp 31858 nInAlpC 27324 nOutAlpC 21153 ndBeta 1045 final 1045
SD links stat 5-7 nAll 1189251800 nDZ 291491361 nDZPnt 22920038 nAlp 4068326 nInAlpC 3060346 nOutAlpC 2279399 ndBeta 22797 final 22797
SD links stat 7-9 nAll 13699950 nDZ 3090460 nDZPnt 3090460 nAlp 626006 nInAlpC 451047 nOutAlpC 336531 ndBeta 2755 final 2755
Print stats
Summary for layer 5 h1GeV 949 h2GeV 191 refLos 10177 refUps 10215 refMDs 7021 outLos 10399 outUps 10418 outMDs 6102 outSDs 123700 n1Any 58454 n1All 777 n2Any 16243 n2All 188
Summary for layer 6 h1GeV 796 h2GeV 165 refLos 7160 refUps 7178 refMDs 3001 outLos 7063 outUps 7067 outMDs 2739 outSDs 22276 n1Any 13766 n1All 636 n2Any 4437 n2All 165
Summary for layer 7 h1GeV 686 h2GeV 151 refLos 5060 refUps 5060 refMDs 2019 outLos 4892 outUps 4893 outMDs 1828 outSDs 9614 n1Any 6262 n1All 565 n2Any 2233 n2All 151
Summary for layer 8 h1GeV 565 h2GeV 119 refLos 3329 refUps 3325 refMDs 1349 outLos 3154 outUps 3162 outMDs 1300 outSDs 3350 n1Any 2361 n1All 469 n2Any 761 n2All 119
Summary for layer 9 h1GeV 452 h2GeV 108 refLos 1944 refUps 1938 refMDs 898 outLos 1801 outUps 1799 outMDs 839 outSDs 1425 n1Any 1083 n1All 378 n2Any 375 n2All 108
Summary for layer 10 h1GeV 376 h2GeV 89 refLos 1245 refUps 1243 refMDs 651 outLos 1096 outUps 1095 outMDs 615 outSDs 882 n1Any 660 n1All 315 n2Any 209 n2All 89
		sdl5-7 22797 sdl7-9 2755
Load hits 
Convert seeds to SuperDoublets
Loaded nSeeds (pt>1 and |eta|<1.6) 417
Combine MDs 
Link SuperDoublet pairs to SDLinks
SD links stat 0-5 nAll 28544067 nDZ 9838633 nDZPnt 258027 nAlp 18633 nInAlpC 13751 nOutAlpC 8299 ndBeta 1725 final 1725
SD links stat 0-7 nAll 2728431 nDZ 1095055 nDZPnt 89741 nAlp 18806 nInAlpC 15864 nOutAlpC 12152 ndBeta 678 final 678
SD links stat 5-7 nAll 447874893 nDZ 117599231 nDZPnt 9556378 nAlp 1711016 nInAlpC 1294117 nOutAlpC 939241 ndBeta 11055 final 11055
SD links stat 7-9 nAll 7517907 nDZ 1672080 nDZPnt 1672080 nAlp 339977 nInAlpC 247050 nOutAlpC 183290 ndBeta 1863 final 1863
Print stats
Summary for layer 5 h1GeV 809 h2GeV 171 refLos 8397 refUps 8413 refMDs 5180 outLos 8620 outUps 8625 outMDs 4543 outSDs 68451 n1Any 35665 n1All 681 n2Any 9936 n2All 171
Summary for layer 6 h1GeV 697 h2GeV 152 refLos 5854 refUps 5854 refMDs 2312 outLos 5779 outUps 5777 outMDs 2157 outSDs 14114 n1Any 9096 n1All 588 n2Any 2991 n2All 152
Summary for layer 7 h1GeV 588 h2GeV 128 refLos 4149 refUps 4151 refMDs 1620 outLos 3973 outUps 3978 outMDs 1470 outSDs 6543 n1Any 4529 n1All 498 n2Any 1569 n2All 128
Summary for layer 8 h1GeV 487 h2GeV 99 refLos 2702 refUps 2701 refMDs 1078 outLos 2573 outUps 2574 outMDs 997 outSDs 2330 n1Any 1752 n1All 413 n2Any 559 n2All 99
Summary for layer 9 h1GeV 406 h2GeV 82 refLos 1741 refUps 1743 refMDs 763 outLos 1578 outUps 1579 outMDs 727 outSDs 1149 n1Any 854 n1All 334 n2Any 241 n2All 82
Summary for layer 10 h1GeV 337 h2GeV 62 refLos 1051 refUps 1050 refMDs 551 outLos 947 outUps 945 outMDs 531 outSDs 637 n1Any 460 n1All 271 n2Any 121 n2All 62
		sdl5-7 11055 sdl7-9 1863
Load hits 
Convert seeds to SuperDoublets
Loaded nSeeds (pt>1 and |eta|<1.6) 341
Combine MDs 
Link SuperDoublet pairs to SDLinks
SD links stat 0-5 nAll 14383039 nDZ 4884350 nDZPnt 126401 nAlp 11601 nInAlpC 9758 nOutAlpC 5650 ndBeta 1370 final 1370
SD links stat 0-7 nAll 1499718 nDZ 591797 nDZPnt 50249 nAlp 10934 nInAlpC 9493 nOutAlpC 7297 ndBeta 507 final 507
SD links stat 5-7 nAll 185503242 nDZ 46282464 nDZPnt 3747312 nAlp 707492 nInAlpC 537088 nOutAlpC 384255 ndBeta 5567 final 5567
SD links stat 7-9 nAll 3689922 nDZ 770787 nDZPnt 770787 nAlp 183352 nInAlpC 130817 nOutAlpC 97806 ndBeta 1088 final 1088
Print stats
Summary for layer 5 h1GeV 684 h2GeV 135 refLos 7131 refUps 7157 refMDs 3940 outLos 7344 outUps 7349 outMDs 3606 outSDs 42179 n1Any 22391 n1All 556 n2Any 7029 n2All 134
Summary for layer 6 h1GeV 583 h2GeV 119 refLos 5030 refUps 5026 refMDs 1928 outLos 4965 outUps 4964 outMDs 1752 outSDs 9948 n1Any 6322 n1All 478 n2Any 2131 n2All 119
Summary for layer 7 h1GeV 485 h2GeV 105 refLos 3610 refUps 3607 refMDs 1280 outLos 3502 outUps 3504 outMDs 1217 outSDs 4398 n1Any 2993 n1All 408 n2Any 1135 n2All 105
Summary for layer 8 h1GeV 393 h2GeV 87 refLos 2345 refUps 2348 refMDs 920 outLos 2208 outUps 2208 outMDs 813 outSDs 1650 n1Any 1211 n1All 333 n2Any 450 n2All 87
Summary for layer 9 h1GeV 318 h2GeV 76 refLos 1411 refUps 1411 refMDs 589 outLos 1282 outUps 1278 outMDs 570 outSDs 839 n1Any 611 n1All 254 n2Any 259 n2All 76
Summary for layer 10 h1GeV 263 h2GeV 68 refLos 874 refUps 875 refMDs 426 outLos 786 outUps 783 outMDs 434 outSDs 509 n1Any 362 n1All 215 n2Any 131 n2All 68
		sdl5-7 5567 sdl7-9 1088
Load hits 
Convert seeds to SuperDoublets
Loaded nSeeds (pt>1 and |eta|<1.6) 464
Combine MDs 
Link SuperDoublet pairs to SDLinks
SD links stat 0-5 nAll 42564112 nDZ 14930694 nDZPnt 376046 nAlp 26773 nInAlpC 19784 nOutAlpC 12204 ndBeta 2450 final 2450
SD links stat 0-7 nAll 3886928 nDZ 1687360 nDZPnt 130937 nAlp 28077 nInAlpC 24559 nOutAlpC 18982 ndBeta 1069 final 1069
SD links stat 5-7 nAll 768447341 nDZ 202151768 nDZPnt 15628557 nAlp 2921963 nInAlpC 2190097 nOutAlpC 1572953 ndBeta 18155 final 18155
SD links stat 7-9 nAll 13042989 nDZ 3161977 nDZPnt 3161977 nAlp 690967 nInAlpC 485833 nOutAlpC 363117 ndBeta 3356 final 3356
Print stats
Summary for layer 5 h1GeV 910 h2GeV 186 refLos 9293 refUps 9306 refMDs 6108 outLos 9491 outUps 9499 outMDs 5141 outSDs 91733 n1Any 47880 n1All 777 n2Any 13820 n2All 185
Summary for layer 6 h1GeV 740 h2GeV 153 refLos 6512 refUps 6503 refMDs 2657 outLos 6364 outUps 6359 outMDs 2406 outSDs 18214 n1Any 11676 n1All 622 n2Any 3488 n2All 152
Summary for layer 7 h1GeV 635 h2GeV 129 refLos 4608 refUps 4605 refMDs 1766 outLos 4450 outUps 4447 outMDs 1669 outSDs 8377 n1Any 5577 n1All 539 n2Any 1982 n2All 128
Summary for layer 8 h1GeV 548 h2GeV 117 refLos 3059 refUps 3058 refMDs 1273 outLos 2905 outUps 2902 outMDs 1153 outSDs 2984 n1Any 2181 n1All 474 n2Any 752 n2All 117
Summary for layer 9 h1GeV 476 h2GeV 108 refLos 1902 refUps 1902 refMDs 885 outLos 1753 outUps 1753 outMDs 853 outSDs 1557 n1Any 1173 n1All 406 n2Any 396 n2All 108
Summary for layer 10 h1GeV 387 h2GeV 86 refLos 1179 refUps 1171 refMDs 621 outLos 1076 outUps 1072 outMDs 606 outSDs 822 n1Any 635 n1All 327 n2Any 185 n2All 86
		sdl5-7 18155 sdl7-9 3356
Load hits 
Convert seeds to SuperDoublets
Loaded nSeeds (pt>1 and |eta|<1.6) 322
Combine MDs 
Link SuperDoublet pairs to SDLinks
SD links stat 0-5 nAll 13893656 nDZ 4605401 nDZPnt 115591 nAlp 9876 nInAlpC 8073 nOutAlpC 4635 ndBeta 1123 final 1123
SD links stat 0-7 nAll 1566208 nDZ 642064 nDZPnt 51604 nAlp 10681 nInAlpC 9318 nOutAlpC 7124 ndBeta 535 final 535
SD links stat 5-7 nAll 209871872 nDZ 51511834 nDZPnt 4013354 nAlp 727778 nInAlpC 553273 nOutAlpC 400789 ndBeta 5698 final 5698
SD links stat 7-9 nAll 4294912 nDZ 978791 nDZPnt 978791 nAlp 193292 nInAlpC 137402 nOutAlpC 101088 ndBeta 1381 final 1381
Print stats
Summary for layer 5 h1GeV 664 h2GeV 155 refLos 7421 refUps 7442 refMDs 4127 outLos 7621 outUps 7620 outMDs 3751 outSDs 43148 n1Any 20813 n1All 578 n2Any 6627 n2All 154
Summary for layer 6 h1GeV 556 h2GeV 122 refLos 5171 refUps 5177 refMDs 1954 outLos 5094 outUps 5092 outMDs 1829 outSDs 10273 n1Any 6211 n1All 474 n2Any 2099 n2All 122
Summary for layer 7 h1GeV 471 h2GeV 102 refLos 3640 refUps 3639 refMDs 1326 outLos 3521 outUps 3522 outMDs 1213 outSDs 4864 n1Any 3163 n1All 409 n2Any 1118 n2All 102
Summary for layer 8 h1GeV 368 h2GeV 86 refLos 2334 refUps 2331 refMDs 892 outLos 2185 outUps 2189 outMDs 853 outSDs 1656 n1Any 1168 n1All 326 n2Any 386 n2All 86
Summary for layer 9 h1GeV 309 h2GeV 73 refLos 1385 refUps 1387 refMDs 616 outLos 1255 outUps 1256 outMDs 598 outSDs 883 n1Any 609 n1All 262 n2Any 206 n2All 73
Summary for layer 10 h1GeV 253 h2GeV 64 refLos 851 refUps 849 refMDs 419 outLos 762 outUps 761 outMDs 433 outSDs 458 n1Any 355 n1All 213 n2Any 116 n2All 64
		sdl5-7 5698 sdl7-9 1381
Load hits 
Convert seeds to SuperDoublets
Loaded nSeeds (pt>1 and |eta|<1.6) 405
Combine MDs 
Link SuperDoublet pairs to SDLinks
SD links stat 0-5 nAll 31127085 nDZ 10326115 nDZPnt 263664 nAlp 19638 nInAlpC 16244 nOutAlpC 9530 ndBeta 1961 final 1961
SD links stat 0-7 nAll 2675430 nDZ 1080845 nDZPnt 85296 nAlp 17308 nInAlpC 14852 nOutAlpC 11479 ndBeta 689 final 689
SD links stat 5-7 nAll 507717342 nDZ 123555850 nDZPnt 10054196 nAlp 1845345 nInAlpC 1392977 nOutAlpC 1020800 ndBeta 11880 final 11880
SD links stat 7-9 nAll 7332660 nDZ 1669997 nDZPnt 1669997 nAlp 371767 nInAlpC 272631 nOutAlpC 212694 ndBeta 1782 final 1782
Print stats
Summary for layer 5 h1GeV 751 h2GeV 177 refLos 8894 refUps 8916 refMDs 5553 outLos 9102 outUps 9112 outMDs 4927 outSDs 76857 n1Any 35743 n1All 642 n2Any 11790 n2All 175
Summary for layer 6 h1GeV 635 h2GeV 159 refLos 6204 refUps 6202 refMDs 2283 outLos 6135 outUps 6138 outMDs 2236 outSDs 14287 n1Any 8558 n1All 531 n2Any 3435 n2All 158
Summary for layer 7 h1GeV 536 h2GeV 145 refLos 4323 refUps 4321 refMDs 1581 outLos 4197 outUps 4197 outMDs 1456 outSDs 6606 n1Any 4259 n1All 462 n2Any 1917 n2All 145
Summary for layer 8 h1GeV 428 h2GeV 122 refLos 2810 refUps 2808 refMDs 1042 outLos 2642 outUps 2638 outMDs 1007 outSDs 2195 n1Any 1493 n1All 369 n2Any 664 n2All 122
Summary for layer 9 h1GeV 356 h2GeV 108 refLos 1655 refUps 1655 refMDs 720 outLos 1495 outUps 1496 outMDs 686 outSDs 1110 n1Any 806 n1All 305 n2Any 381 n2All 108
Summary for layer 10 h1GeV 309 h2GeV 96 refLos 1023 refUps 1022 refMDs 502 outLos 927 outUps 927 outMDs 508 outSDs 632 n1Any 483 n1All 266 n2Any 210 n2All 96
		sdl5-7 11880 sdl7-9 1782
Load hits 
Convert seeds to SuperDoublets
Loaded nSeeds (pt>1 and |eta|<1.6) 357
Combine MDs 
Link SuperDoublet pairs to SDLinks
SD links stat 0-5 nAll 18080265 nDZ 6321115 nDZPnt 158723 nAlp 14079 nInAlpC 11228 nOutAlpC 6713 ndBeta 1576 final 1576
SD links stat 0-7 nAll 1932798 nDZ 798203 nDZPnt 65750 nAlp 14349 nInAlpC 12589 nOutAlpC 9728 ndBeta 648 final 648
SD links stat 5-7 nAll 274192030 nDZ 72183193 nDZPnt 5735905 nAlp 1147088 nInAlpC 849214 nOutAlpC 580992 ndBeta 10105 final 10105
SD links stat 7-9 nAll 5441070 nDZ 1251251 nDZPnt 1251251 nAlp 272037 nInAlpC 188922 nOutAlpC 139691 ndBeta 1701 final 1701
Print stats
Summary for layer 5 h1GeV 687 h2GeV 138 refLos 7630 refUps 7661 refMDs 4317 outLos 7834 outUps 7840 outMDs 3885 outSDs 50645 n1Any 25900 n1All 569 n2Any 8613 n2All 137
Summary for layer 6 h1GeV 576 h2GeV 115 refLos 5346 refUps 5342 refMDs 1969 outLos 5244 outUps 5245 outMDs 1849 outSDs 10948 n1Any 6955 n1All 475 n2Any 2264 n2All 115
Summary for layer 7 h1GeV 512 h2GeV 107 refLos 3810 refUps 3810 refMDs 1407 outLos 3667 outUps 3671 outMDs 1309 outSDs 5414 n1Any 3538 n1All 432 n2Any 1310 n2All 107
Summary for layer 8 h1GeV 422 h2GeV 92 refLos 2536 refUps 2538 refMDs 963 outLos 2355 outUps 2358 outMDs 926 outSDs 1954 n1Any 1394 n1All 361 n2Any 499 n2All 92
Summary for layer 9 h1GeV 366 h2GeV 82 refLos 1501 refUps 1502 refMDs 673 outLos 1371 outUps 1371 outMDs 639 outSDs 1005 n1Any 752 n1All 312 n2Any 272 n2All 82
Summary for layer 10 h1GeV 295 h2GeV 78 refLos 939 refUps 934 refMDs 485 outLos 839 outUps 841 outMDs 478 outSDs 555 n1Any 406 n1All 240 n2Any 159 n2All 78
		sdl5-7 10105 sdl7-9 1701
Load hits 
Convert seeds to SuperDoublets
Loaded nSeeds (pt>1 and |eta|<1.6) 304
Combine MDs 
Link SuperDoublet pairs to SDLinks
SD links stat 0-5 nAll 10656416 nDZ 3322147 nDZPnt 84977 nAlp 7762 nInAlpC 6603 nOutAlpC 3891 ndBeta 1006 final 1006
SD links stat 0-7 nAll 1077984 nDZ 420660 nDZPnt 33170 nAlp 7141 nInAlpC 6165 nOutAlpC 4806 ndBeta 371 final 371
SD links stat 5-7 nAll 124301484 nDZ 28709593 nDZPnt 2264102 nAlp 416308 nInAlpC 319423 nOutAlpC 232755 ndBeta 3252 final 3252
SD links stat 7-9 nAll 2464470 nDZ 558294 nDZPnt 558294 nAlp 117603 nInAlpC 84930 nOutAlpC 63471 ndBeta 771 final 771
Print stats
Summary for layer 5 h1GeV 589 h2GeV 118 refLos 7269 refUps 7295 refMDs 3819 outLos 7413 outUps 7421 outMDs 3375 outSDs 35054 n1Any 16110 n1All 475 n2Any 4736 n2All 118
Summary for layer 6 h1GeV 483 h2GeV 99 refLos 5006 refUps 4999 refMDs 1670 outLos 4872 outUps 4874 outMDs 1575 outSDs 7444 n1Any 4301 n1All 395 n2Any 1359 n2All 99
Summary for layer 7 h1GeV 405 h2GeV 82 refLos 3454 refUps 3451 refMDs 1161 outLos 3336 outUps 3337 outMDs 1077 outSDs 3546 n1Any 2175 n1All 329 n2Any 684 n2All 82
Summary for layer 8 h1GeV 324 h2GeV 74 refLos 2298 refUps 2296 refMDs 834 outLos 2164 outUps 2160 outMDs 807 outSDs 1479 n1Any 901 n1All 268 n2Any 287 n2All 74
Summary for layer 9 h1GeV 264 h2GeV 63 refLos 1336 refUps 1333 refMDs 546 outLos 1216 outUps 1214 outMDs 519 outSDs 695 n1Any 457 n1All 214 n2Any 158 n2All 63
Summary for layer 10 h1GeV 219 h2GeV 49 refLos 810 refUps 809 refMDs 404 outLos 729 outUps 729 outMDs 389 outSDs 440 n1Any 297 n1All 173 n2Any 92 n2All 49
		sdl5-7 3252 sdl7-9 771
Load hits 
Convert seeds to SuperDoublets
Loaded nSeeds (pt>1 and |eta|<1.6) 257
Combine MDs 
Link SuperDoublet pairs to SDLinks
SD links stat 0-5 nAll 8059006 nDZ 2744282 nDZPnt 71483 nAlp 6580 nInAlpC 5335 nOutAlpC 3244 ndBeta 892 final 892
SD links stat 0-7 nAll 743758 nDZ 326417 nDZPnt 25477 nAlp 5778 nInAlpC 5082 nOutAlpC 3871 ndBeta 332 final 332
SD links stat 5-7 nAll 90750052 nDZ 22932472 nDZPnt 1723303 nAlp 328856 nInAlpC 246033 nOutAlpC 175372 ndBeta 3167 final 3167
SD links stat 7-9 nAll 2017118 nDZ 522075 nDZPnt 522075 nAlp 123385 nInAlpC 87643 nOutAlpC 65807 ndBeta 938 final 938
Print stats
Summary for layer 5 h1GeV 505 h2GeV 105 refLos 6701 refUps 6728 refMDs 3454 outLos 6867 outUps 6871 outMDs 3039 outSDs 31358 n1Any 13965 n1All 414 n2Any 4169 n2All 104
Summary for layer 6 h1GeV 415 h2GeV 84 refLos 4662 refUps 4668 refMDs 1563 outLos 4595 outUps 4594 outMDs 1462 outSDs 6318 n1Any 3825 n1All 338 n2Any 1236 n2All 83
Summary for layer 7 h1GeV 351 h2GeV 73 refLos 3191 refUps 3190 refMDs 965 outLos 3082 outUps 3082 outMDs 936 outSDs 2894 n1Any 1951 n1All 293 n2Any 637 n2All 73
Summary for layer 8 h1GeV 299 h2GeV 67 refLos 2103 refUps 2099 refMDs 722 outLos 1966 outUps 1964 outMDs 705 outSDs 1249 n1Any 818 n1All 252 n2Any 289 n2All 67
Summary for layer 9 h1GeV 254 h2GeV 59 refLos 1248 refUps 1247 refMDs 517 outLos 1154 outUps 1154 outMDs 489 outSDs 697 n1Any 487 n1All 214 n2Any 182 n2All 59
Summary for layer 10 h1GeV 219 h2GeV 51 refLos 774 refUps 775 refMDs 350 outLos 694 outUps 694 outMDs 355 outSDs 400 n1Any 308 n1All 181 n2Any 93 n2All 51
		sdl5-7 3167 sdl7-9 938
Load hits 
Convert seeds to SuperDoublets
Loaded nSeeds (pt>1 and |eta|<1.6) 276
Combine MDs 
Link SuperDoublet pairs to SDLinks
SD links stat 0-5 nAll 7077744 nDZ 2457396 nDZPnt 61772 nAlp 5647 nInAlpC 4875 nOutAlpC 2907 ndBeta 713 final 713
SD links stat 0-7 nAll 987252 nDZ 422076 nDZPnt 33724 nAlp 7403 nInAlpC 6521 nOutAlpC 4969 ndBeta 397 final 397
SD links stat 5-7 nAll 91728588 nDZ 23685657 nDZPnt 1806703 nAlp 324442 nInAlpC 244427 nOutAlpC 177566 ndBeta 2820 final 2820
SD links stat 7-9 nAll 2754290 nDZ 671293 nDZPnt 671293 nAlp 143017 nInAlpC 103070 nOutAlpC 76749 ndBeta 1017 final 1017
Print stats
Summary for layer 5 h1GeV 544 h2GeV 139 refLos 6270 refUps 6291 refMDs 3212 outLos 6427 outUps 6436 outMDs 2887 outSDs 25644 n1Any 12583 n1All 472 n2Any 4535 n2All 139
Summary for layer 6 h1GeV 452 h2GeV 118 refLos 4514 refUps 4518 refMDs 1516 outLos 4453 outUps 4456 outMDs 1452 outSDs 6321 n1Any 3952 n1All 383 n2Any 1445 n2All 118
Summary for layer 7 h1GeV 401 h2GeV 119 refLos 3199 refUps 3203 refMDs 1138 outLos 3106 outUps 3107 outMDs 1032 outSDs 3577 n1Any 2394 n1All 352 n2Any 1147 n2All 119
Summary for layer 8 h1GeV 341 h2GeV 102 refLos 2059 refUps 2062 refMDs 807 outLos 1938 outUps 1939 outMDs 765 outSDs 1565 n1Any 1135 n1All 304 n2Any 570 n2All 102
Summary for layer 9 h1GeV 285 h2GeV 90 refLos 1296 refUps 1296 refMDs 544 outLos 1202 outUps 1201 outMDs 551 outSDs 770 n1Any 589 n1All 251 n2Any 256 n2All 90
Summary for layer 10 h1GeV 249 h2GeV 84 refLos 848 refUps 848 refMDs 441 outLos 762 outUps 760 outMDs 446 outSDs 553 n1Any 417 n1All 215 n2Any 208 n2All 84
		sdl5-7 2820 sdl7-9 1017
Load hits 
Convert seeds to SuperDoublets
Loaded nSeeds (pt>1 and |eta|<1.6) 331
Combine MDs 
Link SuperDoublet pairs to SDLinks
SD links stat 0-5 nAll 11072612 nDZ 3547273 nDZPnt 93511 nAlp 8528 nInAlpC 6878 nOutAlpC 4022 ndBeta 1136 final 1136
SD links stat 0-7 nAll 1173395 nDZ 472557 nDZPnt 37767 nAlp 8620 nInAlpC 7586 nOutAlpC 5860 ndBeta 446 final 446
SD links stat 5-7 nAll 118587340 nDZ 27920657 nDZPnt 2218498 nAlp 421933 nInAlpC 324347 nOutAlpC 237581 ndBeta 3479 final 3479
SD links stat 7-9 nAll 2857270 nDZ 644223 nDZPnt 644223 nAlp 148676 nInAlpC 109566 nOutAlpC 81528 ndBeta 989 final 989
Print stats
Summary for layer 5 h1GeV 576 h2GeV 130 refLos 6981 refUps 7008 refMDs 3776 outLos 7132 outUps 7133 outMDs 3307 outSDs 33452 n1Any 16015 n1All 494 n2Any 4956 n2All 130
Summary for layer 6 h1GeV 488 h2GeV 121 refLos 4790 refUps 4784 refMDs 1642 outLos 4722 outUps 4720 outMDs 1568 outSDs 7364 n1Any 4461 n1All 414 n2Any 1695 n2All 121
Summary for layer 7 h1GeV 424 h2GeV 107 refLos 3385 refUps 3386 refMDs 1121 outLos 3262 outUps 3262 outMDs 1052 outSDs 3545 n1Any 2452 n1All 368 n2Any 991 n2All 107
Summary for layer 8 h1GeV 342 h2GeV 92 refLos 2198 refUps 2194 refMDs 784 outLos 2092 outUps 2089 outMDs 762 outSDs 1454 n1Any 1045 n1All 305 n2Any 430 n2All 92
Summary for layer 9 h1GeV 288 h2GeV 85 refLos 1354 refUps 1350 refMDs 577 outLos 1250 outUps 1248 outMDs 552 outSDs 806 n1Any 585 n1All 249 n2Any 247 n2All 85
Summary for layer 10 h1GeV 243 h2GeV 71 refLos 872 refUps 870 refMDs 409 outLos 785 outUps 783 outMDs 432 outSDs 490 n1Any 359 n1All 207 n2Any 119 n2All 71
		sdl5-7 3479 sdl7-9 989
Load hits 
Convert seeds to SuperDoublets
Loaded nSeeds (pt>1 and |eta|<1.6) 321
Combine MDs 
Link SuperDoublet pairs to SDLinks
SD links stat 0-5 nAll 13062453 nDZ 4265218 nDZPnt 109970 nAlp 8630 nInAlpC 7387 nOutAlpC 4594 ndBeta 1171 final 1171
SD links stat 0-7 nAll 1281753 nDZ 523170 nDZPnt 42019 nAlp 8508 nInAlpC 7389 nOutAlpC 5757 ndBeta 414 final 414
SD links stat 5-7 nAll 162487149 nDZ 39267436 nDZPnt 3059326 nAlp 545891 nInAlpC 411338 nOutAlpC 302602 ndBeta 3545 final 3545
SD links stat 7-9 nAll 3170442 nDZ 743853 nDZPnt 743853 nAlp 151897 nInAlpC 112318 nOutAlpC 83282 ndBeta 858 final 858
Print stats
Summary for layer 5 h1GeV 656 h2GeV 139 refLos 7320 refUps 7333 refMDs 4032 outLos 7483 outUps 7491 outMDs 3609 outSDs 40693 n1Any 19496 n1All 574 n2Any 5717 n2All 139
Summary for layer 6 h1GeV 540 h2GeV 116 refLos 5215 refUps 5222 refMDs 1849 outLos 5143 outUps 5140 outMDs 1766 outSDs 8877 n1Any 5333 n1All 463 n2Any 1641 n2All 115
Summary for layer 7 h1GeV 431 h2GeV 84 refLos 3649 refUps 3653 refMDs 1280 outLos 3516 outUps 3514 outMDs 1147 outSDs 3993 n1Any 2475 n1All 375 n2Any 739 n2All 84
Summary for layer 8 h1GeV 353 h2GeV 71 refLos 2352 refUps 2358 refMDs 846 outLos 2240 outUps 2241 outMDs 846 outSDs 1473 n1Any 964 n1All 309 n2Any 259 n2All 71
Summary for layer 9 h1GeV 307 h2GeV 62 refLos 1427 refUps 1429 refMDs 589 outLos 1309 outUps 1306 outMDs 588 outSDs 794 n1Any 565 n1All 259 n2Any 131 n2All 62
Summary for layer 10 h1GeV 264 h2GeV 52 refLos 939 refUps 935 refMDs 482 outLos 834 outUps 834 outMDs 470 outSDs 544 n1Any 364 n1All 223 n2Any 96 n2All 52
		sdl5-7 3545 sdl7-9 858
Load hits 
Convert seeds to SuperDoublets
Loaded nSeeds (pt>1 and |eta|<1.6) 276
Combine MDs 
Link SuperDoublet pairs to SDLinks
SD links stat 0-5 nAll 10556448 nDZ 3496395 nDZPnt 88677 nAlp 9324 nInAlpC 7486 nOutAlpC 4642 ndBeta 1061 final 1061
SD links stat 0-7 nAll 1057080 nDZ 459029 nDZPnt 36905 nAlp 7896 nInAlpC 6866 nOutAlpC 5248 ndBeta 428 final 428
SD links stat 5-7 nAll 146489840 nDZ 35700120 nDZPnt 2764118 nAlp 513593 nInAlpC 386891 nOutAlpC 282688 ndBeta 4253 final 4253
SD links stat 7-9 nAll 2749940 nDZ 696139 nDZPnt 696139 nAlp 148234 nInAlpC 104808 nOutAlpC 76599 ndBeta 938 final 938
Print stats
Summary for layer 5 h1GeV 555 h2GeV 126 refLos 7252 refUps 7275 refMDs 3906 outLos 7446 outUps 7439 outMDs 3458 outSDs 38248 n1Any 16947 n1All 458 n2Any 5524 n2All 126
Summary for layer 6 h1GeV 473 h2GeV 111 refLos 5052 refUps 5043 refMDs 1817 outLos 4935 outUps 4938 outMDs 1563 outSDs 7847 n1Any 4679 n1All 379 n2Any 1790 n2All 111
Summary for layer 7 h1GeV 392 h2GeV 95 refLos 3469 refUps 3470 refMDs 1160 outLos 3340 outUps 3345 outMDs 1112 outSDs 3830 n1Any 2466 n1All 325 n2Any 970 n2All 95
Summary for layer 8 h1GeV 327 h2GeV 81 refLos 2216 refUps 2214 refMDs 833 outLos 2104 outUps 2100 outMDs 787 outSDs 1444 n1Any 1002 n1All 268 n2Any 378 n2All 81
Summary for layer 9 h1GeV 276 h2GeV 73 refLos 1318 refUps 1317 refMDs 543 outLos 1204 outUps 1200 outMDs 523 outSDs 718 n1Any 524 n1All 227 n2Any 211 n2All 73
Summary for layer 10 h1GeV 236 h2GeV 65 refLos 847 refUps 847 refMDs 433 outLos 775 outUps 772 outMDs 421 outSDs 517 n1Any 362 n1All 193 n2Any 141 n2All 65
		sdl5-7 4253 sdl7-9 938
Load hits 
Convert seeds to SuperDoublets
Loaded nSeeds (pt>1 and |eta|<1.6) 435
Combine MDs 
Link SuperDoublet pairs to SDLinks
SD links stat 0-5 nAll 33840825 nDZ 11154908 nDZPnt 284876 nAlp 20155 nInAlpC 15633 nOutAlpC 9113 ndBeta 2035 final 2035
SD links stat 0-7 nAll 3145485 nDZ 1240995 nDZPnt 98139 nAlp 19889 nInAlpC 17205 nOutAlpC 13277 ndBeta 740 final 740
SD links stat 5-7 nAll 562535645 nDZ 141351164 nDZPnt 11429400 nAlp 2075528 nInAlpC 1552145 nOutAlpC 1098745 ndBeta 16334 final 16334
SD links stat 7-9 nAll 8445808 nDZ 1922473 nDZPnt 1922473 nAlp 397093 nInAlpC 278428 nOutAlpC 209249 ndBeta 2386 final 2386
Print stats
Summary for layer 5 h1GeV 873 h2GeV 201 refLos 8730 refUps 8743 refMDs 5480 outLos 8918 outUps 8924 outMDs 4788 outSDs 77795 n1Any 40692 n1All 743 n2Any 15597 n2All 199
Summary for layer 6 h1GeV 737 h2GeV 183 refLos 6287 refUps 6291 refMDs 2552 outLos 6196 outUps 6191 outMDs 2310 outSDs 17170 n1Any 11115 n1All 620 n2Any 4538 n2All 183
Summary for layer 7 h1GeV 617 h2GeV 169 refLos 4316 refUps 4323 refMDs 1656 outLos 4167 outUps 4164 outMDs 1511 outSDs 7231 n1Any 5258 n1All 539 n2Any 2316 n2All 169
Summary for layer 8 h1GeV 501 h2GeV 138 refLos 2838 refUps 2845 refMDs 1095 outLos 2696 outUps 2697 outMDs 1069 outSDs 2415 n1Any 1822 n1All 434 n2Any 788 n2All 138
Summary for layer 9 h1GeV 402 h2GeV 111 refLos 1677 refUps 1675 refMDs 760 outLos 1559 outUps 1561 outMDs 733 outSDs 1168 n1Any 893 n1All 344 n2Any 355 n2All 111
Summary for layer 10 h1GeV 326 h2GeV 83 refLos 1070 refUps 1069 refMDs 554 outLos 968 outUps 969 outMDs 546 outSDs 717 n1Any 554 n1All 275 n2Any 184 n2All 83
		sdl5-7 16334 sdl7-9 2386
Load hits 
Convert seeds to SuperDoublets
Loaded nSeeds (pt>1 and |eta|<1.6) 322
Combine MDs 
Link SuperDoublet pairs to SDLinks
SD links stat 0-5 nAll 11630640 nDZ 3765759 nDZPnt 103944 nAlp 9640 nInAlpC 7739 nOutAlpC 4793 ndBeta 1149 final 1149
SD links stat 0-7 nAll 1348214 nDZ 534935 nDZPnt 44504 nAlp 9246 nInAlpC 8114 nOutAlpC 6353 ndBeta 440 final 440
SD links stat 5-7 nAll 151234440 nDZ 35924669 nDZPnt 2879401 nAlp 530589 nInAlpC 394588 nOutAlpC 288247 ndBeta 3719 final 3719
SD links stat 7-9 nAll 3278421 nDZ 706383 nDZPnt 706383 nAlp 148321 nInAlpC 107588 nOutAlpC 78683 ndBeta 982 final 982
Print stats
Summary for layer 5 h1GeV 633 h2GeV 130 refLos 6937 refUps 6960 refMDs 3842 outLos 7084 outUps 7093 outMDs 3288 outSDs 36120 n1Any 19159 n1All 532 n2Any 5646 n2All 130
Summary for layer 6 h1GeV 536 h2GeV 112 refLos 4919 refUps 4917 refMDs 1728 outLos 4858 outUps 4855 outMDs 1602 outSDs 7916 n1Any 5138 n1All 447 n2Any 1654 n2All 112
Summary for layer 7 h1GeV 435 h2GeV 94 refLos 3526 refUps 3523 refMDs 1228 outLos 3415 outUps 3417 outMDs 1171 outSDs 4187 n1Any 2710 n1All 363 n2Any 893 n2All 94
Summary for layer 8 h1GeV 353 h2GeV 75 refLos 2319 refUps 2317 refMDs 857 outLos 2174 outUps 2168 outMDs 805 outSDs 1522 n1Any 996 n1All 299 n2Any 333 n2All 75
Summary for layer 9 h1GeV 300 h2GeV 67 refLos 1390 refUps 1388 refMDs 579 outLos 1246 outUps 1249 outMDs 564 outSDs 783 n1Any 567 n1All 253 n2Any 183 n2All 67
Summary for layer 10 h1GeV 242 h2GeV 56 refLos 846 refUps 845 refMDs 437 outLos 756 outUps 756 outMDs 438 outSDs 524 n1Any 359 n1All 201 n2Any 108 n2All 56
		sdl5-7 3719 sdl7-9 982
Load hits 
Convert seeds to SuperDoublets
Loaded nSeeds (pt>1 and |eta|<1.6) 346
Combine MDs 
Link SuperDoublet pairs to SDLinks
SD links stat 0-5 nAll 15612558 nDZ 5120898 nDZPnt 132656 nAlp 10888 nInAlpC 8681 nOutAlpC 5366 ndBeta 1297 final 1297
SD links stat 0-7 nAll 1591254 nDZ 638771 nDZPnt 52021 nAlp 11203 nInAlpC 9693 nOutAlpC 7539 ndBeta 574 final 574
SD links stat 5-7 nAll 207520677 nDZ 50092177 nDZPnt 4023843 nAlp 714851 nInAlpC 533748 nOutAlpC 389969 ndBeta 5288 final 5288
SD links stat 7-9 nAll 3499839 nDZ 757252 nDZPnt 757252 nAlp 152859 nInAlpC 110636 nOutAlpC 80418 ndBeta 1057 final 1057
Print stats
Summary for layer 5 h1GeV 648 h2GeV 103 refLos 7421 refUps 7449 refMDs 4156 outLos 7596 outUps 7612 outMDs 3760 outSDs 45123 n1Any 21166 n1All 535 n2Any 4840 n2All 101
Summary for layer 6 h1GeV 538 h2GeV 84 refLos 5257 refUps 5273 refMDs 1917 outLos 5179 outUps 5181 outMDs 1763 outSDs 9066 n1Any 5492 n1All 436 n2Any 1369 n2All 84
Summary for layer 7 h1GeV 461 h2GeV 74 refLos 3709 refUps 3710 refMDs 1357 outLos 3585 outUps 3582 outMDs 1222 outSDs 4599 n1Any 2929 n1All 384 n2Any 792 n2All 74
Summary for layer 8 h1GeV 385 h2GeV 62 refLos 2490 refUps 2488 refMDs 921 outLos 2354 outUps 2360 outMDs 897 outSDs 1738 n1Any 1165 n1All 321 n2Any 282 n2All 62
Summary for layer 9 h1GeV 304 h2GeV 54 refLos 1440 refUps 1435 refMDs 602 outLos 1339 outUps 1337 outMDs 589 outSDs 761 n1Any 547 n1All 254 n2Any 130 n2All 54
Summary for layer 10 h1GeV 247 h2GeV 42 refLos 895 refUps 892 refMDs 426 outLos 777 outUps 778 outMDs 424 outSDs 509 n1Any 359 n1All 208 n2Any 78 n2All 42
		sdl5-7 5288 sdl7-9 1057
Load hits 
Convert seeds to SuperDoublets
Loaded nSeeds (pt>1 and |eta|<1.6) 233
Combine MDs 
Link SuperDoublet pairs to SDLinks
SD links stat 0-5 nAll 4861079 nDZ 1488499 nDZPnt 38821 nAlp 4419 nInAlpC 3517 nOutAlpC 2152 ndBeta 641 final 641
SD links stat 0-7 nAll 651235 nDZ 266132 nDZPnt 22509 nAlp 5397 nInAlpC 4615 nOutAlpC 3548 ndBeta 324 final 324
SD links stat 5-7 nAll 58312085 nDZ 12692682 nDZPnt 1044451 nAlp 193956 nInAlpC 144208 nOutAlpC 103265 ndBeta 1840 final 1840
SD links stat 7-9 nAll 1352780 nDZ 286006 nDZPnt 286006 nAlp 63870 nInAlpC 45404 nOutAlpC 34148 ndBeta 482 final 482
Print stats
Summary for layer 5 h1GeV 529 h2GeV 114 refLos 6205 refUps 6217 refMDs 3035 outLos 6340 outUps 6343 outMDs 2699 outSDs 20863 n1Any 10379 n1All 424 n2Any 3259 n2All 114
Summary for layer 6 h1GeV 420 h2GeV 91 refLos 4257 refUps 4254 refMDs 1432 outLos 4196 outUps 4200 outMDs 1308 outSDs 5171 n1Any 3197 n1All 329 n2Any 1070 n2All 91
Summary for layer 7 h1GeV 345 h2GeV 68 refLos 3037 refUps 3039 refMDs 991 outLos 2909 outUps 2909 outMDs 927 outSDs 2795 n1Any 1703 n1All 267 n2Any 534 n2All 68
Summary for layer 8 h1GeV 284 h2GeV 59 refLos 1926 refUps 1927 refMDs 684 outLos 1814 outUps 1818 outMDs 674 outSDs 1010 n1Any 664 n1All 217 n2Any 218 n2All 59
Summary for layer 9 h1GeV 220 h2GeV 47 refLos 1084 refUps 1084 refMDs 457 outLos 986 outUps 985 outMDs 422 outSDs 484 n1Any 320 n1All 165 n2Any 117 n2All 47
Summary for layer 10 h1GeV 183 h2GeV 42 refLos 706 refUps 706 refMDs 314 outLos 632 outUps 633 outMDs 336 outSDs 332 n1Any 219 n1All 138 n2Any 86 n2All 42
		sdl5-7 1840 sdl7-9 482
Load hits 
Convert seeds to SuperDoublets
Loaded nSeeds (pt>1 and |eta|<1.6) 345
Combine MDs 
Link SuperDoublet pairs to SDLinks
SD links stat 0-5 nAll 19981365 nDZ 6431649 nDZPnt 165242 nAlp 13852 nInAlpC 10935 nOutAlpC 6741 ndBeta 1535 final 1535
SD links stat 0-7 nAll 1720860 nDZ 670489 nDZPnt 57198 nAlp 12490 nInAlpC 10833 nOutAlpC 8494 ndBeta 534 final 534
SD links stat 5-7 nAll 288889996 nDZ 68798015 nDZPnt 5622370 nAlp 1012525 nInAlpC 760697 nOutAlpC 555175 ndBeta 6321 final 6321
SD links stat 7-9 nAll 3741000 nDZ 786349 nDZPnt 786349 nAlp 152109 nInAlpC 110401 nOutAlpC 82747 ndBeta 892 final 892
Print stats
Summary for layer 5 h1GeV 666 h2GeV 150 refLos 8216 refUps 8234 refMDs 4926 outLos 8378 outUps 8383 outMDs 4264 outSDs 57917 n1Any 26039 n1All 554 n2Any 8525 n2All 150
Summary for layer 6 h1GeV 542 h2GeV 121 refLos 5665 refUps 5671 refMDs 2081 outLos 5586 outUps 5582 outMDs 1871 outSDs 11019 n1Any 6645 n1All 447 n2Any 2262 n2All 121
Summary for layer 7 h1GeV 448 h2GeV 101 refLos 3986 refUps 3983 refMDs 1404 outLos 3826 outUps 3826 outMDs 1291 outSDs 4988 n1Any 3039 n1All 382 n2Any 1061 n2All 101
Summary for layer 8 h1GeV 360 h2GeV 85 refLos 2563 refUps 2560 refMDs 909 outLos 2435 outUps 2435 outMDs 891 outSDs 1704 n1Any 1147 n1All 306 n2Any 445 n2All 85
Summary for layer 9 h1GeV 284 h2GeV 71 refLos 1444 refUps 1439 refMDs 602 outLos 1311 outUps 1317 outMDs 563 outSDs 750 n1Any 499 n1All 237 n2Any 190 n2All 71
Summary for layer 10 h1GeV 234 h2GeV 59 refLos 857 refUps 856 refMDs 406 outLos 785 outUps 783 outMDs 409 outSDs 438 n1Any 304 n1All 193 n2Any 97 n2All 59
		sdl5-7 6321 sdl7-9 892
Load hits 
Convert seeds to SuperDoublets
Loaded nSeeds (pt>1 and |eta|<1.6) 387
Combine MDs 
Link SuperDoublet pairs to SDLinks
SD links stat 0-5 nAll 19933209 nDZ 6854378 nDZPnt 179205 nAlp 15495 nInAlpC 11266 nOutAlpC 6640 ndBeta 1478 final 1478
SD links stat 0-7 nAll 2330127 nDZ 925631 nDZPnt 78470 nAlp 17638 nInAlpC 14708 nOutAlpC 11585 ndBeta 681 final 681
SD links stat 5-7 nAll 310123647 nDZ 80454568 nDZPnt 6492719 nAlp 1290527 nInAlpC 942471 nOutAlpC 674789 ndBeta 9309 final 9309
SD links stat 7-9 nAll 5298480 nDZ 1119969 nDZPnt 1119969 nAlp 246107 nInAlpC 178532 nOutAlpC 132591 ndBeta 1229 final 1229
Print stats
Summary for layer 5 h1GeV 692 h2GeV 144 refLos 7733 refUps 7750 refMDs 4532 outLos 7909 outUps 7920 outMDs 3862 outSDs 51507 n1Any 25799 n1All 570 n2Any 8379 n2All 142
Summary for layer 6 h1GeV 584 h2GeV 122 refLos 5390 refUps 5392 refMDs 1945 outLos 5314 outUps 5311 outMDs 1811 outSDs 10334 n1Any 6570 n1All 489 n2Any 2181 n2All 122
Summary for layer 7 h1GeV 501 h2GeV 110 refLos 3825 refUps 3822 refMDs 1435 outLos 3710 outUps 3713 outMDs 1343 outSDs 6021 n1Any 3907 n1All 431 n2Any 1440 n2All 110
Summary for layer 8 h1GeV 409 h2GeV 93 refLos 2502 refUps 2505 refMDs 942 outLos 2349 outUps 2349 outMDs 864 outSDs 1693 n1Any 1184 n1All 351 n2Any 381 n2All 93
Summary for layer 9 h1GeV 322 h2GeV 68 refLos 1467 refUps 1463 refMDs 622 outLos 1344 outUps 1339 outMDs 623 outSDs 880 n1Any 627 n1All 273 n2Any 193 n2All 68
Summary for layer 10 h1GeV 250 h2GeV 57 refLos 885 refUps 882 refMDs 449 outLos 805 outUps 805 outMDs 425 outSDs 535 n1Any 384 n1All 205 n2Any 114 n2All 57
		sdl5-7 9309 sdl7-9 1229
Load hits 
Convert seeds to SuperDoublets
Loaded nSeeds (pt>1 and |eta|<1.6) 393
Combine MDs 
Link SuperDoublet pairs to SDLinks
SD links stat 0-5 nAll 26259474 nDZ 8585532 nDZPnt 225418 nAlp 16310 nInAlpC 13236 nOutAlpC 7840 ndBeta 1758 final 1758
SD links stat 0-7 nAll 2410662 nDZ 961998 nDZPnt 80356 nAlp 17220 nInAlpC 15087 nOutAlpC 11601 ndBeta 657 final 657
SD links stat 5-7 nAll 409861612 nDZ 99603787 nDZPnt 8652961 nAlp 1638077 nInAlpC 1231433 nOutAlpC 908404 ndBeta 10241 final 10241
SD links stat 7-9 nAll 5446992 nDZ 1068099 nDZPnt 1068099 nAlp 219484 nInAlpC 160836 nOutAlpC 119834 ndBeta 1158 final 1158
Print stats
Summary for layer 5 h1GeV 768 h2GeV 175 refLos 8648 refUps 8664 refMDs 5291 outLos 8853 outUps 8854 outMDs 4585 outSDs 66818 n1Any 31234 n1All 651 n2Any 10565 n2All 174
Summary for layer 6 h1GeV 641 h2GeV 153 refLos 5891 refUps 5883 refMDs 2270 outLos 5770 outUps 5765 outMDs 2040 outSDs 13437 n1Any 8289 n1All 528 n2Any 3242 n2All 153
Summary for layer 7 h1GeV 529 h2GeV 134 refLos 4076 refUps 4079 refMDs 1502 outLos 3954 outUps 3955 outMDs 1428 outSDs 6134 n1Any 4097 n1All 442 n2Any 1767 n2All 134
Summary for layer 8 h1GeV 443 h2GeV 118 refLos 2653 refUps 2652 refMDs 1045 outLos 2497 outUps 2502 outMDs 995 outSDs 2136 n1Any 1528 n1All 371 n2Any 589 n2All 118
Summary for layer 9 h1GeV 333 h2GeV 73 refLos 1520 refUps 1520 refMDs 674 outLos 1370 outUps 1373 outMDs 629 outSDs 888 n1Any 635 n1All 275 n2Any 186 n2All 73
Summary for layer 10 h1GeV 263 h2GeV 64 refLos 968 refUps 968 refMDs 466 outLos 881 outUps 880 outMDs 457 outSDs 519 n1Any 358 n1All 223 n2Any 96 n2All 64
		sdl5-7 10241 sdl7-9 1158
Load hits 
Convert seeds to SuperDoublets
Loaded nSeeds (pt>1 and |eta|<1.6) 376
Combine MDs 
Link SuperDoublet pairs to SDLinks
SD links stat 0-5 nAll 19301960 nDZ 5931001 nDZPnt 161043 nAlp 13919 nInAlpC 10922 nOutAlpC 6990 ndBeta 1543 final 1543
SD links stat 0-7 nAll 2090936 nDZ 799020 nDZPnt 67664 nAlp 15591 nInAlpC 13564 nOutAlpC 10610 ndBeta 610 final 610
SD links stat 5-7 nAll 285473935 nDZ 64910139 nDZPnt 5243317 nAlp 942242 nInAlpC 707409 nOutAlpC 513168 ndBeta 6550 final 6550
SD links stat 7-9 nAll 5277389 nDZ 1222378 nDZPnt 1222378 nAlp 245183 nInAlpC 177122 nOutAlpC 129617 ndBeta 1206 final 1206
Print stats
Summary for layer 5 h1GeV 695 h2GeV 136 refLos 8025 refUps 8036 refMDs 4631 outLos 8201 outUps 8212 outMDs 4074 outSDs 51335 n1Any 24397 n1All 589 n2Any 6908 n2All 135
Summary for layer 6 h1GeV 581 h2GeV 110 refLos 5657 refUps 5672 refMDs 2077 outLos 5582 outUps 5577 outMDs 1935 outSDs 10883 n1Any 6372 n1All 473 n2Any 1695 n2All 110
Summary for layer 7 h1GeV 479 h2GeV 87 refLos 3990 refUps 3991 refMDs 1465 outLos 3847 outUps 3850 outMDs 1322 outSDs 5561 n1Any 3405 n1All 397 n2Any 947 n2All 87
Summary for layer 8 h1GeV 394 h2GeV 74 refLos 2589 refUps 2589 refMDs 1022 outLos 2444 outUps 2443 outMDs 958 outSDs 1979 n1Any 1325 n1All 325 n2Any 367 n2All 74
Summary for layer 9 h1GeV 317 h2GeV 61 refLos 1537 refUps 1538 refMDs 681 outLos 1410 outUps 1411 outMDs 618 outSDs 949 n1Any 671 n1All 257 n2Any 211 n2All 61
Summary for layer 10 h1GeV 249 h2GeV 45 refLos 919 refUps 920 refMDs 449 outLos 836 outUps 835 outMDs 436 outSDs 508 n1Any 337 n1All 192 n2Any 99 n2All 45
		sdl5-7 6550 sdl7-9 1206
Load hits 
Convert seeds to SuperDoublets
Loaded nSeeds (pt>1 and |eta|<1.6) 307
Combine MDs 
Link SuperDoublet pairs to SDLinks
SD links stat 0-5 nAll 8509426 nDZ 2848684 nDZPnt 73223 nAlp 7339 nInAlpC 5861 nOutAlpC 3482 ndBeta 984 final 984
SD links stat 0-7 nAll 1123927 nDZ 445453 nDZPnt 37075 nAlp 8312 nInAlpC 7280 nOutAlpC 5478 ndBeta 450 final 450
SD links stat 5-7 nAll 101475598 nDZ 24727218 nDZPnt 2038362 nAlp 407561 nInAlpC 307171 nOutAlpC 221423 ndBeta 3737 final 3737
SD links stat 7-9 nAll 2181956 nDZ 443422 nDZPnt 443422 nAlp 103649 nInAlpC 75231 nOutAlpC 57622 ndBeta 708 final 708
Print stats
Summary for layer 5 h1GeV 604 h2GeV 131 refLos 6647 refUps 6656 refMDs 3381 outLos 6793 outUps 6807 outMDs 2999 outSDs 27718 n1Any 14463 n1All 504 n2Any 4708 n2All 130
Summary for layer 6 h1GeV 500 h2GeV 117 refLos 4619 refUps 4622 refMDs 1617 outLos 4531 outUps 4531 outMDs 1472 outSDs 7195 n1Any 4583 n1All 416 n2Any 1713 n2All 117
Summary for layer 7 h1GeV 433 h2GeV 107 refLos 3319 refUps 3322 refMDs 1138 outLos 3185 outUps 3189 outMDs 1086 outSDs 3661 n1Any 2486 n1All 363 n2Any 1021 n2All 107
Summary for layer 8 h1GeV 346 h2GeV 80 refLos 2071 refUps 2070 refMDs 763 outLos 1970 outUps 1969 outMDs 750 outSDs 1322 n1Any 971 n1All 299 n2Any 363 n2All 80
Summary for layer 9 h1GeV 263 h2GeV 57 refLos 1250 refUps 1247 refMDs 501 outLos 1148 outUps 1150 outMDs 473 outSDs 596 n1Any 416 n1All 217 n2Any 129 n2All 57
Summary for layer 10 h1GeV 229 h2GeV 56 refLos 755 refUps 753 refMDs 383 outLos 695 outUps 694 outMDs 373 outSDs 418 n1Any 288 n1All 179 n2Any 100 n2All 56
		sdl5-7 3737 sdl7-9 708
Timer results for timeLayout
Real time 0:00:03.253, CP time 3.260, 31 slices
----------------------------------
Timer results for timeReco
Real time 0:49:52.530, CP time 2991.810, 31 slices
----------------------------------
Timer results for timeValidation
Real time 0:11:42.640, CP time 702.290, 31 slices
----------------------------------
2933 make efficiencies 
3004 draw and print 
3857 write to file 
3866 Done 
(int) 0
