Running in mockMode 1
Running with SD distance 8
Running with useSeeds 1
Load hits 
Convert seeds to SuperDoublets
Loaded nSeeds (pt>1 and |eta|<1.6) 285
Combine MDs 
Link SuperDoublet pairs to SDLinks
SD links stat 0-5 nAll 4888320 nDZ 1449056 nDZPnt 38206 nAlp 4569 nInAlpC 3826 nOutAlpC 1996 ndBeta 982 final 982
SD links stat 0-7 nAll 618165 nDZ 237683 nDZPnt 19383 nAlp 4686 nInAlpC 3937 nOutAlpC 2820 ndBeta 314 final 314
SD links stat 5-7 nAll 37202688 nDZ 8032914 nDZPnt 916425 nAlp 219259 nInAlpC 169652 nOutAlpC 122886 ndBeta 3100 final 3100
SD links stat 7-9 nAll 1162584 nDZ 230247 nDZPnt 230247 nAlp 53703 nInAlpC 39534 nOutAlpC 30558 ndBeta 657 final 657
Print stats
Summary for layer 5 h1GeV 575 h2GeV 129 refLos 6826 refUps 6857 refMDs 3623 outLos 6907 outUps 6906 outMDs 3124 outSDs 17152 n1Any 8473 n1All 543 n2Any 3053 n2All 127
Summary for layer 6 h1GeV 474 h2GeV 116 refLos 4723 refUps 4723 refMDs 1636 outLos 4666 outUps 4671 outMDs 1462 outSDs 3985 n1Any 2549 n1All 450 n2Any 961 n2All 116
Summary for layer 7 h1GeV 397 h2GeV 97 refLos 3311 refUps 3304 refMDs 1114 outLos 3211 outUps 3212 outMDs 1022 outSDs 2169 n1Any 1386 n1All 364 n2Any 568 n2All 97
Summary for layer 8 h1GeV 317 h2GeV 81 refLos 2120 refUps 2119 refMDs 749 outLos 2017 outUps 2016 outMDs 705 outSDs 1017 n1Any 688 n1All 287 n2Any 290 n2All 81
Summary for layer 9 h1GeV 256 h2GeV 64 refLos 1273 refUps 1271 refMDs 498 outLos 1189 outUps 1189 outMDs 458 outSDs 536 n1Any 354 n1All 217 n2Any 135 n2All 64
Summary for layer 10 h1GeV 208 h2GeV 47 refLos 738 refUps 736 refMDs 357 outLos 708 outUps 704 outMDs 339 outSDs 341 n1Any 226 n1All 176 n2Any 65 n2All 47
		sdl5-7 3100 sdl7-9 657
Load hits 
Convert seeds to SuperDoublets
Loaded nSeeds (pt>1 and |eta|<1.6) 436
Combine MDs 
Link SuperDoublet pairs to SDLinks
SD links stat 0-5 nAll 18734920 nDZ 6071096 nDZPnt 150157 nAlp 11886 nInAlpC 9103 nOutAlpC 5465 ndBeta 2143 final 2143
SD links stat 0-7 nAll 2122012 nDZ 847944 nDZPnt 70528 nAlp 15427 nInAlpC 13347 nOutAlpC 9967 ndBeta 721 final 721
SD links stat 5-7 nAll 209134990 nDZ 50064177 nDZPnt 5169540 nAlp 1047138 nInAlpC 807263 nOutAlpC 597944 ndBeta 9631 final 9631
SD links stat 7-9 nAll 4764793 nDZ 1024065 nDZPnt 1024065 nAlp 221536 nInAlpC 160767 nOutAlpC 121516 ndBeta 1562 final 1562
Print stats
Summary for layer 5 h1GeV 794 h2GeV 151 refLos 8990 refUps 9011 refMDs 5700 outLos 9062 outUps 9072 outMDs 4885 outSDs 42970 n1Any 21410 n1All 770 n2Any 5842 n2All 151
Summary for layer 6 h1GeV 676 h2GeV 133 refLos 6298 refUps 6302 refMDs 2521 outLos 6286 outUps 6291 outMDs 2384 outSDs 9413 n1Any 5686 n1All 650 n2Any 1685 n2All 132
Summary for layer 7 h1GeV 584 h2GeV 121 refLos 4523 refUps 4520 refMDs 1769 outLos 4389 outUps 4379 outMDs 1612 outSDs 4867 n1Any 3091 n1All 544 n2Any 941 n2All 120
Summary for layer 8 h1GeV 483 h2GeV 107 refLos 3067 refUps 3059 refMDs 1240 outLos 2961 outUps 2961 outMDs 1150 outSDs 1863 n1Any 1233 n1All 445 n2Any 362 n2All 106
Summary for layer 9 h1GeV 394 h2GeV 94 refLos 1832 refUps 1832 refMDs 802 outLos 1721 outUps 1722 outMDs 761 outSDs 979 n1Any 660 n1All 352 n2Any 203 n2All 94
Summary for layer 10 h1GeV 326 h2GeV 81 refLos 1128 refUps 1128 refMDs 575 outLos 1069 outUps 1068 outMDs 572 outSDs 626 n1Any 417 n1All 288 n2Any 124 n2All 81
		sdl5-7 9631 sdl7-9 1562
Load hits 
Convert seeds to SuperDoublets
Loaded nSeeds (pt>1 and |eta|<1.6) 323
Combine MDs 
Link SuperDoublet pairs to SDLinks
SD links stat 0-5 nAll 7116659 nDZ 2182070 nDZPnt 54855 nAlp 4611 nInAlpC 3946 nOutAlpC 2084 ndBeta 1134 final 1134
SD links stat 0-7 nAll 927656 nDZ 369577 nDZPnt 29736 nAlp 6579 nInAlpC 5657 nOutAlpC 4181 ndBeta 424 final 424
SD links stat 5-7 nAll 63278776 nDZ 14024194 nDZPnt 1451509 nAlp 264537 nInAlpC 201638 nOutAlpC 148070 ndBeta 3406 final 3406
SD links stat 7-9 nAll 2171232 nDZ 479815 nDZPnt 479815 nAlp 99174 nInAlpC 70018 nOutAlpC 52227 ndBeta 891 final 891
Print stats
Summary for layer 5 h1GeV 639 h2GeV 135 refLos 7459 refUps 7476 refMDs 4107 outLos 7564 outUps 7553 outMDs 3607 outSDs 22033 n1Any 11271 n1All 619 n2Any 3820 n2All 135
Summary for layer 6 h1GeV 539 h2GeV 117 refLos 5114 refUps 5114 refMDs 1845 outLos 5085 outUps 5088 outMDs 1679 outSDs 5481 n1Any 3561 n1All 519 n2Any 1269 n2All 117
Summary for layer 7 h1GeV 460 h2GeV 102 refLos 3713 refUps 3718 refMDs 1329 outLos 3580 outUps 3586 outMDs 1177 outSDs 2872 n1Any 1823 n1All 434 n2Any 608 n2All 102
Summary for layer 8 h1GeV 398 h2GeV 86 refLos 2460 refUps 2447 refMDs 963 outLos 2338 outUps 2340 outMDs 870 outSDs 1298 n1Any 881 n1All 371 n2Any 297 n2All 86
Summary for layer 9 h1GeV 324 h2GeV 77 refLos 1470 refUps 1467 refMDs 644 outLos 1380 outUps 1382 outMDs 619 outSDs 756 n1Any 509 n1All 294 n2Any 148 n2All 77
Summary for layer 10 h1GeV 279 h2GeV 67 refLos 951 refUps 949 refMDs 479 outLos 898 outUps 896 outMDs 448 outSDs 482 n1Any 331 n1All 246 n2Any 99 n2All 67
		sdl5-7 3406 sdl7-9 891
Load hits 
Convert seeds to SuperDoublets
Loaded nSeeds (pt>1 and |eta|<1.6) 431
Combine MDs 
Link SuperDoublet pairs to SDLinks
SD links stat 0-5 nAll 17604195 nDZ 5564510 nDZPnt 139874 nAlp 9467 nInAlpC 7619 nOutAlpC 4414 ndBeta 1928 final 1928
SD links stat 0-7 nAll 1834767 nDZ 716647 nDZPnt 56775 nAlp 11537 nInAlpC 10012 nOutAlpC 7191 ndBeta 622 final 622
SD links stat 5-7 nAll 173877165 nDZ 40172526 nDZPnt 3927921 nAlp 699094 nInAlpC 528445 nOutAlpC 388417 ndBeta 6653 final 6653
SD links stat 7-9 nAll 3903669 nDZ 827605 nDZPnt 827605 nAlp 171205 nInAlpC 124785 nOutAlpC 94738 ndBeta 1290 final 1290
Print stats
Summary for layer 5 h1GeV 805 h2GeV 181 refLos 8885 refUps 8912 refMDs 5719 outLos 8984 outUps 8979 outMDs 4869 outSDs 40845 n1Any 19940 n1All 776 n2Any 5977 n2All 180
Summary for layer 6 h1GeV 668 h2GeV 159 refLos 6207 refUps 6204 refMDs 2431 outLos 6154 outUps 6158 outMDs 2149 outSDs 8305 n1Any 5183 n1All 643 n2Any 1633 n2All 159
Summary for layer 7 h1GeV 557 h2GeV 135 refLos 4433 refUps 4434 refMDs 1635 outLos 4299 outUps 4299 outMDs 1534 outSDs 4257 n1Any 2754 n1All 526 n2Any 927 n2All 135
Summary for layer 8 h1GeV 471 h2GeV 118 refLos 2886 refUps 2883 refMDs 1154 outLos 2738 outUps 2731 outMDs 1058 outSDs 1737 n1Any 1168 n1All 436 n2Any 415 n2All 118
Summary for layer 9 h1GeV 386 h2GeV 104 refLos 1765 refUps 1767 refMDs 783 outLos 1677 outUps 1676 outMDs 727 outSDs 917 n1Any 602 n1All 350 n2Any 206 n2All 104
Summary for layer 10 h1GeV 321 h2GeV 83 refLos 1157 refUps 1160 refMDs 597 outLos 1101 outUps 1095 outMDs 581 outSDs 638 n1Any 407 n1All 291 n2Any 122 n2All 83
		sdl5-7 6653 sdl7-9 1290
Load hits 
Convert seeds to SuperDoublets
Loaded nSeeds (pt>1 and |eta|<1.6) 313
Combine MDs 
Link SuperDoublet pairs to SDLinks
SD links stat 0-5 nAll 7164257 nDZ 2122305 nDZPnt 57619 nAlp 4958 nInAlpC 4074 nOutAlpC 2331 ndBeta 1063 final 1063
SD links stat 0-7 nAll 855116 nDZ 328641 nDZPnt 28724 nAlp 5950 nInAlpC 5189 nOutAlpC 3868 ndBeta 421 final 421
SD links stat 5-7 nAll 62532748 nDZ 13424309 nDZPnt 1436094 nAlp 268719 nInAlpC 207181 nOutAlpC 154615 ndBeta 3128 final 3128
SD links stat 7-9 nAll 1584560 nDZ 332096 nDZPnt 332096 nAlp 66768 nInAlpC 48064 nOutAlpC 36643 ndBeta 751 final 751
Print stats
Summary for layer 5 h1GeV 627 h2GeV 132 refLos 7527 refUps 7560 refMDs 4240 outLos 7623 outUps 7623 outMDs 3659 outSDs 22889 n1Any 10556 n1All 591 n2Any 3154 n2All 131
Summary for layer 6 h1GeV 520 h2GeV 118 refLos 5220 refUps 5219 refMDs 1853 outLos 5156 outUps 5158 outMDs 1622 outSDs 5140 n1Any 3066 n1All 494 n2Any 1027 n2All 118
Summary for layer 7 h1GeV 426 h2GeV 93 refLos 3629 refUps 3626 refMDs 1271 outLos 3508 outUps 3504 outMDs 1149 outSDs 2732 n1Any 1740 n1All 404 n2Any 542 n2All 93
Summary for layer 8 h1GeV 333 h2GeV 76 refLos 2309 refUps 2306 refMDs 841 outLos 2191 outUps 2191 outMDs 777 outSDs 1081 n1Any 689 n1All 309 n2Any 218 n2All 76
Summary for layer 9 h1GeV 287 h2GeV 69 refLos 1337 refUps 1334 refMDs 551 outLos 1257 outUps 1255 outMDs 525 outSDs 580 n1Any 397 n1All 259 n2Any 111 n2All 69
Summary for layer 10 h1GeV 230 h2GeV 61 refLos 809 refUps 812 refMDs 400 outLos 757 outUps 756 outMDs 386 outSDs 400 n1Any 260 n1All 204 n2Any 86 n2All 61
		sdl5-7 3128 sdl7-9 751
Load hits 
Convert seeds to SuperDoublets
Loaded nSeeds (pt>1 and |eta|<1.6) 346
Combine MDs 
Link SuperDoublet pairs to SDLinks
SD links stat 0-5 nAll 9272108 nDZ 2854298 nDZPnt 79206 nAlp 7536 nInAlpC 5305 nOutAlpC 2783 ndBeta 1392 final 1392
SD links stat 0-7 nAll 986446 nDZ 373877 nDZPnt 33379 nAlp 7848 nInAlpC 6666 nOutAlpC 4754 ndBeta 474 final 474
SD links stat 5-7 nAll 76401098 nDZ 17122816 nDZPnt 1936737 nAlp 436993 nInAlpC 334074 nOutAlpC 242906 ndBeta 5286 final 5286
SD links stat 7-9 nAll 1576603 nDZ 308442 nDZPnt 308442 nAlp 69226 nInAlpC 49041 nOutAlpC 37112 ndBeta 678 final 678
Print stats
Summary for layer 5 h1GeV 626 h2GeV 137 refLos 7780 refUps 7808 refMDs 4440 outLos 7878 outUps 7869 outMDs 3879 outSDs 26798 n1Any 13344 n1All 606 n2Any 4622 n2All 136
Summary for layer 6 h1GeV 509 h2GeV 117 refLos 5412 refUps 5420 refMDs 1989 outLos 5397 outUps 5404 outMDs 1801 outSDs 6048 n1Any 3547 n1All 489 n2Any 1399 n2All 117
Summary for layer 7 h1GeV 429 h2GeV 106 refLos 3785 refUps 3795 refMDs 1303 outLos 3692 outUps 3694 outMDs 1178 outSDs 2851 n1Any 1846 n1All 400 n2Any 727 n2All 106
Summary for layer 8 h1GeV 356 h2GeV 96 refLos 2399 refUps 2397 refMDs 834 outLos 2257 outUps 2257 outMDs 815 outSDs 1221 n1Any 790 n1All 330 n2Any 333 n2All 96
Summary for layer 9 h1GeV 271 h2GeV 77 refLos 1394 refUps 1392 refMDs 541 outLos 1281 outUps 1279 outMDs 520 outSDs 553 n1Any 382 n1All 248 n2Any 129 n2All 77
Summary for layer 10 h1GeV 224 h2GeV 64 refLos 853 refUps 854 refMDs 409 outLos 804 outUps 804 outMDs 389 outSDs 395 n1Any 271 n1All 195 n2Any 95 n2All 64
		sdl5-7 5286 sdl7-9 678
Load hits 
Convert seeds to SuperDoublets
Loaded nSeeds (pt>1 and |eta|<1.6) 333
Combine MDs 
Link SuperDoublet pairs to SDLinks
SD links stat 0-5 nAll 7891101 nDZ 2341274 nDZPnt 60371 nAlp 5451 nInAlpC 4526 nOutAlpC 2636 ndBeta 1364 final 1364
SD links stat 0-7 nAll 919746 nDZ 345476 nDZPnt 29057 nAlp 6000 nInAlpC 5174 nOutAlpC 3853 ndBeta 399 final 399
SD links stat 5-7 nAll 65451114 nDZ 13891078 nDZPnt 1494197 nAlp 277875 nInAlpC 208382 nOutAlpC 153025 ndBeta 3433 final 3433
SD links stat 7-9 nAll 1709678 nDZ 323511 nDZPnt 323511 nAlp 67203 nInAlpC 47190 nOutAlpC 35242 ndBeta 675 final 675
Print stats
Summary for layer 5 h1GeV 708 h2GeV 126 refLos 7688 refUps 7710 refMDs 4326 outLos 7779 outUps 7779 outMDs 3816 outSDs 23697 n1Any 12151 n1All 682 n2Any 2844 n2All 125
Summary for layer 6 h1GeV 588 h2GeV 108 refLos 5302 refUps 5310 refMDs 1960 outLos 5260 outUps 5260 outMDs 1806 outSDs 5694 n1Any 3528 n1All 570 n2Any 867 n2All 108
Summary for layer 7 h1GeV 494 h2GeV 93 refLos 3765 refUps 3768 refMDs 1336 outLos 3642 outUps 3640 outMDs 1209 outSDs 2762 n1Any 1767 n1All 467 n2Any 499 n2All 93
Summary for layer 8 h1GeV 391 h2GeV 74 refLos 2369 refUps 2369 refMDs 898 outLos 2266 outUps 2265 outMDs 858 outSDs 1141 n1Any 745 n1All 359 n2Any 167 n2All 74
Summary for layer 9 h1GeV 309 h2GeV 57 refLos 1427 refUps 1425 refMDs 579 outLos 1344 outUps 1340 outMDs 557 outSDs 619 n1Any 416 n1All 273 n2Any 95 n2All 57
Summary for layer 10 h1GeV 257 h2GeV 52 refLos 889 refUps 885 refMDs 450 outLos 834 outUps 834 outMDs 430 outSDs 465 n1Any 306 n1All 216 n2Any 76 n2All 52
		sdl5-7 3433 sdl7-9 675
Load hits 
Convert seeds to SuperDoublets
Loaded nSeeds (pt>1 and |eta|<1.6) 276
Combine MDs 
Link SuperDoublet pairs to SDLinks
SD links stat 0-5 nAll 4732020 nDZ 1429648 nDZPnt 35882 nAlp 3447 nInAlpC 2746 nOutAlpC 1477 ndBeta 876 final 876
SD links stat 0-7 nAll 635628 nDZ 246796 nDZPnt 21051 nAlp 4637 nInAlpC 3929 nOutAlpC 2923 ndBeta 301 final 301
SD links stat 5-7 nAll 39484935 nDZ 8490630 nDZPnt 865330 nAlp 162820 nInAlpC 122248 nOutAlpC 90769 ndBeta 2259 final 2259
SD links stat 7-9 nAll 1280468 nDZ 260162 nDZPnt 260162 nAlp 53235 nInAlpC 38287 nOutAlpC 28777 ndBeta 576 final 576
Print stats
Summary for layer 5 h1GeV 551 h2GeV 123 refLos 6997 refUps 7010 refMDs 3699 outLos 7078 outUps 7068 outMDs 3160 outSDs 17145 n1Any 8541 n1All 525 n2Any 2684 n2All 122
Summary for layer 6 h1GeV 453 h2GeV 102 refLos 4874 refUps 4874 refMDs 1659 outLos 4854 outUps 4848 outMDs 1502 outSDs 4155 n1Any 2494 n1All 429 n2Any 751 n2All 102
Summary for layer 7 h1GeV 377 h2GeV 90 refLos 3483 refUps 3486 refMDs 1212 outLos 3386 outUps 3384 outMDs 1043 outSDs 2303 n1Any 1318 n1All 346 n2Any 500 n2All 90
Summary for layer 8 h1GeV 303 h2GeV 73 refLos 2214 refUps 2212 refMDs 782 outLos 2109 outUps 2109 outMDs 710 outSDs 943 n1Any 591 n1All 279 n2Any 196 n2All 73
Summary for layer 9 h1GeV 262 h2GeV 64 refLos 1303 refUps 1302 refMDs 517 outLos 1234 outUps 1233 outMDs 494 outSDs 556 n1Any 355 n1All 234 n2Any 118 n2All 64
Summary for layer 10 h1GeV 219 h2GeV 56 refLos 798 refUps 800 refMDs 389 outLos 745 outUps 746 outMDs 369 outSDs 359 n1Any 234 n1All 188 n2Any 73 n2All 56
		sdl5-7 2259 sdl7-9 576
Load hits 
Convert seeds to SuperDoublets
Loaded nSeeds (pt>1 and |eta|<1.6) 519
Combine MDs 
Link SuperDoublet pairs to SDLinks
SD links stat 0-5 nAll 33262191 nDZ 10137004 nDZPnt 249680 nAlp 17871 nInAlpC 12989 nOutAlpC 7617 ndBeta 2791 final 2791
SD links stat 0-7 nAll 2965047 nDZ 1144841 nDZPnt 94220 nAlp 19559 nInAlpC 16815 nOutAlpC 12398 ndBeta 800 final 800
SD links stat 5-7 nAll 366140457 nDZ 80210072 nDZPnt 8042453 nAlp 1442359 nInAlpC 1100792 nOutAlpC 834414 ndBeta 11776 final 11776
SD links stat 7-9 nAll 6112910 nDZ 1254443 nDZPnt 1254443 nAlp 253229 nInAlpC 184162 nOutAlpC 139284 ndBeta 1682 final 1682
Print stats
Summary for layer 5 h1GeV 949 h2GeV 191 refLos 10177 refUps 10215 refMDs 7021 outLos 10315 outUps 10304 outMDs 6221 outSDs 64089 n1Any 30538 n1All 911 n2Any 8102 n2All 188
Summary for layer 6 h1GeV 796 h2GeV 165 refLos 7160 refUps 7178 refMDs 3001 outLos 7154 outUps 7148 outMDs 2725 outSDs 12076 n1Any 7381 n1All 754 n2Any 2289 n2All 165
Summary for layer 7 h1GeV 686 h2GeV 151 refLos 5060 refUps 5060 refMDs 2019 outLos 4911 outUps 4908 outMDs 1813 outSDs 5713 n1Any 3599 n1All 638 n2Any 1238 n2All 151
Summary for layer 8 h1GeV 565 h2GeV 119 refLos 3329 refUps 3325 refMDs 1349 outLos 3193 outUps 3194 outMDs 1275 outSDs 2145 n1Any 1439 n1All 514 n2Any 415 n2All 119
Summary for layer 9 h1GeV 452 h2GeV 108 refLos 1944 refUps 1938 refMDs 898 outLos 1842 outUps 1842 outMDs 822 outSDs 1070 n1Any 760 n1All 403 n2Any 210 n2All 108
Summary for layer 10 h1GeV 376 h2GeV 89 refLos 1245 refUps 1243 refMDs 651 outLos 1151 outUps 1150 outMDs 605 outSDs 691 n1Any 501 n1All 325 n2Any 142 n2All 89
		sdl5-7 11776 sdl7-9 1682
Load hits 
Convert seeds to SuperDoublets
Loaded nSeeds (pt>1 and |eta|<1.6) 417
Combine MDs 
Link SuperDoublet pairs to SDLinks
SD links stat 0-5 nAll 14926098 nDZ 4798261 nDZPnt 123705 nAlp 9181 nInAlpC 6877 nOutAlpC 3874 ndBeta 1796 final 1796
SD links stat 0-7 nAll 1634640 nDZ 639761 nDZPnt 54152 nAlp 11531 nInAlpC 9734 nOutAlpC 6930 ndBeta 556 final 556
SD links stat 5-7 nAll 140312480 nDZ 33058789 nDZPnt 3465576 nAlp 621532 nInAlpC 479163 nOutAlpC 356275 ndBeta 6452 final 6452
SD links stat 7-9 nAll 3488800 nDZ 729459 nDZPnt 729459 nAlp 147003 nInAlpC 106693 nOutAlpC 79685 ndBeta 1323 final 1323
Print stats
Summary for layer 5 h1GeV 809 h2GeV 171 refLos 8397 refUps 8413 refMDs 5180 outLos 8532 outUps 8527 outMDs 4509 outSDs 35794 n1Any 18991 n1All 778 n2Any 4955 n2All 171
Summary for layer 6 h1GeV 697 h2GeV 152 refLos 5854 refUps 5854 refMDs 2312 outLos 5820 outUps 5816 outMDs 2085 outSDs 7818 n1Any 5044 n1All 671 n2Any 1649 n2All 152
Summary for layer 7 h1GeV 588 h2GeV 128 refLos 4149 refUps 4151 refMDs 1620 outLos 4046 outUps 4048 outMDs 1429 outSDs 3920 n1Any 2648 n1All 559 n2Any 881 n2All 128
Summary for layer 8 h1GeV 487 h2GeV 99 refLos 2702 refUps 2701 refMDs 1078 outLos 2568 outUps 2564 outMDs 987 outSDs 1535 n1Any 1120 n1All 455 n2Any 322 n2All 99
Summary for layer 9 h1GeV 406 h2GeV 82 refLos 1741 refUps 1743 refMDs 763 outLos 1658 outUps 1655 outMDs 732 outSDs 890 n1Any 640 n1All 361 n2Any 171 n2All 82
Summary for layer 10 h1GeV 337 h2GeV 62 refLos 1051 refUps 1050 refMDs 551 outLos 987 outUps 988 outMDs 517 outSDs 547 n1Any 383 n1All 291 n2Any 95 n2All 62
		sdl5-7 6452 sdl7-9 1323
Load hits 
Convert seeds to SuperDoublets
Loaded nSeeds (pt>1 and |eta|<1.6) 341
Combine MDs 
Link SuperDoublet pairs to SDLinks
SD links stat 0-5 nAll 7478130 nDZ 2363196 nDZPnt 60981 nAlp 5837 nInAlpC 4916 nOutAlpC 2591 ndBeta 1271 final 1271
SD links stat 0-7 nAll 949344 nDZ 369348 nDZPnt 32131 nAlp 7063 nInAlpC 6152 nOutAlpC 4525 ndBeta 457 final 457
SD links stat 5-7 nAll 61053120 nDZ 13917392 nDZPnt 1474278 nAlp 284442 nInAlpC 218035 nOutAlpC 161510 ndBeta 3512 final 3512
SD links stat 7-9 nAll 1817952 nDZ 364127 nDZPnt 364127 nAlp 82744 nInAlpC 59582 nOutAlpC 45813 ndBeta 802 final 802
Print stats
Summary for layer 5 h1GeV 684 h2GeV 135 refLos 7131 refUps 7157 refMDs 3940 outLos 7257 outUps 7252 outMDs 3522 outSDs 21930 n1Any 12003 n1All 647 n2Any 3519 n2All 134
Summary for layer 6 h1GeV 583 h2GeV 119 refLos 5030 refUps 5026 refMDs 1928 outLos 4997 outUps 5001 outMDs 1745 outSDs 5788 n1Any 3740 n1All 554 n2Any 1215 n2All 119
Summary for layer 7 h1GeV 485 h2GeV 105 refLos 3610 refUps 3607 refMDs 1280 outLos 3531 outUps 3520 outMDs 1215 outSDs 2784 n1Any 1862 n1All 460 n2Any 701 n2All 105
Summary for layer 8 h1GeV 393 h2GeV 87 refLos 2345 refUps 2348 refMDs 920 outLos 2256 outUps 2258 outMDs 827 outSDs 1200 n1Any 816 n1All 365 n2Any 253 n2All 87
Summary for layer 9 h1GeV 318 h2GeV 76 refLos 1411 refUps 1411 refMDs 589 outLos 1340 outUps 1341 outMDs 562 outSDs 653 n1Any 443 n1All 285 n2Any 147 n2All 76
Summary for layer 10 h1GeV 263 h2GeV 68 refLos 874 refUps 875 refMDs 426 outLos 818 outUps 816 outMDs 423 outSDs 462 n1Any 314 n1All 229 n2Any 98 n2All 68
		sdl5-7 3512 sdl7-9 802
Load hits 
Convert seeds to SuperDoublets
Loaded nSeeds (pt>1 and |eta|<1.6) 464
Combine MDs 
Link SuperDoublet pairs to SDLinks
SD links stat 0-5 nAll 22091040 nDZ 7226555 nDZPnt 181871 nAlp 14149 nInAlpC 10420 nOutAlpC 5741 ndBeta 2561 final 2561
SD links stat 0-7 nAll 2213744 nDZ 934038 nDZPnt 73598 nAlp 15947 nInAlpC 14119 nOutAlpC 10239 ndBeta 708 final 708
SD links stat 5-7 nAll 227147310 nDZ 53916971 nDZPnt 5375989 nAlp 1024239 nInAlpC 781264 nOutAlpC 572028 ndBeta 11074 final 11074
SD links stat 7-9 nAll 5672719 nDZ 1295580 nDZPnt 1295580 nAlp 276570 nInAlpC 195635 nOutAlpC 148157 ndBeta 2007 final 2007
Print stats
Summary for layer 5 h1GeV 910 h2GeV 186 refLos 9293 refUps 9306 refMDs 6108 outLos 9397 outUps 9402 outMDs 5199 outSDs 47610 n1Any 25852 n1All 875 n2Any 7609 n2All 186
Summary for layer 6 h1GeV 740 h2GeV 153 refLos 6512 refUps 6503 refMDs 2657 outLos 6456 outUps 6453 outMDs 2442 outSDs 10519 n1Any 6874 n1All 714 n2Any 2044 n2All 152
Summary for layer 7 h1GeV 635 h2GeV 129 refLos 4608 refUps 4605 refMDs 1766 outLos 4476 outUps 4474 outMDs 1643 outSDs 4771 n1Any 3071 n1All 597 n2Any 976 n2All 128
Summary for layer 8 h1GeV 548 h2GeV 117 refLos 3059 refUps 3058 refMDs 1273 outLos 2936 outUps 2928 outMDs 1133 outSDs 1856 n1Any 1319 n1All 511 n2Any 407 n2All 117
Summary for layer 9 h1GeV 476 h2GeV 108 refLos 1902 refUps 1902 refMDs 885 outLos 1798 outUps 1800 outMDs 852 outSDs 1189 n1Any 873 n1All 430 n2Any 234 n2All 108
Summary for layer 10 h1GeV 387 h2GeV 86 refLos 1179 refUps 1171 refMDs 621 outLos 1100 outUps 1096 outMDs 593 outSDs 659 n1Any 483 n1All 345 n2Any 119 n2All 86
		sdl5-7 11074 sdl7-9 2007
Load hits 
Convert seeds to SuperDoublets
Loaded nSeeds (pt>1 and |eta|<1.6) 322
Combine MDs 
Link SuperDoublet pairs to SDLinks
SD links stat 0-5 nAll 7028294 nDZ 2135628 nDZPnt 53219 nAlp 4710 nInAlpC 3933 nOutAlpC 2134 ndBeta 1156 final 1156
SD links stat 0-7 nAll 916734 nDZ 364809 nDZPnt 29969 nAlp 6291 nInAlpC 5492 nOutAlpC 4001 ndBeta 413 final 413
SD links stat 5-7 nAll 62141469 nDZ 13486142 nDZPnt 1405263 nAlp 255467 nInAlpC 197362 nOutAlpC 147520 ndBeta 3347 final 3347
SD links stat 7-9 nAll 1987206 nDZ 419691 nDZPnt 419691 nAlp 83589 nInAlpC 59939 nOutAlpC 45025 ndBeta 965 final 965
Print stats
Summary for layer 5 h1GeV 664 h2GeV 155 refLos 7421 refUps 7442 refMDs 4127 outLos 7513 outUps 7516 outMDs 3596 outSDs 21827 n1Any 10843 n1All 643 n2Any 3440 n2All 154
Summary for layer 6 h1GeV 556 h2GeV 122 refLos 5171 refUps 5177 refMDs 1954 outLos 5149 outUps 5142 outMDs 1757 outSDs 5744 n1Any 3547 n1All 533 n2Any 1108 n2All 122
Summary for layer 7 h1GeV 471 h2GeV 102 refLos 3640 refUps 3639 refMDs 1326 outLos 3520 outUps 3524 outMDs 1170 outSDs 2847 n1Any 1852 n1All 452 n2Any 597 n2All 102
Summary for layer 8 h1GeV 368 h2GeV 86 refLos 2334 refUps 2331 refMDs 892 outLos 2211 outUps 2209 outMDs 843 outSDs 1160 n1Any 780 n1All 355 n2Any 240 n2All 86
Summary for layer 9 h1GeV 309 h2GeV 73 refLos 1385 refUps 1387 refMDs 616 outLos 1304 outUps 1302 outMDs 556 outSDs 698 n1Any 483 n1All 286 n2Any 144 n2All 73
Summary for layer 10 h1GeV 253 h2GeV 64 refLos 851 refUps 849 refMDs 419 outLos 796 outUps 796 outMDs 415 outSDs 426 n1Any 304 n1All 229 n2Any 85 n2All 64
		sdl5-7 3347 sdl7-9 965
Load hits 
Convert seeds to SuperDoublets
Loaded nSeeds (pt>1 and |eta|<1.6) 405
Combine MDs 
Link SuperDoublet pairs to SDLinks
SD links stat 0-5 nAll 15547545 nDZ 4824035 nDZPnt 122261 nAlp 9754 nInAlpC 8017 nOutAlpC 4245 ndBeta 1925 final 1925
SD links stat 0-7 nAll 1601370 nDZ 629321 nDZPnt 51672 nAlp 10614 nInAlpC 9172 nOutAlpC 6791 ndBeta 540 final 540
SD links stat 5-7 nAll 151790106 nDZ 33621279 nDZPnt 3521287 nAlp 630094 nInAlpC 480891 nOutAlpC 361955 ndBeta 5968 final 5968
SD links stat 7-9 nAll 3436026 nDZ 721278 nDZPnt 721278 nAlp 158734 nInAlpC 116028 nOutAlpC 90146 ndBeta 1236 final 1236
Print stats
Summary for layer 5 h1GeV 751 h2GeV 177 refLos 8894 refUps 8916 refMDs 5553 outLos 8976 outUps 8961 outMDs 4767 outSDs 38389 n1Any 18315 n1All 719 n2Any 5726 n2All 175
Summary for layer 6 h1GeV 635 h2GeV 159 refLos 6204 refUps 6202 refMDs 2283 outLos 6162 outUps 6159 outMDs 2109 outSDs 7602 n1Any 4704 n1All 609 n2Any 1916 n2All 158
Summary for layer 7 h1GeV 536 h2GeV 145 refLos 4323 refUps 4321 refMDs 1581 outLos 4238 outUps 4232 outMDs 1406 outSDs 3954 n1Any 2556 n1All 507 n2Any 1156 n2All 145
Summary for layer 8 h1GeV 428 h2GeV 122 refLos 2810 refUps 2808 refMDs 1042 outLos 2671 outUps 2667 outMDs 968 outSDs 1457 n1Any 961 n1All 400 n2Any 400 n2All 122
Summary for layer 9 h1GeV 356 h2GeV 108 refLos 1655 refUps 1655 refMDs 720 outLos 1540 outUps 1536 outMDs 672 outSDs 869 n1Any 608 n1All 323 n2Any 252 n2All 108
Summary for layer 10 h1GeV 309 h2GeV 96 refLos 1023 refUps 1022 refMDs 502 outLos 952 outUps 950 outMDs 498 outSDs 543 n1Any 395 n1All 278 n2Any 155 n2All 96
		sdl5-7 5968 sdl7-9 1236
Load hits 
Convert seeds to SuperDoublets
Loaded nSeeds (pt>1 and |eta|<1.6) 357
Combine MDs 
Link SuperDoublet pairs to SDLinks
SD links stat 0-5 nAll 9318771 nDZ 3128722 nDZPnt 78898 nAlp 7315 nInAlpC 6047 nOutAlpC 3217 ndBeta 1420 final 1420
SD links stat 0-7 nAll 1157751 nDZ 464680 nDZPnt 39581 nAlp 8662 nInAlpC 7691 nOutAlpC 5560 ndBeta 516 final 516
SD links stat 5-7 nAll 84652029 nDZ 20829623 nDZPnt 2196842 nAlp 435858 nInAlpC 331051 nOutAlpC 235008 ndBeta 5804 final 5804
SD links stat 7-9 nAll 2490624 nDZ 536959 nDZPnt 536959 nAlp 111592 nInAlpC 78887 nOutAlpC 58993 ndBeta 1081 final 1081
Print stats
Summary for layer 5 h1GeV 687 h2GeV 138 refLos 7630 refUps 7661 refMDs 4317 outLos 7764 outUps 7751 outMDs 3753 outSDs 26103 n1Any 14104 n1All 648 n2Any 4614 n2All 137
Summary for layer 6 h1GeV 576 h2GeV 115 refLos 5346 refUps 5342 refMDs 1969 outLos 5301 outUps 5295 outMDs 1863 outSDs 6355 n1Any 4026 n1All 540 n2Any 1298 n2All 115
Summary for layer 7 h1GeV 512 h2GeV 107 refLos 3810 refUps 3810 refMDs 1407 outLos 3710 outUps 3704 outMDs 1298 outSDs 3243 n1Any 2136 n1All 477 n2Any 698 n2All 107
Summary for layer 8 h1GeV 422 h2GeV 92 refLos 2536 refUps 2538 refMDs 963 outLos 2433 outUps 2423 outMDs 902 outSDs 1321 n1Any 889 n1All 389 n2Any 291 n2All 92
Summary for layer 9 h1GeV 366 h2GeV 82 refLos 1501 refUps 1502 refMDs 673 outLos 1418 outUps 1415 outMDs 650 outSDs 768 n1Any 567 n1All 332 n2Any 187 n2All 82
Summary for layer 10 h1GeV 295 h2GeV 78 refLos 939 refUps 934 refMDs 485 outLos 888 outUps 885 outMDs 476 outSDs 510 n1Any 357 n1All 259 n2Any 121 n2All 78
		sdl5-7 5804 sdl7-9 1081
Load hits 
Convert seeds to SuperDoublets
Loaded nSeeds (pt>1 and |eta|<1.6) 304
Combine MDs 
Link SuperDoublet pairs to SDLinks
SD links stat 0-5 nAll 5371680 nDZ 1538428 nDZPnt 40056 nAlp 3915 nInAlpC 3273 nOutAlpC 1774 ndBeta 1000 final 1000
SD links stat 0-7 nAll 688256 nDZ 263939 nDZPnt 21555 nAlp 4690 nInAlpC 4034 nOutAlpC 3103 ndBeta 345 final 345
SD links stat 5-7 nAll 40004880 nDZ 8236043 nDZPnt 863962 nAlp 159818 nInAlpC 123100 nOutAlpC 93395 ndBeta 2238 final 2238
SD links stat 7-9 nAll 1213504 nDZ 259120 nDZPnt 259120 nAlp 53691 nInAlpC 38621 nOutAlpC 29507 ndBeta 539 final 539
Print stats
Summary for layer 5 h1GeV 589 h2GeV 118 refLos 7269 refUps 7295 refMDs 3819 outLos 7316 outUps 7314 outMDs 3371 outSDs 17670 n1Any 8483 n1All 562 n2Any 2345 n2All 118
Summary for layer 6 h1GeV 483 h2GeV 99 refLos 5006 refUps 4999 refMDs 1670 outLos 4961 outUps 4957 outMDs 1576 outSDs 4431 n1Any 2579 n1All 462 n2Any 842 n2All 99
Summary for layer 7 h1GeV 405 h2GeV 82 refLos 3454 refUps 3451 refMDs 1161 outLos 3371 outUps 3375 outMDs 1071 outSDs 2264 n1Any 1360 n1All 370 n2Any 382 n2All 82
Summary for layer 8 h1GeV 324 h2GeV 74 refLos 2298 refUps 2296 refMDs 834 outLos 2171 outUps 2174 outMDs 792 outSDs 1067 n1Any 641 n1All 292 n2Any 180 n2All 74
Summary for layer 9 h1GeV 264 h2GeV 63 refLos 1336 refUps 1333 refMDs 546 outLos 1257 outUps 1255 outMDs 522 outSDs 536 n1Any 332 n1All 230 n2Any 98 n2All 63
Summary for layer 10 h1GeV 219 h2GeV 49 refLos 810 refUps 809 refMDs 404 outLos 763 outUps 761 outMDs 376 outSDs 389 n1Any 248 n1All 185 n2Any 64 n2All 49
		sdl5-7 2238 sdl7-9 539
Load hits 
Convert seeds to SuperDoublets
Loaded nSeeds (pt>1 and |eta|<1.6) 257
Combine MDs 
Link SuperDoublet pairs to SDLinks
SD links stat 0-5 nAll 4256434 nDZ 1339286 nDZPnt 34284 nAlp 3278 nInAlpC 2660 nOutAlpC 1565 ndBeta 835 final 835
SD links stat 0-7 nAll 475450 nDZ 198475 nDZPnt 16116 nAlp 3688 nInAlpC 3279 nOutAlpC 2408 ndBeta 294 final 294
SD links stat 5-7 nAll 30639700 nDZ 6858673 nDZPnt 698957 nAlp 132022 nInAlpC 99170 nOutAlpC 72397 ndBeta 1755 final 1755
SD links stat 7-9 nAll 1041550 nDZ 237159 nDZPnt 237159 nAlp 53325 nInAlpC 38493 nOutAlpC 29925 ndBeta 540 final 540
Print stats
Summary for layer 5 h1GeV 505 h2GeV 105 refLos 6701 refUps 6728 refMDs 3454 outLos 6799 outUps 6800 outMDs 2995 outSDs 16562 n1Any 7271 n1All 480 n2Any 2256 n2All 104
Summary for layer 6 h1GeV 415 h2GeV 84 refLos 4662 refUps 4668 refMDs 1563 outLos 4646 outUps 4651 outMDs 1325 outSDs 3589 n1Any 2224 n1All 397 n2Any 708 n2All 83
Summary for layer 7 h1GeV 351 h2GeV 73 refLos 3191 refUps 3190 refMDs 965 outLos 3078 outUps 3082 outMDs 922 outSDs 1850 n1Any 1199 n1All 332 n2Any 379 n2All 73
Summary for layer 8 h1GeV 299 h2GeV 67 refLos 2103 refUps 2099 refMDs 722 outLos 1983 outUps 1986 outMDs 690 outSDs 907 n1Any 554 n1All 280 n2Any 157 n2All 67
Summary for layer 9 h1GeV 254 h2GeV 59 refLos 1248 refUps 1247 refMDs 517 outLos 1161 outUps 1155 outMDs 473 outSDs 563 n1Any 365 n1All 228 n2Any 116 n2All 59
Summary for layer 10 h1GeV 219 h2GeV 51 refLos 774 refUps 775 refMDs 350 outLos 713 outUps 715 outMDs 340 outSDs 370 n1Any 273 n1All 190 n2Any 72 n2All 51
		sdl5-7 1755 sdl7-9 540
Load hits 
Convert seeds to SuperDoublets
Loaded nSeeds (pt>1 and |eta|<1.6) 276
Combine MDs 
Link SuperDoublet pairs to SDLinks
SD links stat 0-5 nAll 3663072 nDZ 1155154 nDZPnt 29075 nAlp 2807 nInAlpC 2421 nOutAlpC 1411 ndBeta 827 final 827
SD links stat 0-7 nAll 621828 nDZ 257889 nDZPnt 21172 nAlp 4666 nInAlpC 4086 nOutAlpC 2919 ndBeta 345 final 345
SD links stat 5-7 nAll 29901816 nDZ 6777998 nDZPnt 673856 nAlp 121019 nInAlpC 91726 nOutAlpC 69268 ndBeta 1723 final 1723
SD links stat 7-9 nAll 1369824 nDZ 309907 nDZPnt 309907 nAlp 64325 nInAlpC 46295 nOutAlpC 34695 ndBeta 677 final 677
Print stats
Summary for layer 5 h1GeV 544 h2GeV 139 refLos 6270 refUps 6291 refMDs 3212 outLos 6409 outUps 6405 outMDs 2821 outSDs 13272 n1Any 6862 n1All 531 n2Any 2485 n2All 139
Summary for layer 6 h1GeV 452 h2GeV 118 refLos 4514 refUps 4518 refMDs 1516 outLos 4516 outUps 4510 outMDs 1399 outSDs 3603 n1Any 2246 n1All 435 n2Any 778 n2All 118
Summary for layer 7 h1GeV 401 h2GeV 119 refLos 3199 refUps 3203 refMDs 1138 outLos 3140 outUps 3143 outMDs 1026 outSDs 2253 n1Any 1378 n1All 384 n2Any 576 n2All 119
Summary for layer 8 h1GeV 341 h2GeV 102 refLos 2059 refUps 2062 refMDs 807 outLos 1960 outUps 1957 outMDs 748 outSDs 1088 n1Any 728 n1All 322 n2Any 326 n2All 102
Summary for layer 9 h1GeV 285 h2GeV 90 refLos 1296 refUps 1296 refMDs 544 outLos 1219 outUps 1218 outMDs 534 outSDs 608 n1Any 434 n1All 267 n2Any 171 n2All 90
Summary for layer 10 h1GeV 249 h2GeV 84 refLos 848 refUps 848 refMDs 441 outLos 796 outUps 793 outMDs 421 outSDs 457 n1Any 317 n1All 226 n2Any 126 n2All 84
		sdl5-7 1723 sdl7-9 677
Load hits 
Convert seeds to SuperDoublets
Loaded nSeeds (pt>1 and |eta|<1.6) 331
Combine MDs 
Link SuperDoublet pairs to SDLinks
SD links stat 0-5 nAll 5775619 nDZ 1752549 nDZPnt 45642 nAlp 4367 nInAlpC 3596 nOutAlpC 2084 ndBeta 1099 final 1099
SD links stat 0-7 nAll 749715 nDZ 290612 nDZPnt 23999 nAlp 5449 nInAlpC 4816 nOutAlpC 3556 ndBeta 389 final 389
SD links stat 5-7 nAll 39521985 nDZ 8470223 nDZPnt 910245 nAlp 176136 nInAlpC 136496 nOutAlpC 104762 ndBeta 2465 final 2465
SD links stat 7-9 nAll 1560585 nDZ 313512 nDZPnt 313512 nAlp 69986 nInAlpC 51459 nOutAlpC 38586 ndBeta 732 final 732
Print stats
Summary for layer 5 h1GeV 576 h2GeV 130 refLos 6981 refUps 7008 refMDs 3776 outLos 7051 outUps 7053 outMDs 3202 outSDs 17449 n1Any 8845 n1All 556 n2Any 2750 n2All 130
Summary for layer 6 h1GeV 488 h2GeV 121 refLos 4790 refUps 4784 refMDs 1642 outLos 4740 outUps 4741 outMDs 1457 outSDs 3940 n1Any 2495 n1All 469 n2Any 915 n2All 121
Summary for layer 7 h1GeV 424 h2GeV 107 refLos 3385 refUps 3386 refMDs 1121 outLos 3295 outUps 3297 outMDs 1064 outSDs 2265 n1Any 1424 n1All 398 n2Any 560 n2All 107
Summary for layer 8 h1GeV 342 h2GeV 92 refLos 2198 refUps 2194 refMDs 784 outLos 2088 outUps 2085 outMDs 750 outSDs 1030 n1Any 672 n1All 321 n2Any 227 n2All 92
Summary for layer 9 h1GeV 288 h2GeV 85 refLos 1354 refUps 1350 refMDs 577 outLos 1279 outUps 1280 outMDs 557 outSDs 689 n1Any 466 n1All 260 n2Any 163 n2All 85
Summary for layer 10 h1GeV 243 h2GeV 71 refLos 872 refUps 870 refMDs 409 outLos 820 outUps 815 outMDs 401 outSDs 399 n1Any 277 n1All 216 n2Any 89 n2All 71
		sdl5-7 2465 sdl7-9 732
Load hits 
Convert seeds to SuperDoublets
Loaded nSeeds (pt>1 and |eta|<1.6) 321
Combine MDs 
Link SuperDoublet pairs to SDLinks
SD links stat 0-5 nAll 6592698 nDZ 1989500 nDZPnt 51818 nAlp 4438 nInAlpC 3803 nOutAlpC 2235 ndBeta 1136 final 1136
SD links stat 0-7 nAll 811167 nDZ 316565 nDZPnt 26657 nAlp 5377 nInAlpC 4655 nOutAlpC 3479 ndBeta 406 final 406
SD links stat 5-7 nAll 51899526 nDZ 11112075 nDZPnt 1156701 nAlp 203385 nInAlpC 155064 nOutAlpC 117672 ndBeta 2530 final 2530
SD links stat 7-9 nAll 1581902 nDZ 332221 nDZPnt 332221 nAlp 67821 nInAlpC 50033 nOutAlpC 37727 ndBeta 686 final 686
Print stats
Summary for layer 5 h1GeV 656 h2GeV 139 refLos 7320 refUps 7333 refMDs 4032 outLos 7411 outUps 7401 outMDs 3449 outSDs 20538 n1Any 10305 n1All 636 n2Any 2903 n2All 139
Summary for layer 6 h1GeV 540 h2GeV 116 refLos 5215 refUps 5222 refMDs 1849 outLos 5185 outUps 5188 outMDs 1747 outSDs 5067 n1Any 3136 n1All 520 n2Any 973 n2All 115
Summary for layer 7 h1GeV 431 h2GeV 84 refLos 3649 refUps 3653 refMDs 1280 outLos 3530 outUps 3523 outMDs 1167 outSDs 2527 n1Any 1502 n1All 407 n2Any 428 n2All 84
Summary for layer 8 h1GeV 353 h2GeV 71 refLos 2352 refUps 2358 refMDs 846 outLos 2255 outUps 2251 outMDs 801 outSDs 1060 n1Any 649 n1All 332 n2Any 173 n2All 71
Summary for layer 9 h1GeV 307 h2GeV 62 refLos 1427 refUps 1429 refMDs 589 outLos 1350 outUps 1351 outMDs 545 outSDs 626 n1Any 424 n1All 277 n2Any 95 n2All 62
Summary for layer 10 h1GeV 264 h2GeV 52 refLos 939 refUps 935 refMDs 482 outLos 886 outUps 882 outMDs 458 outSDs 484 n1Any 314 n1All 239 n2Any 66 n2All 52
		sdl5-7 2530 sdl7-9 686
Load hits 
Convert seeds to SuperDoublets
Loaded nSeeds (pt>1 and |eta|<1.6) 276
Combine MDs 
Link SuperDoublet pairs to SDLinks
SD links stat 0-5 nAll 5531592 nDZ 1684191 nDZPnt 43134 nAlp 4930 nInAlpC 3930 nOutAlpC 2285 ndBeta 1106 final 1106
SD links stat 0-7 nAll 614376 nDZ 256502 nDZPnt 21052 nAlp 4582 nInAlpC 3975 nOutAlpC 2853 ndBeta 354 final 354
SD links stat 5-7 nAll 44613492 nDZ 9658068 nDZPnt 956333 nAlp 175254 nInAlpC 137763 nOutAlpC 103041 ndBeta 2460 final 2460
SD links stat 7-9 nAll 1297758 nDZ 298412 nDZPnt 298412 nAlp 61965 nInAlpC 44769 nOutAlpC 33485 ndBeta 665 final 665
Print stats
Summary for layer 5 h1GeV 555 h2GeV 126 refLos 7252 refUps 7275 refMDs 3906 outLos 7357 outUps 7357 outMDs 3415 outSDs 20042 n1Any 9073 n1All 534 n2Any 3031 n2All 126
Summary for layer 6 h1GeV 473 h2GeV 111 refLos 5052 refUps 5043 refMDs 1817 outLos 5000 outUps 4995 outMDs 1585 outSDs 4640 n1Any 2702 n1All 443 n2Any 963 n2All 111
Summary for layer 7 h1GeV 392 h2GeV 95 refLos 3469 refUps 3470 refMDs 1160 outLos 3362 outUps 3364 outMDs 1025 outSDs 2226 n1Any 1392 n1All 371 n2Any 537 n2All 95
Summary for layer 8 h1GeV 327 h2GeV 81 refLos 2216 refUps 2214 refMDs 833 outLos 2115 outUps 2119 outMDs 753 outSDs 1021 n1Any 659 n1All 302 n2Any 200 n2All 81
Summary for layer 9 h1GeV 276 h2GeV 73 refLos 1318 refUps 1317 refMDs 543 outLos 1260 outUps 1258 outMDs 517 outSDs 583 n1Any 390 n1All 247 n2Any 125 n2All 73
Summary for layer 10 h1GeV 236 h2GeV 65 refLos 847 refUps 847 refMDs 433 outLos 805 outUps 804 outMDs 399 outSDs 441 n1Any 294 n1All 206 n2Any 102 n2All 65
		sdl5-7 2460 sdl7-9 665
Load hits 
Convert seeds to SuperDoublets
Loaded nSeeds (pt>1 and |eta|<1.6) 435
Combine MDs 
Link SuperDoublet pairs to SDLinks
SD links stat 0-5 nAll 17001105 nDZ 5081747 nDZPnt 130012 nAlp 9746 nInAlpC 7519 nOutAlpC 3964 ndBeta 1850 final 1850
SD links stat 0-7 nAll 1883985 nDZ 722317 nDZPnt 59125 nAlp 12218 nInAlpC 10531 nOutAlpC 7687 ndBeta 629 final 629
SD links stat 5-7 nAll 169268473 nDZ 37290701 nDZPnt 4054524 nAlp 722460 nInAlpC 542405 nOutAlpC 397933 ndBeta 8014 final 8014
SD links stat 7-9 nAll 4114450 nDZ 851962 nDZPnt 851962 nAlp 176573 nInAlpC 125012 nOutAlpC 95701 ndBeta 1400 final 1400
Print stats
Summary for layer 5 h1GeV 873 h2GeV 201 refLos 8730 refUps 8743 refMDs 5480 outLos 8830 outUps 8826 outMDs 4707 outSDs 39083 n1Any 21296 n1All 831 n2Any 7615 n2All 199
Summary for layer 6 h1GeV 737 h2GeV 183 refLos 6287 refUps 6291 refMDs 2552 outLos 6268 outUps 6270 outMDs 2449 outSDs 10338 n1Any 6517 n1All 698 n2Any 2680 n2All 183
Summary for layer 7 h1GeV 617 h2GeV 169 refLos 4316 refUps 4323 refMDs 1656 outLos 4233 outUps 4232 outMDs 1533 outSDs 4331 n1Any 3053 n1All 582 n2Any 1238 n2All 169
Summary for layer 8 h1GeV 501 h2GeV 138 refLos 2838 refUps 2845 refMDs 1095 outLos 2720 outUps 2717 outMDs 1027 outSDs 1562 n1Any 1115 n1All 469 n2Any 433 n2All 138
Summary for layer 9 h1GeV 402 h2GeV 111 refLos 1677 refUps 1675 refMDs 760 outLos 1599 outUps 1593 outMDs 726 outSDs 950 n1Any 673 n1All 373 n2Any 248 n2All 111
Summary for layer 10 h1GeV 326 h2GeV 83 refLos 1070 refUps 1069 refMDs 554 outLos 1001 outUps 1000 outMDs 533 outSDs 601 n1Any 439 n1All 299 n2Any 130 n2All 83
		sdl5-7 8014 sdl7-9 1400
Load hits 
Convert seeds to SuperDoublets
Loaded nSeeds (pt>1 and |eta|<1.6) 322
Combine MDs 
Link SuperDoublet pairs to SDLinks
SD links stat 0-5 nAll 6034924 nDZ 1818640 nDZPnt 49537 nAlp 4686 nInAlpC 3847 nOutAlpC 2167 ndBeta 1081 final 1081
SD links stat 0-7 nAll 850402 nDZ 328337 nDZPnt 28530 nAlp 5975 nInAlpC 5292 nOutAlpC 3977 ndBeta 373 final 373
SD links stat 5-7 nAll 49497622 nDZ 10652909 nDZPnt 1147226 nAlp 215025 nInAlpC 163367 nOutAlpC 122628 ndBeta 2468 final 2468
SD links stat 7-9 nAll 1576677 nDZ 317871 nDZPnt 317871 nAlp 67352 nInAlpC 49576 nOutAlpC 37227 ndBeta 703 final 703
Print stats
Summary for layer 5 h1GeV 633 h2GeV 130 refLos 6937 refUps 6960 refMDs 3842 outLos 6973 outUps 6980 outMDs 3186 outSDs 18742 n1Any 10087 n1All 607 n2Any 2854 n2All 130
Summary for layer 6 h1GeV 536 h2GeV 112 refLos 4919 refUps 4917 refMDs 1728 outLos 4869 outUps 4867 outMDs 1584 outSDs 4540 n1Any 2933 n1All 504 n2Any 929 n2All 112
Summary for layer 7 h1GeV 435 h2GeV 94 refLos 3526 refUps 3523 refMDs 1228 outLos 3406 outUps 3413 outMDs 1145 outSDs 2641 n1Any 1609 n1All 404 n2Any 468 n2All 94
Summary for layer 8 h1GeV 353 h2GeV 75 refLos 2319 refUps 2317 refMDs 857 outLos 2201 outUps 2196 outMDs 779 outSDs 1053 n1Any 664 n1All 327 n2Any 201 n2All 75
Summary for layer 9 h1GeV 300 h2GeV 67 refLos 1390 refUps 1388 refMDs 579 outLos 1285 outUps 1285 outMDs 548 outSDs 597 n1Any 406 n1All 266 n2Any 112 n2All 67
Summary for layer 10 h1GeV 242 h2GeV 56 refLos 846 refUps 845 refMDs 437 outLos 793 outUps 790 outMDs 413 outSDs 436 n1Any 289 n1All 214 n2Any 75 n2All 56
		sdl5-7 2468 sdl7-9 703
Load hits 
Convert seeds to SuperDoublets
Loaded nSeeds (pt>1 and |eta|<1.6) 346
Combine MDs 
Link SuperDoublet pairs to SDLinks
SD links stat 0-5 nAll 7929974 nDZ 2418691 nDZPnt 62478 nAlp 5585 nInAlpC 4529 nOutAlpC 2714 ndBeta 1286 final 1286
SD links stat 0-7 nAll 973644 nDZ 383619 nDZPnt 32223 nAlp 7047 nInAlpC 6052 nOutAlpC 4423 ndBeta 466 final 466
SD links stat 5-7 nAll 64494066 nDZ 14190628 nDZPnt 1483959 nAlp 261999 nInAlpC 202654 nOutAlpC 152321 ndBeta 3207 final 3207
SD links stat 7-9 nAll 1806588 nDZ 372176 nDZPnt 372176 nAlp 75333 nInAlpC 55692 nOutAlpC 41594 ndBeta 771 final 771
Print stats
Summary for layer 5 h1GeV 648 h2GeV 103 refLos 7421 refUps 7449 refMDs 4156 outLos 7535 outUps 7525 outMDs 3693 outSDs 22919 n1Any 11213 n1All 622 n2Any 2375 n2All 101
Summary for layer 6 h1GeV 538 h2GeV 84 refLos 5257 refUps 5273 refMDs 1917 outLos 5240 outUps 5232 outMDs 1723 outSDs 5226 n1Any 3193 n1All 512 n2Any 797 n2All 84
Summary for layer 7 h1GeV 461 h2GeV 74 refLos 3709 refUps 3710 refMDs 1357 outLos 3605 outUps 3603 outMDs 1187 outSDs 2814 n1Any 1732 n1All 430 n2Any 449 n2All 74
Summary for layer 8 h1GeV 385 h2GeV 62 refLos 2490 refUps 2488 refMDs 921 outLos 2383 outUps 2384 outMDs 875 outSDs 1212 n1Any 774 n1All 351 n2Any 156 n2All 62
Summary for layer 9 h1GeV 304 h2GeV 54 refLos 1440 refUps 1435 refMDs 602 outLos 1359 outUps 1359 outMDs 567 outSDs 642 n1Any 426 n1All 272 n2Any 89 n2All 54
Summary for layer 10 h1GeV 247 h2GeV 42 refLos 895 refUps 892 refMDs 426 outLos 816 outUps 815 outMDs 420 outSDs 430 n1Any 295 n1All 216 n2Any 52 n2All 42
		sdl5-7 3207 sdl7-9 771
Load hits 
Convert seeds to SuperDoublets
Loaded nSeeds (pt>1 and |eta|<1.6) 233
Combine MDs 
Link SuperDoublet pairs to SDLinks
SD links stat 0-5 nAll 2692548 nDZ 752313 nDZPnt 19708 nAlp 2591 nInAlpC 2070 nOutAlpC 1185 ndBeta 762 final 762
SD links stat 0-7 nAll 440137 nDZ 176779 nDZPnt 15254 nAlp 3568 nInAlpC 3053 nOutAlpC 2293 ndBeta 306 final 306
SD links stat 5-7 nAll 21829284 nDZ 4238123 nDZPnt 477133 nAlp 87932 nInAlpC 67227 nOutAlpC 50116 ndBeta 1400 final 1400
SD links stat 7-9 nAll 812270 nDZ 166859 nDZPnt 166859 nAlp 36634 nInAlpC 26059 nOutAlpC 19291 ndBeta 426 final 426
Print stats
Summary for layer 5 h1GeV 529 h2GeV 114 refLos 6205 refUps 6217 refMDs 3035 outLos 6263 outUps 6265 outMDs 2616 outSDs 11556 n1Any 6002 n1All 505 n2Any 1882 n2All 114
Summary for layer 6 h1GeV 420 h2GeV 91 refLos 4257 refUps 4254 refMDs 1432 outLos 4232 outUps 4224 outMDs 1255 outSDs 3117 n1Any 1958 n1All 399 n2Any 601 n2All 91
Summary for layer 7 h1GeV 345 h2GeV 68 refLos 3037 refUps 3039 refMDs 991 outLos 2931 outUps 2931 outMDs 907 outSDs 1889 n1Any 1178 n1All 324 n2Any 381 n2All 68
Summary for layer 8 h1GeV 284 h2GeV 59 refLos 1926 refUps 1927 refMDs 684 outLos 1829 outUps 1826 outMDs 670 outSDs 791 n1Any 502 n1All 258 n2Any 149 n2All 59
Summary for layer 9 h1GeV 220 h2GeV 47 refLos 1084 refUps 1084 refMDs 457 outLos 1022 outUps 1021 outMDs 428 outSDs 430 n1Any 269 n1All 190 n2Any 77 n2All 47
Summary for layer 10 h1GeV 183 h2GeV 42 refLos 706 refUps 706 refMDs 314 outLos 662 outUps 660 outMDs 314 outSDs 304 n1Any 183 n1All 148 n2Any 60 n2All 42
		sdl5-7 1400 sdl7-9 426
Load hits 
Convert seeds to SuperDoublets
Loaded nSeeds (pt>1 and |eta|<1.6) 345
Combine MDs 
Link SuperDoublet pairs to SDLinks
SD links stat 0-5 nAll 10658775 nDZ 3204039 nDZPnt 80970 nAlp 6759 nInAlpC 5493 nOutAlpC 3238 ndBeta 1549 final 1549
SD links stat 0-7 nAll 1043280 nDZ 398445 nDZPnt 34885 nAlp 7928 nInAlpC 6873 nOutAlpC 5271 ndBeta 470 final 470
SD links stat 5-7 nAll 93426480 nDZ 20444788 nDZPnt 2113960 nAlp 386050 nInAlpC 291382 nOutAlpC 218636 ndBeta 3819 final 3819
SD links stat 7-9 nAll 1799280 nDZ 353928 nDZPnt 353928 nAlp 69712 nInAlpC 51142 nOutAlpC 39025 ndBeta 695 final 695
Print stats
Summary for layer 5 h1GeV 666 h2GeV 150 refLos 8216 refUps 8234 refMDs 4926 outLos 8287 outUps 8286 outMDs 4285 outSDs 30895 n1Any 14533 n1All 637 n2Any 5157 n2All 150
Summary for layer 6 h1GeV 542 h2GeV 121 refLos 5665 refUps 5671 refMDs 2081 outLos 5629 outUps 5633 outMDs 1886 outSDs 6440 n1Any 3911 n1All 521 n2Any 1181 n2All 121
Summary for layer 7 h1GeV 448 h2GeV 101 refLos 3986 refUps 3983 refMDs 1404 outLos 3857 outUps 3854 outMDs 1234 outSDs 3024 n1Any 1791 n1All 421 n2Any 578 n2All 101
Summary for layer 8 h1GeV 360 h2GeV 85 refLos 2563 refUps 2560 refMDs 909 outLos 2432 outUps 2430 outMDs 870 outSDs 1203 n1Any 783 n1All 331 n2Any 260 n2All 85
Summary for layer 9 h1GeV 284 h2GeV 71 refLos 1444 refUps 1439 refMDs 602 outLos 1362 outUps 1362 outMDs 566 outSDs 595 n1Any 375 n1All 257 n2Any 120 n2All 71
Summary for layer 10 h1GeV 234 h2GeV 59 refLos 857 refUps 856 refMDs 406 outLos 805 outUps 806 outMDs 395 outSDs 399 n1Any 257 n1All 206 n2Any 78 n2All 59
		sdl5-7 3819 sdl7-9 695
Load hits 
Convert seeds to SuperDoublets
Loaded nSeeds (pt>1 and |eta|<1.6) 387
Combine MDs 
Link SuperDoublet pairs to SDLinks
SD links stat 0-5 nAll 10385145 nDZ 3303114 nDZPnt 85258 nAlp 7653 nInAlpC 5644 nOutAlpC 3056 ndBeta 1393 final 1393
SD links stat 0-7 nAll 1343277 nDZ 518746 nDZPnt 44814 nAlp 10114 nInAlpC 8403 nOutAlpC 6344 ndBeta 540 final 540
SD links stat 5-7 nAll 93144285 nDZ 21422374 nDZPnt 2299276 nAlp 441973 nInAlpC 326654 nOutAlpC 240732 ndBeta 4902 final 4902
SD links stat 7-9 nAll 2447055 nDZ 474387 nDZPnt 474387 nAlp 100543 nInAlpC 73670 nOutAlpC 55783 ndBeta 897 final 897
Print stats
Summary for layer 5 h1GeV 692 h2GeV 144 refLos 7733 refUps 7750 refMDs 4532 outLos 7830 outUps 7821 outMDs 3845 outSDs 26835 n1Any 13747 n1All 653 n2Any 4360 n2All 142
Summary for layer 6 h1GeV 584 h2GeV 122 refLos 5390 refUps 5392 refMDs 1945 outLos 5308 outUps 5297 outMDs 1795 outSDs 5890 n1Any 3787 n1All 556 n2Any 1209 n2All 122
Summary for layer 7 h1GeV 501 h2GeV 110 refLos 3825 refUps 3822 refMDs 1435 outLos 3718 outUps 3717 outMDs 1307 outSDs 3471 n1Any 2236 n1All 475 n2Any 742 n2All 110
Summary for layer 8 h1GeV 409 h2GeV 93 refLos 2502 refUps 2505 refMDs 942 outLos 2396 outUps 2390 outMDs 900 outSDs 1260 n1Any 836 n1All 380 n2Any 235 n2All 93
Summary for layer 9 h1GeV 322 h2GeV 68 refLos 1467 refUps 1463 refMDs 622 outLos 1378 outUps 1373 outMDs 590 outSDs 705 n1Any 479 n1All 292 n2Any 140 n2All 68
Summary for layer 10 h1GeV 250 h2GeV 57 refLos 885 refUps 882 refMDs 449 outLos 850 outUps 848 outMDs 428 outSDs 460 n1Any 313 n1All 214 n2Any 83 n2All 57
		sdl5-7 4902 sdl7-9 897
Load hits 
Convert seeds to SuperDoublets
Loaded nSeeds (pt>1 and |eta|<1.6) 393
Combine MDs 
Link SuperDoublet pairs to SDLinks
SD links stat 0-5 nAll 13841853 nDZ 4147640 nDZPnt 107814 nAlp 7829 nInAlpC 6439 nOutAlpC 3515 ndBeta 1640 final 1640
SD links stat 0-7 nAll 1400259 nDZ 548674 nDZPnt 46631 nAlp 9821 nInAlpC 8609 nOutAlpC 6302 ndBeta 542 final 542
SD links stat 5-7 nAll 125492423 nDZ 27264500 nDZPnt 3090754 nAlp 595279 nInAlpC 452358 nOutAlpC 340206 ndBeta 5531 final 5531
SD links stat 7-9 nAll 2508352 nDZ 477060 nDZPnt 477060 nAlp 95326 nInAlpC 69478 nOutAlpC 52337 ndBeta 858 final 858
Print stats
Summary for layer 5 h1GeV 768 h2GeV 175 refLos 8648 refUps 8664 refMDs 5291 outLos 8760 outUps 8756 outMDs 4640 outSDs 35221 n1Any 16898 n1All 744 n2Any 5286 n2All 174
Summary for layer 6 h1GeV 641 h2GeV 153 refLos 5891 refUps 5883 refMDs 2270 outLos 5805 outUps 5809 outMDs 2001 outSDs 7346 n1Any 4621 n1All 617 n2Any 1809 n2All 153
Summary for layer 7 h1GeV 529 h2GeV 134 refLos 4076 refUps 4079 refMDs 1502 outLos 3956 outUps 3959 outMDs 1371 outSDs 3563 n1Any 2428 n1All 500 n2Any 957 n2All 134
Summary for layer 8 h1GeV 443 h2GeV 118 refLos 2653 refUps 2652 refMDs 1045 outLos 2534 outUps 2530 outMDs 955 outSDs 1516 n1Any 1006 n1All 412 n2Any 357 n2All 118
Summary for layer 9 h1GeV 333 h2GeV 73 refLos 1520 refUps 1520 refMDs 674 outLos 1422 outUps 1424 outMDs 605 outSDs 704 n1Any 486 n1All 300 n2Any 113 n2All 73
Summary for layer 10 h1GeV 263 h2GeV 64 refLos 968 refUps 968 refMDs 466 outLos 920 outUps 916 outMDs 449 outSDs 454 n1Any 294 n1All 231 n2Any 77 n2All 64
		sdl5-7 5531 sdl7-9 858
Load hits 
Convert seeds to SuperDoublets
Loaded nSeeds (pt>1 and |eta|<1.6) 376
Combine MDs 
Link SuperDoublet pairs to SDLinks
SD links stat 0-5 nAll 10150496 nDZ 2901052 nDZPnt 78245 nAlp 6781 nInAlpC 5365 nOutAlpC 3130 ndBeta 1619 final 1619
SD links stat 0-7 nAll 1238544 nDZ 460125 nDZPnt 41521 nAlp 9087 nInAlpC 7959 nOutAlpC 5762 ndBeta 527 final 527
SD links stat 5-7 nAll 88924824 nDZ 18277460 nDZPnt 1907356 nAlp 349647 nInAlpC 261545 nOutAlpC 191645 ndBeta 3875 final 3875
SD links stat 7-9 nAll 2490264 nDZ 495212 nDZPnt 495212 nAlp 98597 nInAlpC 72157 nOutAlpC 54455 ndBeta 853 final 853
Print stats
Summary for layer 5 h1GeV 695 h2GeV 136 refLos 8025 refUps 8036 refMDs 4631 outLos 8099 outUps 8092 outMDs 4052 outSDs 26996 n1Any 12907 n1All 672 n2Any 3673 n2All 136
Summary for layer 6 h1GeV 581 h2GeV 110 refLos 5657 refUps 5672 refMDs 2077 outLos 5644 outUps 5643 outMDs 1872 outSDs 6063 n1Any 3640 n1All 554 n2Any 916 n2All 110
Summary for layer 7 h1GeV 479 h2GeV 87 refLos 3990 refUps 3991 refMDs 1465 outLos 3852 outUps 3850 outMDs 1320 outSDs 3294 n1Any 1957 n1All 447 n2Any 476 n2All 87
Summary for layer 8 h1GeV 394 h2GeV 74 refLos 2589 refUps 2589 refMDs 1022 outLos 2450 outUps 2451 outMDs 939 outSDs 1404 n1Any 897 n1All 364 n2Any 229 n2All 74
Summary for layer 9 h1GeV 317 h2GeV 61 refLos 1537 refUps 1538 refMDs 681 outLos 1441 outUps 1439 outMDs 607 outSDs 756 n1Any 508 n1All 281 n2Any 136 n2All 61
Summary for layer 10 h1GeV 249 h2GeV 45 refLos 919 refUps 920 refMDs 449 outLos 863 outUps 861 outMDs 402 outSDs 436 n1Any 276 n1All 213 n2Any 60 n2All 45
		sdl5-7 3875 sdl7-9 853
Load hits 
Convert seeds to SuperDoublets
Loaded nSeeds (pt>1 and |eta|<1.6) 307
Combine MDs 
Link SuperDoublet pairs to SDLinks
SD links stat 0-5 nAll 4731484 nDZ 1468333 nDZPnt 37753 nAlp 3975 nInAlpC 3258 nOutAlpC 1762 ndBeta 1043 final 1043
SD links stat 0-7 nAll 678470 nDZ 260327 nDZPnt 22588 nAlp 5064 nInAlpC 4428 nOutAlpC 3197 ndBeta 368 final 368
SD links stat 5-7 nAll 34060520 nDZ 7522355 nDZPnt 830310 nAlp 166042 nInAlpC 125419 nOutAlpC 91514 ndBeta 2452 final 2452
SD links stat 7-9 nAll 1149200 nDZ 216164 nDZPnt 216164 nAlp 49335 nInAlpC 35576 nOutAlpC 27755 ndBeta 548 final 548
Print stats
Summary for layer 5 h1GeV 604 h2GeV 131 refLos 6647 refUps 6656 refMDs 3381 outLos 6713 outUps 6712 outMDs 3034 outSDs 15412 n1Any 8428 n1All 583 n2Any 2609 n2All 130
Summary for layer 6 h1GeV 500 h2GeV 117 refLos 4619 refUps 4622 refMDs 1617 outLos 4605 outUps 4601 outMDs 1533 outSDs 4259 n1Any 2811 n1All 485 n2Any 1038 n2All 117
Summary for layer 7 h1GeV 433 h2GeV 107 refLos 3319 refUps 3322 refMDs 1138 outLos 3204 outUps 3205 outMDs 1021 outSDs 2210 n1Any 1471 n1All 408 n2Any 574 n2All 107
Summary for layer 8 h1GeV 346 h2GeV 80 refLos 2071 refUps 2070 refMDs 763 outLos 1992 outUps 1992 outMDs 742 outSDs 936 n1Any 647 n1All 318 n2Any 200 n2All 80
Summary for layer 9 h1GeV 263 h2GeV 57 refLos 1250 refUps 1247 refMDs 501 outLos 1171 outUps 1166 outMDs 461 outSDs 520 n1Any 352 n1All 231 n2Any 99 n2All 57
Summary for layer 10 h1GeV 229 h2GeV 56 refLos 755 refUps 753 refMDs 383 outLos 713 outUps 711 outMDs 362 outSDs 367 n1Any 241 n1All 194 n2Any 67 n2All 56
		sdl5-7 2452 sdl7-9 548
Timer results for timeLayout
Real time 0:00:03.599, CP time 3.590, 31 slices
----------------------------------
Timer results for timeReco
Real time 0:18:24.570, CP time 1102.120, 31 slices
----------------------------------
Timer results for timeValidation
Real time 0:06:57.412, CP time 416.470, 31 slices
----------------------------------
2933 make efficiencies 
3004 draw and print 
3931 write to file 
3940 Done 
(int) 0
