Running in mockMode 3
Running with SD distance 16
Running with useSeeds 1
Load hits 
Convert seeds to SuperDoublets
Loaded nSeeds (pt>1 and |eta|<1.6) 285
Combine MDs 
Link SuperDoublet pairs to SDLinks
SD links stat 0-5 nAll 9244260 nDZ 2854652 nDZPnt 75209 nAlp 8250 nInAlpC 6787 nOutAlpC 3811 ndBeta 892 final 892
SD links stat 0-7 nAll 1086135 nDZ 429719 nDZPnt 33967 nAlp 8087 nInAlpC 6736 nOutAlpC 5068 ndBeta 372 final 372
SD links stat 5-7 nAll 123613596 nDZ 28149729 nDZPnt 2456499 nAlp 609227 nInAlpC 466788 nOutAlpC 327629 ndBeta 5800 final 5800
SD links stat 7-9 nAll 2461906 nDZ 529882 nDZPnt 529882 nAlp 129910 nInAlpC 94599 nOutAlpC 71532 ndBeta 995 final 995
Print stats
Summary for layer 5 h1GeV 575 h2GeV 129 refLos 6826 refUps 6857 refMDs 3596 outLos 6999 outUps 7005 outMDs 3185 outSDs 32436 n1Any 15530 n1All 460 n2Any 5627 n2All 127
Summary for layer 6 h1GeV 474 h2GeV 116 refLos 4723 refUps 4723 refMDs 1625 outLos 4617 outUps 4613 outMDs 1521 outSDs 6852 n1Any 4263 n1All 387 n2Any 1630 n2All 115
Summary for layer 7 h1GeV 397 h2GeV 97 refLos 3311 refUps 3304 refMDs 1101 outLos 3192 outUps 3193 outMDs 1083 outSDs 3811 n1Any 2516 n1All 330 n2Any 1108 n2All 97
Summary for layer 8 h1GeV 317 h2GeV 81 refLos 2120 refUps 2119 refMDs 742 outLos 1981 outUps 1977 outMDs 700 outSDs 1413 n1Any 1036 n1All 265 n2Any 454 n2All 79
Summary for layer 9 h1GeV 256 h2GeV 64 refLos 1273 refUps 1271 refMDs 491 outLos 1175 outUps 1174 outMDs 496 outSDs 646 n1Any 462 n1All 207 n2Any 191 n2All 64
Summary for layer 10 h1GeV 208 h2GeV 47 refLos 738 refUps 736 refMDs 347 outLos 682 outUps 680 outMDs 339 outSDs 354 n1Any 259 n1All 163 n2Any 78 n2All 45
		sdl5-7 5800 sdl7-9 995
Load hits 
Convert seeds to SuperDoublets
Loaded nSeeds (pt>1 and |eta|<1.6) 436
Combine MDs 
Link SuperDoublet pairs to SDLinks
SD links stat 0-5 nAll 36074640 nDZ 12388781 nDZPnt 308393 nAlp 22846 nInAlpC 17440 nOutAlpC 10986 ndBeta 1891 final 1891
SD links stat 0-7 nAll 3539448 nDZ 1448698 nDZPnt 117338 nAlp 25947 nInAlpC 22426 nOutAlpC 17692 ndBeta 923 final 923
SD links stat 5-7 nAll 671683320 nDZ 174135803 nDZPnt 13964178 nAlp 2863767 nInAlpC 2151720 nOutAlpC 1576760 ndBeta 16559 final 16559
SD links stat 7-9 nAll 9912078 nDZ 2244171 nDZPnt 2244171 nAlp 498638 nInAlpC 358787 nOutAlpC 266012 ndBeta 2200 final 2200
Print stats
Summary for layer 5 h1GeV 794 h2GeV 151 refLos 8990 refUps 9011 refMDs 5694 outLos 9202 outUps 9212 outMDs 4959 outSDs 82740 n1Any 40007 n1All 662 n2Any 11788 n2All 151
Summary for layer 6 h1GeV 676 h2GeV 133 refLos 6298 refUps 6302 refMDs 2524 outLos 6222 outUps 6231 outMDs 2338 outSDs 16304 n1Any 9951 n1All 554 n2Any 2921 n2All 132
Summary for layer 7 h1GeV 584 h2GeV 121 refLos 4523 refUps 4520 refMDs 1766 outLos 4346 outUps 4348 outMDs 1614 outSDs 8118 n1Any 5212 n1All 485 n2Any 1789 n2All 120
Summary for layer 8 h1GeV 483 h2GeV 107 refLos 3067 refUps 3059 refMDs 1204 outLos 2896 outUps 2894 outMDs 1202 outSDs 2833 n1Any 1924 n1All 404 n2Any 689 n2All 106
Summary for layer 9 h1GeV 394 h2GeV 94 refLos 1832 refUps 1832 refMDs 791 outLos 1668 outUps 1673 outMDs 762 outSDs 1221 n1Any 889 n1All 326 n2Any 303 n2All 93
Summary for layer 10 h1GeV 326 h2GeV 81 refLos 1128 refUps 1128 refMDs 573 outLos 1038 outUps 1039 outMDs 582 outSDs 696 n1Any 505 n1All 272 n2Any 175 n2All 81
		sdl5-7 16559 sdl7-9 2200
Load hits 
Convert seeds to SuperDoublets
Loaded nSeeds (pt>1 and |eta|<1.6) 323
Combine MDs 
Link SuperDoublet pairs to SDLinks
SD links stat 0-5 nAll 13771751 nDZ 4552681 nDZPnt 115716 nAlp 10301 nInAlpC 8713 nOutAlpC 5208 ndBeta 1278 final 1278
SD links stat 0-7 nAll 1582377 nDZ 647965 nDZPnt 50911 nAlp 11369 nInAlpC 9711 nOutAlpC 7540 ndBeta 506 final 506
SD links stat 5-7 nAll 208878663 nDZ 51409297 nDZPnt 4048063 nAlp 768080 nInAlpC 574170 nOutAlpC 407867 ndBeta 6041 final 6041
SD links stat 7-9 nAll 4673646 nDZ 1115036 nDZPnt 1115036 nAlp 233876 nInAlpC 164541 nOutAlpC 120347 ndBeta 1367 final 1367
Print stats
Summary for layer 5 h1GeV 639 h2GeV 135 refLos 7459 refUps 7476 refMDs 4118 outLos 7645 outUps 7648 outMDs 3679 outSDs 42637 n1Any 21309 n1All 537 n2Any 6719 n2All 134
Summary for layer 6 h1GeV 539 h2GeV 117 refLos 5114 refUps 5114 refMDs 1857 outLos 5057 outUps 5055 outMDs 1711 outSDs 9683 n1Any 6253 n1All 462 n2Any 2183 n2All 116
Summary for layer 7 h1GeV 460 h2GeV 102 refLos 3713 refUps 3718 refMDs 1334 outLos 3566 outUps 3569 outMDs 1190 outSDs 4899 n1Any 3261 n1All 395 n2Any 1098 n2All 102
Summary for layer 8 h1GeV 398 h2GeV 86 refLos 2460 refUps 2447 refMDs 959 outLos 2300 outUps 2301 outMDs 879 outSDs 1833 n1Any 1314 n1All 346 n2Any 465 n2All 86
Summary for layer 9 h1GeV 324 h2GeV 77 refLos 1470 refUps 1467 refMDs 636 outLos 1344 outUps 1346 outMDs 639 outSDs 954 n1Any 696 n1All 278 n2Any 256 n2All 77
Summary for layer 10 h1GeV 279 h2GeV 67 refLos 951 refUps 949 refMDs 474 outLos 867 outUps 866 outMDs 471 outSDs 558 n1Any 425 n1All 232 n2Any 150 n2All 67
		sdl5-7 6041 sdl7-9 1367
Load hits 
Convert seeds to SuperDoublets
Loaded nSeeds (pt>1 and |eta|<1.6) 431
Combine MDs 
Link SuperDoublet pairs to SDLinks
SD links stat 0-5 nAll 33826173 nDZ 11217216 nDZPnt 281558 nAlp 18996 nInAlpC 15275 nOutAlpC 9549 ndBeta 1862 final 1862
SD links stat 0-7 nAll 2976486 nDZ 1196482 nDZPnt 91644 nAlp 18579 nInAlpC 16020 nOutAlpC 12427 ndBeta 732 final 732
SD links stat 5-7 nAll 542003598 nDZ 135629582 nDZPnt 10508810 nAlp 1891783 nInAlpC 1429626 nOutAlpC 1048134 ndBeta 11124 final 11124
SD links stat 7-9 nAll 8010960 nDZ 1829106 nDZPnt 1829106 nAlp 380078 nInAlpC 279857 nOutAlpC 211287 ndBeta 1891 final 1891
Print stats
Summary for layer 5 h1GeV 805 h2GeV 181 refLos 8885 refUps 8912 refMDs 5722 outLos 9094 outUps 9101 outMDs 4813 outSDs 78483 n1Any 36782 n1All 667 n2Any 11471 n2All 180
Summary for layer 6 h1GeV 668 h2GeV 159 refLos 6207 refUps 6204 refMDs 2414 outLos 6100 outUps 6103 outMDs 2234 outSDs 15084 n1Any 9135 n1All 554 n2Any 3011 n2All 159
Summary for layer 7 h1GeV 557 h2GeV 135 refLos 4433 refUps 4434 refMDs 1647 outLos 4287 outUps 4288 outMDs 1498 outSDs 6906 n1Any 4499 n1All 467 n2Any 1566 n2All 134
Summary for layer 8 h1GeV 471 h2GeV 118 refLos 2886 refUps 2883 refMDs 1148 outLos 2716 outUps 2718 outMDs 1094 outSDs 2517 n1Any 1775 n1All 401 n2Any 669 n2All 118
Summary for layer 9 h1GeV 386 h2GeV 104 refLos 1765 refUps 1767 refMDs 765 outLos 1640 outUps 1638 outMDs 742 outSDs 1160 n1Any 830 n1All 330 n2Any 299 n2All 103
Summary for layer 10 h1GeV 321 h2GeV 83 refLos 1157 refUps 1160 refMDs 591 outLos 1051 outUps 1050 outMDs 599 outSDs 752 n1Any 537 n1All 276 n2Any 190 n2All 83
		sdl5-7 11124 sdl7-9 1891
Load hits 
Convert seeds to SuperDoublets
Loaded nSeeds (pt>1 and |eta|<1.6) 313
Combine MDs 
Link SuperDoublet pairs to SDLinks
SD links stat 0-5 nAll 13920362 nDZ 4394157 nDZPnt 117692 nAlp 10059 nInAlpC 8245 nOutAlpC 4900 ndBeta 1100 final 1100
SD links stat 0-7 nAll 1339014 nDZ 526902 nDZPnt 44473 nAlp 9026 nInAlpC 7834 nOutAlpC 6094 ndBeta 453 final 453
SD links stat 5-7 nAll 190259772 nDZ 44577715 nDZPnt 3684286 nAlp 686534 nInAlpC 519746 nOutAlpC 385528 ndBeta 5173 final 5173
SD links stat 7-9 nAll 2986044 nDZ 678533 nDZPnt 678533 nAlp 139005 nInAlpC 100346 nOutAlpC 74546 ndBeta 1098 final 1098
Print stats
Summary for layer 5 h1GeV 627 h2GeV 132 refLos 7527 refUps 7560 refMDs 4201 outLos 7724 outUps 7727 outMDs 3748 outSDs 44474 n1Any 19836 n1All 521 n2Any 6196 n2All 131
Summary for layer 6 h1GeV 520 h2GeV 118 refLos 5220 refUps 5219 refMDs 1854 outLos 5092 outUps 5096 outMDs 1703 outSDs 8828 n1Any 5244 n1All 418 n2Any 1773 n2All 118
Summary for layer 7 h1GeV 426 h2GeV 93 refLos 3629 refUps 3626 refMDs 1266 outLos 3503 outUps 3503 outMDs 1174 outSDs 4278 n1Any 2738 n1All 355 n2Any 946 n2All 93
Summary for layer 8 h1GeV 333 h2GeV 76 refLos 2309 refUps 2306 refMDs 826 outLos 2158 outUps 2158 outMDs 791 outSDs 1486 n1Any 1040 n1All 285 n2Any 382 n2All 76
Summary for layer 9 h1GeV 287 h2GeV 69 refLos 1337 refUps 1334 refMDs 538 outLos 1213 outUps 1210 outMDs 528 outSDs 698 n1Any 523 n1All 234 n2Any 195 n2All 69
Summary for layer 10 h1GeV 230 h2GeV 61 refLos 809 refUps 812 refMDs 392 outLos 719 outUps 721 outMDs 386 outSDs 426 n1Any 308 n1All 180 n2Any 116 n2All 60
		sdl5-7 5173 sdl7-9 1098
Load hits 
Convert seeds to SuperDoublets
Loaded nSeeds (pt>1 and |eta|<1.6) 346
Combine MDs 
Link SuperDoublet pairs to SDLinks
SD links stat 0-5 nAll 17484418 nDZ 5726547 nDZPnt 155866 nAlp 13791 nInAlpC 9851 nOutAlpC 5544 ndBeta 1238 final 1238
SD links stat 0-7 nAll 1669104 nDZ 643754 nDZPnt 56206 nAlp 13055 nInAlpC 10856 nOutAlpC 8150 ndBeta 552 final 552
SD links stat 5-7 nAll 243771192 nDZ 59192029 nDZPnt 5055422 nAlp 1167251 nInAlpC 868767 nOutAlpC 607267 ndBeta 8523 final 8523
SD links stat 7-9 nAll 3362328 nDZ 688254 nDZPnt 688254 nAlp 158095 nInAlpC 112020 nOutAlpC 83758 ndBeta 994 final 994
Print stats
Summary for layer 5 h1GeV 626 h2GeV 137 refLos 7780 refUps 7808 refMDs 4405 outLos 7956 outUps 7967 outMDs 3918 outSDs 50533 n1Any 23788 n1All 535 n2Any 8278 n2All 136
Summary for layer 6 h1GeV 509 h2GeV 117 refLos 5412 refUps 5420 refMDs 1954 outLos 5312 outUps 5307 outMDs 1801 outSDs 10572 n1Any 6174 n1All 424 n2Any 2486 n2All 117
Summary for layer 7 h1GeV 429 h2GeV 106 refLos 3785 refUps 3795 refMDs 1290 outLos 3651 outUps 3654 outMDs 1249 outSDs 4824 n1Any 3052 n1All 361 n2Any 1265 n2All 106
Summary for layer 8 h1GeV 356 h2GeV 96 refLos 2399 refUps 2397 refMDs 837 outLos 2245 outUps 2246 outMDs 842 outSDs 1717 n1Any 1209 n1All 302 n2Any 534 n2All 96
Summary for layer 9 h1GeV 271 h2GeV 77 refLos 1394 refUps 1392 refMDs 524 outLos 1246 outUps 1250 outMDs 539 outSDs 697 n1Any 514 n1All 229 n2Any 182 n2All 76
Summary for layer 10 h1GeV 224 h2GeV 64 refLos 853 refUps 854 refMDs 396 outLos 786 outUps 786 outMDs 388 outSDs 435 n1Any 318 n1All 185 n2Any 132 n2All 64
		sdl5-7 8523 sdl7-9 994
Load hits 
Convert seeds to SuperDoublets
Loaded nSeeds (pt>1 and |eta|<1.6) 333
Combine MDs 
Link SuperDoublet pairs to SDLinks
SD links stat 0-5 nAll 15269382 nDZ 4882632 nDZPnt 126040 nAlp 10268 nInAlpC 8415 nOutAlpC 4895 ndBeta 1225 final 1225
SD links stat 0-7 nAll 1543122 nDZ 593789 nDZPnt 48765 nAlp 10136 nInAlpC 8804 nOutAlpC 6829 ndBeta 441 final 441
SD links stat 5-7 nAll 212487436 nDZ 50225120 nDZPnt 4146176 nAlp 744897 nInAlpC 560174 nOutAlpC 409659 ndBeta 4680 final 4680
SD links stat 7-9 nAll 3378186 nDZ 684117 nDZPnt 684117 nAlp 138192 nInAlpC 98587 nOutAlpC 72382 ndBeta 864 final 864
Print stats
Summary for layer 5 h1GeV 708 h2GeV 126 refLos 7688 refUps 7710 refMDs 4337 outLos 7870 outUps 7873 outMDs 3847 outSDs 45854 n1Any 22360 n1All 585 n2Any 5427 n2All 125
Summary for layer 6 h1GeV 588 h2GeV 108 refLos 5302 refUps 5310 refMDs 1958 outLos 5202 outUps 5206 outMDs 1752 outSDs 9809 n1Any 6088 n1All 481 n2Any 1693 n2All 108
Summary for layer 7 h1GeV 494 h2GeV 93 refLos 3765 refUps 3768 refMDs 1335 outLos 3597 outUps 3599 outMDs 1263 outSDs 4634 n1Any 2978 n1All 407 n2Any 820 n2All 93
Summary for layer 8 h1GeV 391 h2GeV 74 refLos 2369 refUps 2369 refMDs 893 outLos 2250 outUps 2251 outMDs 873 outSDs 1577 n1Any 1105 n1All 330 n2Any 302 n2All 74
Summary for layer 9 h1GeV 309 h2GeV 57 refLos 1427 refUps 1425 refMDs 576 outLos 1312 outUps 1314 outMDs 567 outSDs 729 n1Any 494 n1All 245 n2Any 117 n2All 57
Summary for layer 10 h1GeV 257 h2GeV 52 refLos 889 refUps 885 refMDs 443 outLos 819 outUps 818 outMDs 452 outSDs 488 n1Any 339 n1All 193 n2Any 95 n2All 51
		sdl5-7 4680 sdl7-9 864
Load hits 
Convert seeds to SuperDoublets
Loaded nSeeds (pt>1 and |eta|<1.6) 276
Combine MDs 
Link SuperDoublet pairs to SDLinks
SD links stat 0-5 nAll 9200460 nDZ 2977825 nDZPnt 75951 nAlp 7080 nInAlpC 5420 nOutAlpC 3170 ndBeta 856 final 856
SD links stat 0-7 nAll 1073640 nDZ 435564 nDZPnt 34564 nAlp 7651 nInAlpC 6440 nOutAlpC 5134 ndBeta 385 final 385
SD links stat 5-7 nAll 129673150 nDZ 31170819 nDZPnt 2393148 nAlp 457525 nInAlpC 337951 nOutAlpC 242786 ndBeta 3756 final 3756
SD links stat 7-9 nAll 2431250 nDZ 560288 nDZPnt 560288 nAlp 115552 nInAlpC 83122 nOutAlpC 61834 ndBeta 847 final 847
Print stats
Summary for layer 5 h1GeV 551 h2GeV 123 refLos 6997 refUps 7010 refMDs 3724 outLos 7158 outUps 7167 outMDs 3245 outSDs 33335 n1Any 15364 n1All 451 n2Any 5051 n2All 122
Summary for layer 6 h1GeV 453 h2GeV 102 refLos 4874 refUps 4874 refMDs 1639 outLos 4793 outUps 4789 outMDs 1519 outSDs 6995 n1Any 4174 n1All 370 n2Any 1261 n2All 102
Summary for layer 7 h1GeV 377 h2GeV 90 refLos 3483 refUps 3486 refMDs 1203 outLos 3345 outUps 3352 outMDs 1108 outSDs 3890 n1Any 2301 n1All 314 n2Any 917 n2All 90
Summary for layer 8 h1GeV 303 h2GeV 73 refLos 2214 refUps 2212 refMDs 775 outLos 2099 outUps 2100 outMDs 727 outSDs 1331 n1Any 870 n1All 255 n2Any 280 n2All 73
Summary for layer 9 h1GeV 262 h2GeV 64 refLos 1303 refUps 1302 refMDs 504 outLos 1196 outUps 1193 outMDs 514 outSDs 625 n1Any 439 n1All 218 n2Any 163 n2All 64
Summary for layer 10 h1GeV 219 h2GeV 56 refLos 798 refUps 800 refMDs 393 outLos 717 outUps 720 outMDs 375 outSDs 380 n1Any 276 n1All 175 n2Any 92 n2All 56
		sdl5-7 3756 sdl7-9 847
Load hits 
Convert seeds to SuperDoublets
Loaded nSeeds (pt>1 and |eta|<1.6) 519
Combine MDs 
Link SuperDoublet pairs to SDLinks
SD links stat 0-5 nAll 63998409 nDZ 21039454 nDZPnt 521629 nAlp 36057 nInAlpC 25964 nOutAlpC 16103 ndBeta 2790 final 2790
SD links stat 0-7 nAll 4976691 nDZ 1979191 nDZPnt 155139 nAlp 31937 nInAlpC 27369 nOutAlpC 21166 ndBeta 1070 final 1070
SD links stat 5-7 nAll 1182429179 nDZ 289358084 nDZPnt 22776357 nAlp 4039138 nInAlpC 3040302 nOutAlpC 2263236 ndBeta 22745 final 22745
SD links stat 7-9 nAll 13415011 nDZ 3048678 nDZPnt 3048678 nAlp 618792 nInAlpC 446943 nOutAlpC 335423 ndBeta 2729 final 2729
Print stats
Summary for layer 5 h1GeV 949 h2GeV 191 refLos 10177 refUps 10215 refMDs 7024 outLos 10399 outUps 10418 outMDs 6102 outSDs 123311 n1Any 58035 n1All 775 n2Any 16156 n2All 188
Summary for layer 6 h1GeV 796 h2GeV 165 refLos 7160 refUps 7178 refMDs 2977 outLos 7063 outUps 7067 outMDs 2739 outSDs 22168 n1Any 13672 n1All 635 n2Any 4412 n2All 165
Summary for layer 7 h1GeV 686 h2GeV 151 refLos 5060 refUps 5060 refMDs 2013 outLos 4892 outUps 4893 outMDs 1828 outSDs 9589 n1Any 6226 n1All 564 n2Any 2240 n2All 151
Summary for layer 8 h1GeV 565 h2GeV 119 refLos 3329 refUps 3325 refMDs 1327 outLos 3154 outUps 3162 outMDs 1300 outSDs 3268 n1Any 2342 n1All 465 n2Any 754 n2All 119
Summary for layer 9 h1GeV 452 h2GeV 108 refLos 1944 refUps 1938 refMDs 891 outLos 1801 outUps 1799 outMDs 839 outSDs 1399 n1Any 1069 n1All 377 n2Any 367 n2All 108
Summary for layer 10 h1GeV 376 h2GeV 89 refLos 1245 refUps 1243 refMDs 629 outLos 1096 outUps 1095 outMDs 615 outSDs 844 n1Any 644 n1All 313 n2Any 206 n2All 88
		sdl5-7 22745 sdl7-9 2729
Load hits 
Convert seeds to SuperDoublets
Loaded nSeeds (pt>1 and |eta|<1.6) 417
Combine MDs 
Link SuperDoublet pairs to SDLinks
SD links stat 0-5 nAll 28637475 nDZ 9853920 nDZPnt 255805 nAlp 18987 nInAlpC 13817 nOutAlpC 8414 ndBeta 1736 final 1736
SD links stat 0-7 nAll 2719674 nDZ 1091004 nDZPnt 89372 nAlp 18659 nInAlpC 15778 nOutAlpC 12111 ndBeta 680 final 680
SD links stat 5-7 nAll 447898350 nDZ 117197191 nDZPnt 9529164 nAlp 1707267 nInAlpC 1291538 nOutAlpC 935714 ndBeta 10954 final 10954
SD links stat 7-9 nAll 7428558 nDZ 1646927 nDZPnt 1646927 nAlp 334140 nInAlpC 243073 nOutAlpC 180573 ndBeta 1827 final 1827
Print stats
Summary for layer 5 h1GeV 809 h2GeV 171 refLos 8397 refUps 8413 refMDs 5199 outLos 8620 outUps 8625 outMDs 4543 outSDs 68675 n1Any 35714 n1All 680 n2Any 10017 n2All 170
Summary for layer 6 h1GeV 697 h2GeV 152 refLos 5854 refUps 5854 refMDs 2309 outLos 5779 outUps 5777 outMDs 2157 outSDs 14137 n1Any 9093 n1All 586 n2Any 3000 n2All 152
Summary for layer 7 h1GeV 588 h2GeV 128 refLos 4149 refUps 4151 refMDs 1616 outLos 3973 outUps 3978 outMDs 1470 outSDs 6522 n1Any 4501 n1All 497 n2Any 1576 n2All 128
Summary for layer 8 h1GeV 487 h2GeV 99 refLos 2702 refUps 2701 refMDs 1058 outLos 2573 outUps 2574 outMDs 997 outSDs 2292 n1Any 1754 n1All 413 n2Any 567 n2All 99
Summary for layer 9 h1GeV 406 h2GeV 82 refLos 1741 refUps 1743 refMDs 758 outLos 1578 outUps 1579 outMDs 727 outSDs 1139 n1Any 860 n1All 333 n2Any 237 n2All 80
Summary for layer 10 h1GeV 337 h2GeV 62 refLos 1051 refUps 1050 refMDs 548 outLos 947 outUps 945 outMDs 531 outSDs 626 n1Any 461 n1All 269 n2Any 122 n2All 62
		sdl5-7 10954 sdl7-9 1827
Load hits 
Convert seeds to SuperDoublets
Loaded nSeeds (pt>1 and |eta|<1.6) 341
Combine MDs 
Link SuperDoublet pairs to SDLinks
SD links stat 0-5 nAll 14355759 nDZ 4873959 nDZPnt 126573 nAlp 11573 nInAlpC 9652 nOutAlpC 5581 ndBeta 1363 final 1363
SD links stat 0-7 nAll 1510630 nDZ 596193 nDZPnt 50537 nAlp 10977 nInAlpC 9527 nOutAlpC 7295 ndBeta 507 final 507
SD links stat 5-7 nAll 186498570 nDZ 46571120 nDZPnt 3765648 nAlp 708569 nInAlpC 537121 nOutAlpC 383374 ndBeta 5690 final 5690
SD links stat 7-9 nAll 3650320 nDZ 763782 nDZPnt 763782 nAlp 180542 nInAlpC 129124 nOutAlpC 96765 ndBeta 1060 final 1060
Print stats
Summary for layer 5 h1GeV 684 h2GeV 135 refLos 7131 refUps 7157 refMDs 3956 outLos 7344 outUps 7349 outMDs 3606 outSDs 42099 n1Any 22294 n1All 556 n2Any 6978 n2All 134
Summary for layer 6 h1GeV 583 h2GeV 119 refLos 5030 refUps 5026 refMDs 1924 outLos 4965 outUps 4964 outMDs 1752 outSDs 9935 n1Any 6304 n1All 476 n2Any 2140 n2All 119
Summary for layer 7 h1GeV 485 h2GeV 105 refLos 3610 refUps 3607 refMDs 1288 outLos 3502 outUps 3504 outMDs 1217 outSDs 4430 n1Any 3008 n1All 408 n2Any 1140 n2All 105
Summary for layer 8 h1GeV 393 h2GeV 87 refLos 2345 refUps 2348 refMDs 921 outLos 2208 outUps 2208 outMDs 813 outSDs 1624 n1Any 1177 n1All 331 n2Any 431 n2All 87
Summary for layer 9 h1GeV 318 h2GeV 76 refLos 1411 refUps 1411 refMDs 595 outLos 1282 outUps 1278 outMDs 570 outSDs 824 n1Any 608 n1All 254 n2Any 251 n2All 76
Summary for layer 10 h1GeV 263 h2GeV 68 refLos 874 refUps 875 refMDs 415 outLos 786 outUps 783 outMDs 434 outSDs 489 n1Any 357 n1All 215 n2Any 129 n2All 68
		sdl5-7 5690 sdl7-9 1060
Load hits 
Convert seeds to SuperDoublets
Loaded nSeeds (pt>1 and |eta|<1.6) 464
Combine MDs 
Link SuperDoublet pairs to SDLinks
SD links stat 0-5 nAll 42308448 nDZ 14812614 nDZPnt 373417 nAlp 25905 nInAlpC 19271 nOutAlpC 11800 ndBeta 2403 final 2403
SD links stat 0-7 nAll 3885072 nDZ 1684631 nDZPnt 130814 nAlp 28177 nInAlpC 24675 nOutAlpC 19087 ndBeta 1076 final 1076
SD links stat 5-7 nAll 763466886 nDZ 200157148 nDZPnt 15507270 nAlp 2894253 nInAlpC 2171630 nOutAlpC 1563448 ndBeta 17945 final 17945
SD links stat 7-9 nAll 12567873 nDZ 3039391 nDZPnt 3039391 nAlp 665168 nInAlpC 467035 nOutAlpC 348930 ndBeta 3282 final 3282
Print stats
Summary for layer 5 h1GeV 910 h2GeV 186 refLos 9293 refUps 9306 refMDs 6073 outLos 9491 outUps 9499 outMDs 5141 outSDs 91182 n1Any 47760 n1All 774 n2Any 13692 n2All 184
Summary for layer 6 h1GeV 740 h2GeV 153 refLos 6512 refUps 6503 refMDs 2662 outLos 6364 outUps 6359 outMDs 2406 outSDs 18233 n1Any 11672 n1All 623 n2Any 3473 n2All 152
Summary for layer 7 h1GeV 635 h2GeV 129 refLos 4608 refUps 4605 refMDs 1762 outLos 4450 outUps 4447 outMDs 1669 outSDs 8373 n1Any 5557 n1All 539 n2Any 2001 n2All 128
Summary for layer 8 h1GeV 548 h2GeV 117 refLos 3059 refUps 3058 refMDs 1260 outLos 2905 outUps 2902 outMDs 1153 outSDs 2928 n1Any 2152 n1All 471 n2Any 744 n2All 116
Summary for layer 9 h1GeV 476 h2GeV 108 refLos 1902 refUps 1902 refMDs 873 outLos 1753 outUps 1753 outMDs 853 outSDs 1501 n1Any 1152 n1All 406 n2Any 393 n2All 108
Summary for layer 10 h1GeV 387 h2GeV 86 refLos 1179 refUps 1171 refMDs 625 outLos 1076 outUps 1072 outMDs 606 outSDs 827 n1Any 650 n1All 327 n2Any 190 n2All 86
		sdl5-7 17945 sdl7-9 3282
Load hits 
Convert seeds to SuperDoublets
Loaded nSeeds (pt>1 and |eta|<1.6) 322
Combine MDs 
Link SuperDoublet pairs to SDLinks
SD links stat 0-5 nAll 13915552 nDZ 4596662 nDZPnt 115078 nAlp 9885 nInAlpC 8089 nOutAlpC 4655 ndBeta 1133 final 1133
SD links stat 0-7 nAll 1551074 nDZ 637012 nDZPnt 51015 nAlp 10498 nInAlpC 9152 nOutAlpC 6993 ndBeta 529 final 529
SD links stat 5-7 nAll 208171472 nDZ 50942109 nDZPnt 3956661 nAlp 715641 nInAlpC 543838 nOutAlpC 393832 ndBeta 5481 final 5481
SD links stat 7-9 nAll 4147437 nDZ 953607 nDZPnt 953607 nAlp 189124 nInAlpC 134759 nOutAlpC 98787 ndBeta 1409 final 1409
Print stats
Summary for layer 5 h1GeV 664 h2GeV 155 refLos 7421 refUps 7442 refMDs 4154 outLos 7621 outUps 7620 outMDs 3751 outSDs 43216 n1Any 20835 n1All 576 n2Any 6689 n2All 153
Summary for layer 6 h1GeV 556 h2GeV 122 refLos 5171 refUps 5177 refMDs 1957 outLos 5094 outUps 5092 outMDs 1829 outSDs 10359 n1Any 6226 n1All 473 n2Any 2097 n2All 122
Summary for layer 7 h1GeV 471 h2GeV 102 refLos 3640 refUps 3639 refMDs 1316 outLos 3521 outUps 3522 outMDs 1213 outSDs 4817 n1Any 3147 n1All 408 n2Any 1116 n2All 102
Summary for layer 8 h1GeV 368 h2GeV 86 refLos 2334 refUps 2331 refMDs 900 outLos 2185 outUps 2189 outMDs 853 outSDs 1668 n1Any 1163 n1All 324 n2Any 384 n2All 86
Summary for layer 9 h1GeV 309 h2GeV 73 refLos 1385 refUps 1387 refMDs 597 outLos 1255 outUps 1256 outMDs 598 outSDs 861 n1Any 606 n1All 261 n2Any 205 n2All 73
Summary for layer 10 h1GeV 253 h2GeV 64 refLos 851 refUps 849 refMDs 417 outLos 762 outUps 761 outMDs 433 outSDs 456 n1Any 352 n1All 212 n2Any 114 n2All 63
		sdl5-7 5481 sdl7-9 1409
Load hits 
Convert seeds to SuperDoublets
Loaded nSeeds (pt>1 and |eta|<1.6) 405
Combine MDs 
Link SuperDoublet pairs to SDLinks
SD links stat 0-5 nAll 30961035 nDZ 10257819 nDZPnt 262178 nAlp 19512 nInAlpC 16038 nOutAlpC 9495 ndBeta 1934 final 1934
SD links stat 0-7 nAll 2692440 nDZ 1087469 nDZPnt 85977 nAlp 17298 nInAlpC 14806 nOutAlpC 11449 ndBeta 685 final 685
SD links stat 5-7 nAll 508219656 nDZ 123423273 nDZPnt 10040684 nAlp 1845012 nInAlpC 1392038 nOutAlpC 1016509 ndBeta 11985 final 11985
SD links stat 7-9 nAll 7066824 nDZ 1600154 nDZPnt 1600154 nAlp 356915 nInAlpC 262585 nOutAlpC 204352 ndBeta 1764 final 1764
Print stats
Summary for layer 5 h1GeV 751 h2GeV 177 refLos 8894 refUps 8916 refMDs 5563 outLos 9102 outUps 9112 outMDs 4927 outSDs 76447 n1Any 35631 n1All 637 n2Any 11747 n2All 174
Summary for layer 6 h1GeV 635 h2GeV 159 refLos 6204 refUps 6202 refMDs 2312 outLos 6135 outUps 6138 outMDs 2236 outSDs 14416 n1Any 8587 n1All 530 n2Any 3457 n2All 158
Summary for layer 7 h1GeV 536 h2GeV 145 refLos 4323 refUps 4321 refMDs 1579 outLos 4197 outUps 4197 outMDs 1456 outSDs 6648 n1Any 4256 n1All 462 n2Any 1927 n2All 145
Summary for layer 8 h1GeV 428 h2GeV 122 refLos 2810 refUps 2808 refMDs 1026 outLos 2642 outUps 2638 outMDs 1007 outSDs 2134 n1Any 1466 n1All 368 n2Any 647 n2All 121
Summary for layer 9 h1GeV 356 h2GeV 108 refLos 1655 refUps 1655 refMDs 702 outLos 1495 outUps 1496 outMDs 686 outSDs 1063 n1Any 798 n1All 303 n2Any 379 n2All 107
Summary for layer 10 h1GeV 309 h2GeV 96 refLos 1023 refUps 1022 refMDs 504 outLos 927 outUps 927 outMDs 508 outSDs 639 n1Any 489 n1All 264 n2Any 216 n2All 95
		sdl5-7 11985 sdl7-9 1764
Load hits 
Convert seeds to SuperDoublets
Loaded nSeeds (pt>1 and |eta|<1.6) 357
Combine MDs 
Link SuperDoublet pairs to SDLinks
SD links stat 0-5 nAll 18084192 nDZ 6333956 nDZPnt 158376 nAlp 14174 nInAlpC 11277 nOutAlpC 6761 ndBeta 1585 final 1585
SD links stat 0-7 nAll 1920660 nDZ 793128 nDZPnt 65378 nAlp 14247 nInAlpC 12531 nOutAlpC 9637 ndBeta 643 final 643
SD links stat 5-7 nAll 272529280 nDZ 71776163 nDZPnt 5702344 nAlp 1137035 nInAlpC 844293 nOutAlpC 577313 ndBeta 10074 final 10074
SD links stat 7-9 nAll 5428420 nDZ 1245192 nDZPnt 1245192 nAlp 270500 nInAlpC 187993 nOutAlpC 139247 ndBeta 1690 final 1690
Print stats
Summary for layer 5 h1GeV 687 h2GeV 138 refLos 7630 refUps 7661 refMDs 4320 outLos 7834 outUps 7840 outMDs 3885 outSDs 50656 n1Any 25897 n1All 568 n2Any 8608 n2All 136
Summary for layer 6 h1GeV 576 h2GeV 115 refLos 5346 refUps 5342 refMDs 1956 outLos 5244 outUps 5245 outMDs 1849 outSDs 10926 n1Any 6901 n1All 476 n2Any 2260 n2All 115
Summary for layer 7 h1GeV 512 h2GeV 107 refLos 3810 refUps 3810 refMDs 1394 outLos 3667 outUps 3671 outMDs 1309 outSDs 5380 n1Any 3526 n1All 432 n2Any 1310 n2All 107
Summary for layer 8 h1GeV 422 h2GeV 92 refLos 2536 refUps 2538 refMDs 961 outLos 2355 outUps 2358 outMDs 926 outSDs 1950 n1Any 1397 n1All 361 n2Any 519 n2All 92
Summary for layer 9 h1GeV 366 h2GeV 82 refLos 1501 refUps 1502 refMDs 672 outLos 1371 outUps 1371 outMDs 639 outSDs 1009 n1Any 763 n1All 312 n2Any 278 n2All 82
Summary for layer 10 h1GeV 295 h2GeV 78 refLos 939 refUps 934 refMDs 485 outLos 839 outUps 841 outMDs 478 outSDs 560 n1Any 413 n1All 240 n2Any 162 n2All 78
		sdl5-7 10074 sdl7-9 1690
Load hits 
Convert seeds to SuperDoublets
Loaded nSeeds (pt>1 and |eta|<1.6) 304
Combine MDs 
Link SuperDoublet pairs to SDLinks
SD links stat 0-5 nAll 10695024 nDZ 3338550 nDZPnt 85610 nAlp 7780 nInAlpC 6654 nOutAlpC 3920 ndBeta 1001 final 1001
SD links stat 0-7 nAll 1062176 nDZ 414566 nDZPnt 32777 nAlp 6993 nInAlpC 6028 nOutAlpC 4703 ndBeta 371 final 371
SD links stat 5-7 nAll 122922414 nDZ 28476821 nDZPnt 2244068 nAlp 412968 nInAlpC 316980 nOutAlpC 231629 ndBeta 3287 final 3287
SD links stat 7-9 nAll 2410860 nDZ 547815 nDZPnt 547815 nAlp 114935 nInAlpC 82774 nOutAlpC 61817 ndBeta 747 final 747
Print stats
Summary for layer 5 h1GeV 589 h2GeV 118 refLos 7269 refUps 7295 refMDs 3826 outLos 7413 outUps 7421 outMDs 3375 outSDs 35181 n1Any 16163 n1All 471 n2Any 4723 n2All 117
Summary for layer 6 h1GeV 483 h2GeV 99 refLos 5006 refUps 4999 refMDs 1667 outLos 4872 outUps 4874 outMDs 1575 outSDs 7436 n1Any 4260 n1All 390 n2Any 1360 n2All 99
Summary for layer 7 h1GeV 405 h2GeV 82 refLos 3454 refUps 3451 refMDs 1151 outLos 3336 outUps 3337 outMDs 1077 outSDs 3494 n1Any 2144 n1All 329 n2Any 676 n2All 82
Summary for layer 8 h1GeV 324 h2GeV 74 refLos 2298 refUps 2296 refMDs 830 outLos 2164 outUps 2160 outMDs 807 outSDs 1454 n1Any 895 n1All 266 n2Any 284 n2All 73
Summary for layer 9 h1GeV 264 h2GeV 63 refLos 1336 refUps 1333 refMDs 537 outLos 1216 outUps 1214 outMDs 519 outSDs 690 n1Any 461 n1All 214 n2Any 162 n2All 63
Summary for layer 10 h1GeV 219 h2GeV 49 refLos 810 refUps 809 refMDs 405 outLos 729 outUps 729 outMDs 389 outSDs 435 n1Any 298 n1All 173 n2Any 93 n2All 49
		sdl5-7 3287 sdl7-9 747
Load hits 
Convert seeds to SuperDoublets
Loaded nSeeds (pt>1 and |eta|<1.6) 257
Combine MDs 
Link SuperDoublet pairs to SDLinks
SD links stat 0-5 nAll 8073141 nDZ 2753297 nDZPnt 71901 nAlp 6469 nInAlpC 5327 nOutAlpC 3236 ndBeta 889 final 889
SD links stat 0-7 nAll 735791 nDZ 323490 nDZPnt 25066 nAlp 5648 nInAlpC 4974 nOutAlpC 3785 ndBeta 333 final 333
SD links stat 5-7 nAll 89935419 nDZ 22792081 nDZPnt 1704383 nAlp 321684 nInAlpC 240603 nOutAlpC 172804 ndBeta 3209 final 3209
SD links stat 7-9 nAll 1949703 nDZ 507388 nDZPnt 507388 nAlp 121086 nInAlpC 86441 nOutAlpC 65209 ndBeta 933 final 933
Print stats
Summary for layer 5 h1GeV 505 h2GeV 105 refLos 6701 refUps 6728 refMDs 3461 outLos 6867 outUps 6871 outMDs 3039 outSDs 31413 n1Any 14000 n1All 414 n2Any 4132 n2All 104
Summary for layer 6 h1GeV 415 h2GeV 84 refLos 4662 refUps 4668 refMDs 1536 outLos 4595 outUps 4594 outMDs 1462 outSDs 6310 n1Any 3814 n1All 337 n2Any 1238 n2All 83
Summary for layer 7 h1GeV 351 h2GeV 73 refLos 3191 refUps 3190 refMDs 950 outLos 3082 outUps 3082 outMDs 936 outSDs 2863 n1Any 1911 n1All 293 n2Any 637 n2All 73
Summary for layer 8 h1GeV 299 h2GeV 67 refLos 2103 refUps 2099 refMDs 723 outLos 1966 outUps 1964 outMDs 705 outSDs 1240 n1Any 827 n1All 251 n2Any 283 n2All 67
Summary for layer 9 h1GeV 254 h2GeV 59 refLos 1248 refUps 1247 refMDs 513 outLos 1154 outUps 1154 outMDs 489 outSDs 681 n1Any 485 n1All 214 n2Any 184 n2All 59
Summary for layer 10 h1GeV 219 h2GeV 51 refLos 774 refUps 775 refMDs 353 outLos 694 outUps 694 outMDs 355 outSDs 384 n1Any 304 n1All 180 n2Any 95 n2All 51
		sdl5-7 3209 sdl7-9 933
Load hits 
Convert seeds to SuperDoublets
Loaded nSeeds (pt>1 and |eta|<1.6) 276
Combine MDs 
Link SuperDoublet pairs to SDLinks
SD links stat 0-5 nAll 7067532 nDZ 2446652 nDZPnt 61586 nAlp 5627 nInAlpC 4875 nOutAlpC 2899 ndBeta 711 final 711
SD links stat 0-7 nAll 972900 nDZ 416782 nDZPnt 33412 nAlp 7305 nInAlpC 6423 nOutAlpC 4887 ndBeta 401 final 401
SD links stat 5-7 nAll 90264675 nDZ 23275411 nDZPnt 1774889 nAlp 319482 nInAlpC 240310 nOutAlpC 174754 ndBeta 2793 final 2793
SD links stat 7-9 nAll 2689575 nDZ 658339 nDZPnt 658339 nAlp 140833 nInAlpC 101807 nOutAlpC 75762 ndBeta 1015 final 1015
Print stats
Summary for layer 5 h1GeV 544 h2GeV 139 refLos 6270 refUps 6291 refMDs 3196 outLos 6427 outUps 6436 outMDs 2887 outSDs 25607 n1Any 12597 n1All 471 n2Any 4565 n2All 139
Summary for layer 6 h1GeV 452 h2GeV 118 refLos 4514 refUps 4518 refMDs 1522 outLos 4453 outUps 4456 outMDs 1452 outSDs 6334 n1Any 3972 n1All 382 n2Any 1439 n2All 118
Summary for layer 7 h1GeV 401 h2GeV 119 refLos 3199 refUps 3203 refMDs 1127 outLos 3106 outUps 3107 outMDs 1032 outSDs 3525 n1Any 2374 n1All 351 n2Any 1145 n2All 119
Summary for layer 8 h1GeV 341 h2GeV 102 refLos 2059 refUps 2062 refMDs 801 outLos 1938 outUps 1939 outMDs 765 outSDs 1552 n1Any 1128 n1All 303 n2Any 556 n2All 102
Summary for layer 9 h1GeV 285 h2GeV 90 refLos 1296 refUps 1296 refMDs 545 outLos 1202 outUps 1201 outMDs 551 outSDs 763 n1Any 592 n1All 251 n2Any 255 n2All 90
Summary for layer 10 h1GeV 249 h2GeV 84 refLos 848 refUps 848 refMDs 432 outLos 762 outUps 760 outMDs 446 outSDs 544 n1Any 416 n1All 215 n2Any 209 n2All 84
		sdl5-7 2793 sdl7-9 1015
Load hits 
Convert seeds to SuperDoublets
Loaded nSeeds (pt>1 and |eta|<1.6) 331
Combine MDs 
Link SuperDoublet pairs to SDLinks
SD links stat 0-5 nAll 11053745 nDZ 3550626 nDZPnt 93158 nAlp 8598 nInAlpC 6922 nOutAlpC 4005 ndBeta 1125 final 1125
SD links stat 0-7 nAll 1173064 nDZ 472297 nDZPnt 37744 nAlp 8577 nInAlpC 7563 nOutAlpC 5823 ndBeta 443 final 443
SD links stat 5-7 nAll 118351880 nDZ 27923259 nDZPnt 2225457 nAlp 422635 nInAlpC 325090 nOutAlpC 237945 ndBeta 3446 final 3446
SD links stat 7-9 nAll 2767864 nDZ 624674 nDZPnt 624674 nAlp 142408 nInAlpC 105069 nOutAlpC 78113 ndBeta 989 final 989
Print stats
Summary for layer 5 h1GeV 576 h2GeV 130 refLos 6981 refUps 7008 refMDs 3763 outLos 7132 outUps 7133 outMDs 3307 outSDs 33395 n1Any 16009 n1All 493 n2Any 4942 n2All 129
Summary for layer 6 h1GeV 488 h2GeV 121 refLos 4790 refUps 4784 refMDs 1653 outLos 4722 outUps 4720 outMDs 1568 outSDs 7383 n1Any 4414 n1All 414 n2Any 1686 n2All 121
Summary for layer 7 h1GeV 424 h2GeV 107 refLos 3385 refUps 3386 refMDs 1117 outLos 3262 outUps 3262 outMDs 1052 outSDs 3544 n1Any 2459 n1All 368 n2Any 987 n2All 107
Summary for layer 8 h1GeV 342 h2GeV 92 refLos 2198 refUps 2194 refMDs 793 outLos 2092 outUps 2089 outMDs 762 outSDs 1454 n1Any 1052 n1All 304 n2Any 436 n2All 92
Summary for layer 9 h1GeV 288 h2GeV 85 refLos 1354 refUps 1350 refMDs 561 outLos 1250 outUps 1248 outMDs 552 outSDs 781 n1Any 571 n1All 246 n2Any 237 n2All 84
Summary for layer 10 h1GeV 243 h2GeV 71 refLos 872 refUps 870 refMDs 402 outLos 785 outUps 783 outMDs 432 outSDs 471 n1Any 351 n1All 206 n2Any 115 n2All 71
		sdl5-7 3446 sdl7-9 989
Load hits 
Convert seeds to SuperDoublets
Loaded nSeeds (pt>1 and |eta|<1.6) 321
Combine MDs 
Link SuperDoublet pairs to SDLinks
SD links stat 0-5 nAll 13052181 nDZ 4268400 nDZPnt 109485 nAlp 8962 nInAlpC 7651 nOutAlpC 4762 ndBeta 1185 final 1185
SD links stat 0-7 nAll 1288494 nDZ 526021 nDZPnt 42242 nAlp 8513 nInAlpC 7384 nOutAlpC 5746 ndBeta 412 final 412
SD links stat 5-7 nAll 163213254 nDZ 39546135 nDZPnt 3081590 nAlp 549221 nInAlpC 414403 nOutAlpC 304517 ndBeta 3547 final 3547
SD links stat 7-9 nAll 3054654 nDZ 719729 nDZPnt 719729 nAlp 147812 nInAlpC 109218 nOutAlpC 81078 ndBeta 859 final 859
Print stats
Summary for layer 5 h1GeV 656 h2GeV 139 refLos 7320 refUps 7333 refMDs 4008 outLos 7483 outUps 7491 outMDs 3609 outSDs 40661 n1Any 19556 n1All 574 n2Any 5735 n2All 139
Summary for layer 6 h1GeV 540 h2GeV 116 refLos 5215 refUps 5222 refMDs 1835 outLos 5143 outUps 5140 outMDs 1766 outSDs 8743 n1Any 5245 n1All 459 n2Any 1624 n2All 114
Summary for layer 7 h1GeV 431 h2GeV 84 refLos 3649 refUps 3653 refMDs 1289 outLos 3516 outUps 3514 outMDs 1147 outSDs 4014 n1Any 2478 n1All 375 n2Any 741 n2All 84
Summary for layer 8 h1GeV 353 h2GeV 71 refLos 2352 refUps 2358 refMDs 820 outLos 2240 outUps 2241 outMDs 846 outSDs 1428 n1Any 945 n1All 309 n2Any 254 n2All 71
Summary for layer 9 h1GeV 307 h2GeV 62 refLos 1427 refUps 1429 refMDs 579 outLos 1309 outUps 1306 outMDs 588 outSDs 761 n1Any 557 n1All 259 n2Any 128 n2All 62
Summary for layer 10 h1GeV 264 h2GeV 52 refLos 939 refUps 935 refMDs 481 outLos 834 outUps 834 outMDs 470 outSDs 531 n1Any 362 n1All 222 n2Any 97 n2All 52
		sdl5-7 3547 sdl7-9 859
Load hits 
Convert seeds to SuperDoublets
Loaded nSeeds (pt>1 and |eta|<1.6) 276
Combine MDs 
Link SuperDoublet pairs to SDLinks
SD links stat 0-5 nAll 10561416 nDZ 3502337 nDZPnt 88943 nAlp 9308 nInAlpC 7466 nOutAlpC 4638 ndBeta 1035 final 1035
SD links stat 0-7 nAll 1051284 nDZ 457265 nDZPnt 36637 nAlp 7794 nInAlpC 6785 nOutAlpC 5183 ndBeta 419 final 419
SD links stat 5-7 nAll 145755194 nDZ 35597508 nDZPnt 2748526 nAlp 511787 nInAlpC 385866 nOutAlpC 282607 ndBeta 4238 final 4238
SD links stat 7-9 nAll 2666300 nDZ 682218 nDZPnt 682218 nAlp 146387 nInAlpC 103737 nOutAlpC 75780 ndBeta 963 final 963
Print stats
Summary for layer 5 h1GeV 555 h2GeV 126 refLos 7252 refUps 7275 refMDs 3913 outLos 7446 outUps 7439 outMDs 3458 outSDs 38266 n1Any 16808 n1All 456 n2Any 5483 n2All 126
Summary for layer 6 h1GeV 473 h2GeV 111 refLos 5052 refUps 5043 refMDs 1802 outLos 4935 outUps 4938 outMDs 1563 outSDs 7811 n1Any 4622 n1All 378 n2Any 1774 n2All 110
Summary for layer 7 h1GeV 392 h2GeV 95 refLos 3469 refUps 3470 refMDs 1163 outLos 3340 outUps 3345 outMDs 1112 outSDs 3809 n1Any 2462 n1All 326 n2Any 963 n2All 95
Summary for layer 8 h1GeV 327 h2GeV 81 refLos 2216 refUps 2214 refMDs 827 outLos 2104 outUps 2100 outMDs 787 outSDs 1441 n1Any 999 n1All 266 n2Any 371 n2All 81
Summary for layer 9 h1GeV 276 h2GeV 73 refLos 1318 refUps 1317 refMDs 533 outLos 1204 outUps 1200 outMDs 523 outSDs 700 n1Any 518 n1All 225 n2Any 207 n2All 73
Summary for layer 10 h1GeV 236 h2GeV 65 refLos 847 refUps 847 refMDs 426 outLos 775 outUps 772 outMDs 421 outSDs 504 n1Any 358 n1All 192 n2Any 135 n2All 64
		sdl5-7 4238 sdl7-9 963
Load hits 
Convert seeds to SuperDoublets
Loaded nSeeds (pt>1 and |eta|<1.6) 435
Combine MDs 
Link SuperDoublet pairs to SDLinks
SD links stat 0-5 nAll 33762525 nDZ 11112715 nDZPnt 280918 nAlp 19932 nInAlpC 15399 nOutAlpC 8939 ndBeta 2003 final 2003
SD links stat 0-7 nAll 3147660 nDZ 1241931 nDZPnt 98240 nAlp 19987 nInAlpC 17252 nOutAlpC 13318 ndBeta 747 final 747
SD links stat 5-7 nAll 561622140 nDZ 140979429 nDZPnt 11407857 nAlp 2077355 nInAlpC 1551042 nOutAlpC 1096759 ndBeta 16565 final 16565
SD links stat 7-9 nAll 8256276 nDZ 1873710 nDZPnt 1873710 nAlp 384261 nInAlpC 270616 nOutAlpC 203429 ndBeta 2280 final 2280
Print stats
Summary for layer 5 h1GeV 873 h2GeV 201 refLos 8730 refUps 8743 refMDs 5472 outLos 8918 outUps 8924 outMDs 4788 outSDs 77615 n1Any 40793 n1All 740 n2Any 15728 n2All 198
Summary for layer 6 h1GeV 737 h2GeV 183 refLos 6287 refUps 6291 refMDs 2562 outLos 6196 outUps 6191 outMDs 2310 outSDs 17193 n1Any 11079 n1All 615 n2Any 4529 n2All 183
Summary for layer 7 h1GeV 617 h2GeV 169 refLos 4316 refUps 4323 refMDs 1657 outLos 4167 outUps 4164 outMDs 1511 outSDs 7236 n1Any 5252 n1All 539 n2Any 2310 n2All 169
Summary for layer 8 h1GeV 501 h2GeV 138 refLos 2838 refUps 2845 refMDs 1093 outLos 2696 outUps 2697 outMDs 1069 outSDs 2376 n1Any 1787 n1All 429 n2Any 772 n2All 137
Summary for layer 9 h1GeV 402 h2GeV 111 refLos 1677 refUps 1675 refMDs 749 outLos 1559 outUps 1561 outMDs 733 outSDs 1141 n1Any 876 n1All 341 n2Any 345 n2All 110
Summary for layer 10 h1GeV 326 h2GeV 83 refLos 1070 refUps 1069 refMDs 555 outLos 968 outUps 969 outMDs 546 outSDs 718 n1Any 563 n1All 275 n2Any 183 n2All 83
		sdl5-7 16565 sdl7-9 2280
Load hits 
Convert seeds to SuperDoublets
Loaded nSeeds (pt>1 and |eta|<1.6) 322
Combine MDs 
Link SuperDoublet pairs to SDLinks
SD links stat 0-5 nAll 11589102 nDZ 3760485 nDZPnt 103837 nAlp 9761 nInAlpC 7685 nOutAlpC 4744 ndBeta 1149 final 1149
SD links stat 0-7 nAll 1340808 nDZ 531866 nDZPnt 44259 nAlp 9200 nInAlpC 8047 nOutAlpC 6304 ndBeta 437 final 437
SD links stat 5-7 nAll 149866524 nDZ 35691849 nDZPnt 2868417 nAlp 532220 nInAlpC 394778 nOutAlpC 288347 ndBeta 3727 final 3727
SD links stat 7-9 nAll 3193788 nDZ 687593 nDZPnt 687593 nAlp 144799 nInAlpC 104547 nOutAlpC 75759 ndBeta 1006 final 1006
Print stats
Summary for layer 5 h1GeV 633 h2GeV 130 refLos 6937 refUps 6960 refMDs 3831 outLos 7084 outUps 7093 outMDs 3288 outSDs 35991 n1Any 19159 n1All 531 n2Any 5681 n2All 130
Summary for layer 6 h1GeV 536 h2GeV 112 refLos 4919 refUps 4917 refMDs 1741 outLos 4858 outUps 4855 outMDs 1602 outSDs 7947 n1Any 5124 n1All 447 n2Any 1650 n2All 112
Summary for layer 7 h1GeV 435 h2GeV 94 refLos 3526 refUps 3523 refMDs 1222 outLos 3415 outUps 3417 outMDs 1171 outSDs 4164 n1Any 2681 n1All 362 n2Any 881 n2All 94
Summary for layer 8 h1GeV 353 h2GeV 75 refLos 2319 refUps 2317 refMDs 859 outLos 2174 outUps 2168 outMDs 805 outSDs 1486 n1Any 990 n1All 297 n2Any 333 n2All 73
Summary for layer 9 h1GeV 300 h2GeV 67 refLos 1390 refUps 1388 refMDs 567 outLos 1246 outUps 1249 outMDs 564 outSDs 767 n1Any 558 n1All 251 n2Any 184 n2All 66
Summary for layer 10 h1GeV 242 h2GeV 56 refLos 846 refUps 845 refMDs 425 outLos 756 outUps 756 outMDs 438 outSDs 518 n1Any 364 n1All 201 n2Any 109 n2All 56
		sdl5-7 3727 sdl7-9 1006
Load hits 
Convert seeds to SuperDoublets
Loaded nSeeds (pt>1 and |eta|<1.6) 346
Combine MDs 
Link SuperDoublet pairs to SDLinks
SD links stat 0-5 nAll 15546818 nDZ 5087385 nDZPnt 132999 nAlp 11229 nInAlpC 8677 nOutAlpC 5382 ndBeta 1285 final 1285
SD links stat 0-7 nAll 1589870 nDZ 639132 nDZPnt 52119 nAlp 11261 nInAlpC 9747 nOutAlpC 7594 ndBeta 576 final 576
SD links stat 5-7 nAll 206467135 nDZ 49772001 nDZPnt 4003065 nAlp 712031 nInAlpC 531899 nOutAlpC 387834 ndBeta 5278 final 5278
SD links stat 7-9 nAll 3455440 nDZ 749954 nDZPnt 749954 nAlp 151429 nInAlpC 109737 nOutAlpC 80249 ndBeta 1031 final 1031
Print stats
Summary for layer 5 h1GeV 648 h2GeV 103 refLos 7421 refUps 7449 refMDs 4141 outLos 7596 outUps 7612 outMDs 3760 outSDs 44933 n1Any 21015 n1All 535 n2Any 4824 n2All 101
Summary for layer 6 h1GeV 538 h2GeV 84 refLos 5257 refUps 5273 refMDs 1912 outLos 5179 outUps 5181 outMDs 1763 outSDs 9063 n1Any 5475 n1All 435 n2Any 1361 n2All 84
Summary for layer 7 h1GeV 461 h2GeV 74 refLos 3709 refUps 3710 refMDs 1352 outLos 3585 outUps 3582 outMDs 1222 outSDs 4595 n1Any 2937 n1All 384 n2Any 796 n2All 74
Summary for layer 8 h1GeV 385 h2GeV 62 refLos 2490 refUps 2488 refMDs 910 outLos 2354 outUps 2360 outMDs 897 outSDs 1710 n1Any 1172 n1All 317 n2Any 295 n2All 62
Summary for layer 9 h1GeV 304 h2GeV 54 refLos 1440 refUps 1435 refMDs 594 outLos 1339 outUps 1337 outMDs 589 outSDs 752 n1Any 549 n1All 253 n2Any 131 n2All 54
Summary for layer 10 h1GeV 247 h2GeV 42 refLos 895 refUps 892 refMDs 412 outLos 777 outUps 778 outMDs 424 outSDs 482 n1Any 347 n1All 207 n2Any 73 n2All 41
		sdl5-7 5278 sdl7-9 1031
Load hits 
Convert seeds to SuperDoublets
Loaded nSeeds (pt>1 and |eta|<1.6) 233
Combine MDs 
Link SuperDoublet pairs to SDLinks
SD links stat 0-5 nAll 4848730 nDZ 1476651 nDZPnt 38317 nAlp 4297 nInAlpC 3468 nOutAlpC 2113 ndBeta 633 final 633
SD links stat 0-7 nAll 636556 nDZ 259847 nDZPnt 22005 nAlp 5278 nInAlpC 4523 nOutAlpC 3475 ndBeta 322 final 322
SD links stat 5-7 nAll 56852920 nDZ 12335396 nDZPnt 1017765 nAlp 190166 nInAlpC 141808 nOutAlpC 101752 ndBeta 1847 final 1847
SD links stat 7-9 nAll 1286772 nDZ 270186 nDZPnt 270186 nAlp 60702 nInAlpC 42975 nOutAlpC 32213 ndBeta 459 final 459
Print stats
Summary for layer 5 h1GeV 529 h2GeV 114 refLos 6205 refUps 6217 refMDs 3035 outLos 6340 outUps 6343 outMDs 2699 outSDs 20810 n1Any 10278 n1All 423 n2Any 3227 n2All 114
Summary for layer 6 h1GeV 420 h2GeV 91 refLos 4257 refUps 4254 refMDs 1415 outLos 4196 outUps 4200 outMDs 1308 outSDs 5142 n1Any 3189 n1All 329 n2Any 1057 n2All 91
Summary for layer 7 h1GeV 345 h2GeV 68 refLos 3037 refUps 3039 refMDs 984 outLos 2909 outUps 2909 outMDs 927 outSDs 2732 n1Any 1664 n1All 267 n2Any 527 n2All 68
Summary for layer 8 h1GeV 284 h2GeV 59 refLos 1926 refUps 1927 refMDs 679 outLos 1814 outUps 1818 outMDs 674 outSDs 1001 n1Any 663 n1All 216 n2Any 215 n2All 59
Summary for layer 9 h1GeV 220 h2GeV 47 refLos 1084 refUps 1084 refMDs 446 outLos 986 outUps 985 outMDs 422 outSDs 471 n1Any 314 n1All 164 n2Any 116 n2All 47
Summary for layer 10 h1GeV 183 h2GeV 42 refLos 706 refUps 706 refMDs 307 outLos 632 outUps 633 outMDs 336 outSDs 325 n1Any 222 n1All 137 n2Any 90 n2All 41
		sdl5-7 1847 sdl7-9 459
Load hits 
Convert seeds to SuperDoublets
Loaded nSeeds (pt>1 and |eta|<1.6) 345
Combine MDs 
Link SuperDoublet pairs to SDLinks
SD links stat 0-5 nAll 19913400 nDZ 6419048 nDZPnt 163653 nAlp 13430 nInAlpC 10584 nOutAlpC 6566 ndBeta 1505 final 1505
SD links stat 0-7 nAll 1728450 nDZ 674017 nDZPnt 57560 nAlp 12625 nInAlpC 10932 nOutAlpC 8563 ndBeta 526 final 526
SD links stat 5-7 nAll 289177200 nDZ 68929651 nDZPnt 5646757 nAlp 1020450 nInAlpC 767770 nOutAlpC 560783 ndBeta 6378 final 6378
SD links stat 7-9 nAll 3682350 nDZ 775705 nDZPnt 775705 nAlp 151436 nInAlpC 110068 nOutAlpC 82731 ndBeta 893 final 893
Print stats
Summary for layer 5 h1GeV 666 h2GeV 150 refLos 8216 refUps 8234 refMDs 4926 outLos 8378 outUps 8383 outMDs 4264 outSDs 57720 n1Any 25843 n1All 550 n2Any 8435 n2All 150
Summary for layer 6 h1GeV 542 h2GeV 121 refLos 5665 refUps 5671 refMDs 2086 outLos 5586 outUps 5582 outMDs 1871 outSDs 11019 n1Any 6640 n1All 446 n2Any 2249 n2All 120
Summary for layer 7 h1GeV 448 h2GeV 101 refLos 3986 refUps 3983 refMDs 1402 outLos 3826 outUps 3826 outMDs 1291 outSDs 5010 n1Any 3038 n1All 382 n2Any 1069 n2All 101
Summary for layer 8 h1GeV 360 h2GeV 85 refLos 2563 refUps 2560 refMDs 906 outLos 2435 outUps 2435 outMDs 891 outSDs 1659 n1Any 1113 n1All 300 n2Any 445 n2All 83
Summary for layer 9 h1GeV 284 h2GeV 71 refLos 1444 refUps 1439 refMDs 599 outLos 1311 outUps 1317 outMDs 563 outSDs 735 n1Any 493 n1All 236 n2Any 184 n2All 71
Summary for layer 10 h1GeV 234 h2GeV 59 refLos 857 refUps 856 refMDs 412 outLos 785 outUps 783 outMDs 409 outSDs 441 n1Any 308 n1All 192 n2Any 92 n2All 58
		sdl5-7 6378 sdl7-9 893
Load hits 
Convert seeds to SuperDoublets
Loaded nSeeds (pt>1 and |eta|<1.6) 387
Combine MDs 
Link SuperDoublet pairs to SDLinks
SD links stat 0-5 nAll 19879416 nDZ 6832433 nDZPnt 178535 nAlp 15142 nInAlpC 11110 nOutAlpC 6612 ndBeta 1474 final 1474
SD links stat 0-7 nAll 2310390 nDZ 917193 nDZPnt 77613 nAlp 17513 nInAlpC 14598 nOutAlpC 11501 ndBeta 681 final 681
SD links stat 5-7 nAll 306666960 nDZ 79483717 nDZPnt 6406467 nAlp 1272580 nInAlpC 930567 nOutAlpC 667712 ndBeta 9213 final 9213
SD links stat 7-9 nAll 5140170 nDZ 1081469 nDZPnt 1081469 nAlp 239931 nInAlpC 173761 nOutAlpC 128557 ndBeta 1230 final 1230
Print stats
Summary for layer 5 h1GeV 692 h2GeV 144 refLos 7733 refUps 7750 refMDs 4530 outLos 7909 outUps 7920 outMDs 3862 outSDs 51368 n1Any 25647 n1All 569 n2Any 8265 n2All 142
Summary for layer 6 h1GeV 584 h2GeV 122 refLos 5390 refUps 5392 refMDs 1927 outLos 5314 outUps 5311 outMDs 1811 outSDs 10249 n1Any 6542 n1All 487 n2Any 2182 n2All 122
Summary for layer 7 h1GeV 501 h2GeV 110 refLos 3825 refUps 3822 refMDs 1429 outLos 3710 outUps 3713 outMDs 1343 outSDs 5970 n1Any 3881 n1All 430 n2Any 1434 n2All 110
Summary for layer 8 h1GeV 409 h2GeV 93 refLos 2502 refUps 2505 refMDs 941 outLos 2349 outUps 2349 outMDs 864 outSDs 1684 n1Any 1186 n1All 349 n2Any 402 n2All 93
Summary for layer 9 h1GeV 322 h2GeV 68 refLos 1467 refUps 1463 refMDs 606 outLos 1344 outUps 1339 outMDs 623 outSDs 861 n1Any 635 n1All 272 n2Any 200 n2All 68
Summary for layer 10 h1GeV 250 h2GeV 57 refLos 885 refUps 882 refMDs 436 outLos 805 outUps 805 outMDs 425 outSDs 509 n1Any 375 n1All 203 n2Any 115 n2All 57
		sdl5-7 9213 sdl7-9 1230
Load hits 
Convert seeds to SuperDoublets
Loaded nSeeds (pt>1 and |eta|<1.6) 393
Combine MDs 
Link SuperDoublet pairs to SDLinks
SD links stat 0-5 nAll 26181660 nDZ 8562980 nDZPnt 223864 nAlp 16211 nInAlpC 13100 nOutAlpC 7743 ndBeta 1736 final 1736
SD links stat 0-7 nAll 2382366 nDZ 950361 nDZPnt 79614 nAlp 17077 nInAlpC 14979 nOutAlpC 11528 ndBeta 642 final 642
SD links stat 5-7 nAll 403850440 nDZ 98331773 nDZPnt 8568019 nAlp 1633708 nInAlpC 1228775 nOutAlpC 907171 ndBeta 10277 final 10277
SD links stat 7-9 nAll 5176948 nDZ 1017886 nDZPnt 1017886 nAlp 208815 nInAlpC 153852 nOutAlpC 114416 ndBeta 1142 final 1142
Print stats
Summary for layer 5 h1GeV 768 h2GeV 175 refLos 8648 refUps 8664 refMDs 5264 outLos 8853 outUps 8854 outMDs 4585 outSDs 66620 n1Any 31168 n1All 649 n2Any 10618 n2All 174
Summary for layer 6 h1GeV 641 h2GeV 153 refLos 5891 refUps 5883 refMDs 2283 outLos 5770 outUps 5765 outMDs 2040 outSDs 13457 n1Any 8256 n1All 527 n2Any 3230 n2All 153
Summary for layer 7 h1GeV 529 h2GeV 134 refLos 4076 refUps 4079 refMDs 1485 outLos 3954 outUps 3955 outMDs 1428 outSDs 6062 n1Any 4079 n1All 441 n2Any 1762 n2All 134
Summary for layer 8 h1GeV 443 h2GeV 118 refLos 2653 refUps 2652 refMDs 1049 outLos 2497 outUps 2502 outMDs 995 outSDs 2107 n1Any 1509 n1All 370 n2Any 580 n2All 118
Summary for layer 9 h1GeV 333 h2GeV 73 refLos 1520 refUps 1520 refMDs 659 outLos 1370 outUps 1373 outMDs 629 outSDs 854 n1Any 620 n1All 271 n2Any 178 n2All 71
Summary for layer 10 h1GeV 263 h2GeV 64 refLos 968 refUps 968 refMDs 457 outLos 881 outUps 880 outMDs 457 outSDs 502 n1Any 348 n1All 219 n2Any 95 n2All 63
		sdl5-7 10277 sdl7-9 1142
Load hits 
Convert seeds to SuperDoublets
Loaded nSeeds (pt>1 and |eta|<1.6) 376
Combine MDs 
Link SuperDoublet pairs to SDLinks
SD links stat 0-5 nAll 19221120 nDZ 5905031 nDZPnt 160728 nAlp 13605 nInAlpC 10661 nOutAlpC 6804 ndBeta 1501 final 1501
SD links stat 0-7 nAll 2109736 nDZ 806931 nDZPnt 67735 nAlp 15556 nInAlpC 13532 nOutAlpC 10593 ndBeta 602 final 602
SD links stat 5-7 nAll 286834320 nDZ 65288058 nDZPnt 5263604 nAlp 946190 nInAlpC 709449 nOutAlpC 515100 ndBeta 6610 final 6610
SD links stat 7-9 nAll 5162120 nDZ 1200415 nDZPnt 1200415 nAlp 241267 nInAlpC 174454 nOutAlpC 127307 ndBeta 1208 final 1208
Print stats
Summary for layer 5 h1GeV 695 h2GeV 136 refLos 8025 refUps 8036 refMDs 4598 outLos 8201 outUps 8212 outMDs 4074 outSDs 51120 n1Any 24306 n1All 587 n2Any 6836 n2All 134
Summary for layer 6 h1GeV 581 h2GeV 110 refLos 5657 refUps 5672 refMDs 2075 outLos 5582 outUps 5577 outMDs 1935 outSDs 10861 n1Any 6355 n1All 471 n2Any 1690 n2All 109
Summary for layer 7 h1GeV 479 h2GeV 87 refLos 3990 refUps 3991 refMDs 1481 outLos 3847 outUps 3850 outMDs 1322 outSDs 5611 n1Any 3433 n1All 396 n2Any 961 n2All 87
Summary for layer 8 h1GeV 394 h2GeV 74 refLos 2589 refUps 2589 refMDs 1011 outLos 2444 outUps 2443 outMDs 958 outSDs 1928 n1Any 1299 n1All 320 n2Any 351 n2All 73
Summary for layer 9 h1GeV 317 h2GeV 61 refLos 1537 refUps 1538 refMDs 661 outLos 1410 outUps 1411 outMDs 618 outSDs 920 n1Any 671 n1All 256 n2Any 207 n2All 60
Summary for layer 10 h1GeV 249 h2GeV 45 refLos 919 refUps 920 refMDs 439 outLos 836 outUps 835 outMDs 436 outSDs 502 n1Any 336 n1All 190 n2Any 101 n2All 45
		sdl5-7 6610 sdl7-9 1208
Load hits 
Convert seeds to SuperDoublets
Loaded nSeeds (pt>1 and |eta|<1.6) 307
Combine MDs 
Link SuperDoublet pairs to SDLinks
SD links stat 0-5 nAll 8565914 nDZ 2874908 nDZPnt 73383 nAlp 7313 nInAlpC 5789 nOutAlpC 3439 ndBeta 976 final 976
SD links stat 0-7 nAll 1122699 nDZ 446433 nDZPnt 36717 nAlp 8259 nInAlpC 7245 nOutAlpC 5445 ndBeta 444 final 444
SD links stat 5-7 nAll 102037614 nDZ 24952163 nDZPnt 2046948 nAlp 406649 nInAlpC 306980 nOutAlpC 221491 ndBeta 3754 final 3754
SD links stat 7-9 nAll 2179572 nDZ 449147 nDZPnt 449147 nAlp 104952 nInAlpC 76121 nOutAlpC 58418 ndBeta 710 final 710
Print stats
Summary for layer 5 h1GeV 604 h2GeV 131 refLos 6647 refUps 6656 refMDs 3394 outLos 6793 outUps 6807 outMDs 2999 outSDs 27902 n1Any 14516 n1All 504 n2Any 4701 n2All 130
Summary for layer 6 h1GeV 500 h2GeV 117 refLos 4619 refUps 4622 refMDs 1619 outLos 4531 outUps 4531 outMDs 1472 outSDs 7167 n1Any 4565 n1All 415 n2Any 1700 n2All 117
Summary for layer 7 h1GeV 433 h2GeV 107 refLos 3319 refUps 3322 refMDs 1140 outLos 3185 outUps 3189 outMDs 1086 outSDs 3657 n1Any 2472 n1All 363 n2Any 1016 n2All 107
Summary for layer 8 h1GeV 346 h2GeV 80 refLos 2071 refUps 2070 refMDs 760 outLos 1970 outUps 1969 outMDs 750 outSDs 1307 n1Any 961 n1All 299 n2Any 361 n2All 80
Summary for layer 9 h1GeV 263 h2GeV 57 refLos 1250 refUps 1247 refMDs 504 outLos 1148 outUps 1150 outMDs 473 outSDs 596 n1Any 414 n1All 215 n2Any 126 n2All 57
Summary for layer 10 h1GeV 229 h2GeV 56 refLos 755 refUps 753 refMDs 379 outLos 695 outUps 694 outMDs 373 outSDs 397 n1Any 281 n1All 177 n2Any 99 n2All 56
		sdl5-7 3754 sdl7-9 710
Timer results for timeLayout
Real time 0:00:03.913, CP time 3.930, 31 slices
----------------------------------
Timer results for timeReco
Real time 0:55:11.616, CP time 3298.120, 31 slices
----------------------------------
Timer results for timeValidation
Real time 0:13:59.699, CP time 835.690, 31 slices
----------------------------------
2933 make efficiencies 
3004 draw and print 
3931 write to file 
3940 Done 
(int) 0
