Running in mockMode 1
Running with SD distance 2
Running with useSeeds 1
Load hits 
Convert seeds to SuperDoublets
Loaded nSeeds (pt>1 and |eta|<1.6) 285
Combine MDs 
Link SuperDoublet pairs to SDLinks
SD links stat 0-5 nAll 2034330 nDZ 511401 nDZPnt 13205 nAlp 1516 nInAlpC 1285 nOutAlpC 847 ndBeta 617 final 617
SD links stat 0-7 nAll 388740 nDZ 144089 nDZPnt 12453 nAlp 2832 nInAlpC 2486 nOutAlpC 1827 ndBeta 346 final 346
SD links stat 5-7 nAll 9736232 nDZ 1731418 nDZPnt 534722 nAlp 104611 nInAlpC 82930 nOutAlpC 63981 ndBeta 2407 final 2407
SD links stat 7-9 nAll 643808 nDZ 116831 nDZPnt 116831 nAlp 24747 nInAlpC 18358 nOutAlpC 14320 ndBeta 487 final 487
Print stats
Summary for layer 5 h1GeV 575 h2GeV 129 refLos 6826 refUps 6857 refMDs 3623 outLos 6986 outUps 6978 outMDs 3542 outSDs 7138 n1Any 3287 n1All 545 n2Any 1127 n2All 128
Summary for layer 6 h1GeV 474 h2GeV 116 refLos 4723 refUps 4723 refMDs 1636 outLos 4764 outUps 4759 outMDs 1581 outSDs 2183 n1Any 1189 n1All 461 n2Any 403 n2All 116
Summary for layer 7 h1GeV 397 h2GeV 97 refLos 3311 refUps 3304 refMDs 1114 outLos 3291 outUps 3287 outMDs 1137 outSDs 1364 n1Any 747 n1All 389 n2Any 231 n2All 97
Summary for layer 8 h1GeV 317 h2GeV 81 refLos 2120 refUps 2119 refMDs 749 outLos 2099 outUps 2097 outMDs 736 outSDs 764 n1Any 437 n1All 307 n2Any 135 n2All 81
Summary for layer 9 h1GeV 256 h2GeV 64 refLos 1273 refUps 1271 refMDs 498 outLos 1266 outUps 1265 outMDs 494 outSDs 472 n1Any 265 n1All 230 n2Any 82 n2All 64
Summary for layer 10 h1GeV 208 h2GeV 47 refLos 738 refUps 736 refMDs 357 outLos 741 outUps 738 outMDs 351 outSDs 343 n1Any 203 n1All 183 n2Any 56 n2All 47
		sdl5-7 2407 sdl7-9 487
Load hits 
Convert seeds to SuperDoublets
Loaded nSeeds (pt>1 and |eta|<1.6) 436
Combine MDs 
Link SuperDoublet pairs to SDLinks
SD links stat 0-5 nAll 6999108 nDZ 2066856 nDZPnt 51015 nAlp 4320 nInAlpC 3540 nOutAlpC 2230 ndBeta 1134 final 1134
SD links stat 0-7 nAll 1135780 nDZ 447107 nDZPnt 38316 nAlp 8596 nInAlpC 7581 nOutAlpC 5483 ndBeta 663 final 663
SD links stat 5-7 nAll 41818065 nDZ 8840665 nDZPnt 2082701 nAlp 412399 nInAlpC 321903 nOutAlpC 245424 ndBeta 8424 final 8424
SD links stat 7-9 nAll 2182990 nDZ 452680 nDZPnt 452680 nAlp 97176 nInAlpC 71434 nOutAlpC 54500 ndBeta 1330 final 1330
Print stats
Summary for layer 5 h1GeV 794 h2GeV 151 refLos 8990 refUps 9011 refMDs 5700 outLos 9175 outUps 9163 outMDs 5536 outSDs 16053 n1Any 7698 n1All 774 n2Any 2166 n2All 151
Summary for layer 6 h1GeV 676 h2GeV 133 refLos 6298 refUps 6302 refMDs 2521 outLos 6365 outUps 6359 outMDs 2502 outSDs 4441 n1Any 2459 n1All 663 n2Any 672 n2All 132
Summary for layer 7 h1GeV 584 h2GeV 121 refLos 4523 refUps 4520 refMDs 1769 outLos 4515 outUps 4508 outMDs 1756 outSDs 2605 n1Any 1480 n1All 576 n2Any 427 n2All 120
Summary for layer 8 h1GeV 483 h2GeV 107 refLos 3067 refUps 3059 refMDs 1240 outLos 3087 outUps 3080 outMDs 1214 outSDs 1305 n1Any 751 n1All 475 n2Any 187 n2All 106
Summary for layer 9 h1GeV 394 h2GeV 94 refLos 1832 refUps 1832 refMDs 802 outLos 1814 outUps 1813 outMDs 783 outSDs 838 n1Any 525 n1All 373 n2Any 130 n2All 94
Summary for layer 10 h1GeV 326 h2GeV 81 refLos 1128 refUps 1128 refMDs 575 outLos 1121 outUps 1121 outMDs 582 outSDs 566 n1Any 338 n1All 296 n2Any 97 n2All 81
		sdl5-7 8424 sdl7-9 1330
Load hits 
Convert seeds to SuperDoublets
Loaded nSeeds (pt>1 and |eta|<1.6) 323
Combine MDs 
Link SuperDoublet pairs to SDLinks
SD links stat 0-5 nAll 2864687 nDZ 755707 nDZPnt 19166 nAlp 1933 nInAlpC 1738 nOutAlpC 1112 ndBeta 821 final 821
SD links stat 0-7 nAll 567188 nDZ 220286 nDZPnt 18219 nAlp 4144 nInAlpC 3602 nOutAlpC 2644 ndBeta 394 final 394
SD links stat 5-7 nAll 15573964 nDZ 2886311 nDZPnt 800757 nAlp 147710 nInAlpC 115555 nOutAlpC 86516 ndBeta 3125 final 3125
SD links stat 7-9 nAll 1102768 nDZ 227132 nDZPnt 227132 nAlp 45877 nInAlpC 32982 nOutAlpC 25237 ndBeta 774 final 774
Print stats
Summary for layer 5 h1GeV 639 h2GeV 135 refLos 7459 refUps 7476 refMDs 4107 outLos 7621 outUps 7615 outMDs 4124 outSDs 8869 n1Any 4208 n1All 623 n2Any 1212 n2All 135
Summary for layer 6 h1GeV 539 h2GeV 117 refLos 5114 refUps 5114 refMDs 1845 outLos 5154 outUps 5150 outMDs 1808 outSDs 2807 n1Any 1587 n1All 529 n2Any 521 n2All 117
Summary for layer 7 h1GeV 460 h2GeV 102 refLos 3713 refUps 3718 refMDs 1329 outLos 3717 outUps 3715 outMDs 1337 outSDs 1756 n1Any 971 n1All 450 n2Any 266 n2All 102
Summary for layer 8 h1GeV 398 h2GeV 86 refLos 2460 refUps 2447 refMDs 963 outLos 2430 outUps 2426 outMDs 915 outSDs 987 n1Any 579 n1All 390 n2Any 170 n2All 86
Summary for layer 9 h1GeV 324 h2GeV 77 refLos 1470 refUps 1467 refMDs 644 outLos 1463 outUps 1456 outMDs 636 outSDs 628 n1Any 373 n1All 306 n2Any 95 n2All 77
Summary for layer 10 h1GeV 279 h2GeV 67 refLos 951 refUps 949 refMDs 479 outLos 939 outUps 937 outMDs 470 outSDs 482 n1Any 298 n1All 254 n2Any 83 n2All 67
		sdl5-7 3125 sdl7-9 774
Load hits 
Convert seeds to SuperDoublets
Loaded nSeeds (pt>1 and |eta|<1.6) 431
Combine MDs 
Link SuperDoublet pairs to SDLinks
SD links stat 0-5 nAll 6443450 nDZ 1797695 nDZPnt 45683 nAlp 3588 nInAlpC 3024 nOutAlpC 1938 ndBeta 1140 final 1140
SD links stat 0-7 nAll 1001213 nDZ 380186 nDZPnt 31068 nAlp 6388 nInAlpC 5551 nOutAlpC 3864 ndBeta 580 final 580
SD links stat 5-7 nAll 34728850 nDZ 6852284 nDZPnt 1668654 nAlp 296976 nInAlpC 230718 nOutAlpC 173481 ndBeta 5546 final 5546
SD links stat 7-9 nAll 1853754 nDZ 363519 nDZPnt 363519 nAlp 73147 nInAlpC 53839 nOutAlpC 41655 ndBeta 1058 final 1058
Print stats
Summary for layer 5 h1GeV 805 h2GeV 181 refLos 8885 refUps 8912 refMDs 5719 outLos 9047 outUps 9042 outMDs 5409 outSDs 14950 n1Any 7017 n1All 780 n2Any 1915 n2All 180
Summary for layer 6 h1GeV 668 h2GeV 159 refLos 6207 refUps 6204 refMDs 2431 outLos 6272 outUps 6271 outMDs 2445 outSDs 4230 n1Any 2316 n1All 659 n2Any 619 n2All 159
Summary for layer 7 h1GeV 557 h2GeV 135 refLos 4433 refUps 4434 refMDs 1635 outLos 4452 outUps 4442 outMDs 1711 outSDs 2323 n1Any 1302 n1All 552 n2Any 361 n2All 135
Summary for layer 8 h1GeV 471 h2GeV 118 refLos 2886 refUps 2883 refMDs 1154 outLos 2866 outUps 2863 outMDs 1120 outSDs 1238 n1Any 747 n1All 461 n2Any 217 n2All 118
Summary for layer 9 h1GeV 386 h2GeV 104 refLos 1765 refUps 1767 refMDs 783 outLos 1763 outUps 1758 outMDs 778 outSDs 798 n1Any 456 n1All 364 n2Any 141 n2All 104
Summary for layer 10 h1GeV 321 h2GeV 83 refLos 1157 refUps 1160 refMDs 597 outLos 1157 outUps 1155 outMDs 587 outSDs 587 n1Any 336 n1All 294 n2Any 91 n2All 83
		sdl5-7 5546 sdl7-9 1058
Load hits 
Convert seeds to SuperDoublets
Loaded nSeeds (pt>1 and |eta|<1.6) 313
Combine MDs 
Link SuperDoublet pairs to SDLinks
SD links stat 0-5 nAll 2825138 nDZ 746331 nDZPnt 20343 nAlp 1970 nInAlpC 1744 nOutAlpC 1222 ndBeta 752 final 752
SD links stat 0-7 nAll 488593 nDZ 182826 nDZPnt 16604 nAlp 3555 nInAlpC 3171 nOutAlpC 2279 ndBeta 419 final 419
SD links stat 5-7 nAll 14089586 nDZ 2627830 nDZPnt 741344 nAlp 134210 nInAlpC 106130 nOutAlpC 81601 ndBeta 2863 final 2863
SD links stat 7-9 nAll 842940 nDZ 164530 nDZPnt 164530 nAlp 33172 nInAlpC 24433 nOutAlpC 18895 ndBeta 697 final 697
Print stats
Summary for layer 5 h1GeV 627 h2GeV 132 refLos 7527 refUps 7560 refMDs 4240 outLos 7715 outUps 7699 outMDs 4047 outSDs 9026 n1Any 4051 n1All 596 n2Any 1212 n2All 131
Summary for layer 6 h1GeV 520 h2GeV 118 refLos 5220 refUps 5219 refMDs 1853 outLos 5245 outUps 5241 outMDs 1804 outSDs 2624 n1Any 1472 n1All 504 n2Any 429 n2All 118
Summary for layer 7 h1GeV 426 h2GeV 93 refLos 3629 refUps 3626 refMDs 1271 outLos 3620 outUps 3611 outMDs 1221 outSDs 1561 n1Any 872 n1All 420 n2Any 246 n2All 93
Summary for layer 8 h1GeV 333 h2GeV 76 refLos 2309 refUps 2306 refMDs 841 outLos 2288 outUps 2285 outMDs 815 outSDs 867 n1Any 472 n1All 326 n2Any 132 n2All 76
Summary for layer 9 h1GeV 287 h2GeV 69 refLos 1337 refUps 1334 refMDs 551 outLos 1329 outUps 1328 outMDs 541 outSDs 540 n1Any 322 n1All 272 n2Any 83 n2All 69
Summary for layer 10 h1GeV 230 h2GeV 61 refLos 809 refUps 812 refMDs 400 outLos 804 outUps 804 outMDs 406 outSDs 402 n1Any 251 n1All 212 n2Any 84 n2All 61
		sdl5-7 2863 sdl7-9 697
Load hits 
Convert seeds to SuperDoublets
Loaded nSeeds (pt>1 and |eta|<1.6) 346
Combine MDs 
Link SuperDoublet pairs to SDLinks
SD links stat 0-5 nAll 3649608 nDZ 987224 nDZPnt 27729 nAlp 2803 nInAlpC 2136 nOutAlpC 1227 ndBeta 818 final 818
SD links stat 0-7 nAll 575398 nDZ 209107 nDZPnt 19851 nAlp 4377 nInAlpC 3820 nOutAlpC 2794 ndBeta 432 final 432
SD links stat 5-7 nAll 17541324 nDZ 3288359 nDZPnt 938511 nAlp 187633 nInAlpC 147489 nOutAlpC 115179 ndBeta 4102 final 4102
SD links stat 7-9 nAll 881390 nDZ 150820 nDZPnt 150820 nAlp 31758 nInAlpC 23117 nOutAlpC 18033 ndBeta 603 final 603
Print stats
Summary for layer 5 h1GeV 626 h2GeV 137 refLos 7780 refUps 7808 refMDs 4440 outLos 7959 outUps 7950 outMDs 4291 outSDs 10548 n1Any 5170 n1All 609 n2Any 1797 n2All 136
Summary for layer 6 h1GeV 509 h2GeV 117 refLos 5412 refUps 5420 refMDs 1989 outLos 5477 outUps 5468 outMDs 1962 outSDs 3040 n1Any 1573 n1All 502 n2Any 543 n2All 117
Summary for layer 7 h1GeV 429 h2GeV 106 refLos 3785 refUps 3795 refMDs 1303 outLos 3807 outUps 3798 outMDs 1282 outSDs 1663 n1Any 895 n1All 422 n2Any 243 n2All 106
Summary for layer 8 h1GeV 356 h2GeV 96 refLos 2399 refUps 2397 refMDs 834 outLos 2370 outUps 2365 outMDs 826 outSDs 863 n1Any 491 n1All 347 n2Any 165 n2All 96
Summary for layer 9 h1GeV 271 h2GeV 77 refLos 1394 refUps 1392 refMDs 541 outLos 1375 outUps 1376 outMDs 539 outSDs 530 n1Any 312 n1All 256 n2Any 99 n2All 77
Summary for layer 10 h1GeV 224 h2GeV 64 refLos 853 refUps 854 refMDs 409 outLos 857 outUps 856 outMDs 403 outSDs 406 n1Any 254 n1All 206 n2Any 88 n2All 64
		sdl5-7 4102 sdl7-9 603
Load hits 
Convert seeds to SuperDoublets
Loaded nSeeds (pt>1 and |eta|<1.6) 333
Combine MDs 
Link SuperDoublet pairs to SDLinks
SD links stat 0-5 nAll 3097233 nDZ 800844 nDZPnt 20549 nAlp 1995 nInAlpC 1710 nOutAlpC 1168 ndBeta 799 final 799
SD links stat 0-7 nAll 537129 nDZ 195760 nDZPnt 17317 nAlp 3597 nInAlpC 3105 nOutAlpC 2199 ndBeta 365 final 365
SD links stat 5-7 nAll 15002513 nDZ 2707934 nDZPnt 757975 nAlp 134956 nInAlpC 105121 nOutAlpC 78224 ndBeta 2727 final 2727
SD links stat 7-9 nAll 924249 nDZ 163716 nDZPnt 163716 nAlp 33031 nInAlpC 24057 nOutAlpC 18156 ndBeta 588 final 588
Print stats
Summary for layer 5 h1GeV 708 h2GeV 126 refLos 7688 refUps 7710 refMDs 4326 outLos 7859 outUps 7865 outMDs 4249 outSDs 9301 n1Any 4539 n1All 682 n2Any 926 n2All 125
Summary for layer 6 h1GeV 588 h2GeV 108 refLos 5302 refUps 5310 refMDs 1960 outLos 5340 outUps 5337 outMDs 1885 outSDs 2887 n1Any 1664 n1All 576 n2Any 359 n2All 108
Summary for layer 7 h1GeV 494 h2GeV 93 refLos 3765 refUps 3768 refMDs 1336 outLos 3769 outUps 3764 outMDs 1296 outSDs 1613 n1Any 895 n1All 486 n2Any 204 n2All 93
Summary for layer 8 h1GeV 391 h2GeV 74 refLos 2369 refUps 2369 refMDs 898 outLos 2357 outUps 2354 outMDs 913 outSDs 908 n1Any 528 n1All 386 n2Any 111 n2All 74
Summary for layer 9 h1GeV 309 h2GeV 57 refLos 1427 refUps 1425 refMDs 579 outLos 1424 outUps 1419 outMDs 574 outSDs 573 n1Any 350 n1All 288 n2Any 72 n2All 57
Summary for layer 10 h1GeV 257 h2GeV 52 refLos 889 refUps 885 refMDs 450 outLos 875 outUps 874 outMDs 447 outSDs 463 n1Any 277 n1All 227 n2Any 73 n2All 52
		sdl5-7 2727 sdl7-9 588
Load hits 
Convert seeds to SuperDoublets
Loaded nSeeds (pt>1 and |eta|<1.6) 276
Combine MDs 
Link SuperDoublet pairs to SDLinks
SD links stat 0-5 nAll 2128512 nDZ 533600 nDZPnt 13389 nAlp 1286 nInAlpC 1037 nOutAlpC 694 ndBeta 538 final 538
SD links stat 0-7 nAll 385020 nDZ 145640 nDZPnt 13110 nAlp 2895 nInAlpC 2494 nOutAlpC 1830 ndBeta 299 final 299
SD links stat 5-7 nAll 10758240 nDZ 1873247 nDZPnt 534473 nAlp 96573 nInAlpC 76036 nOutAlpC 57546 ndBeta 2165 final 2165
SD links stat 7-9 nAll 718425 nDZ 137912 nDZPnt 137912 nAlp 27514 nInAlpC 20237 nOutAlpC 15787 ndBeta 561 final 561
Print stats
Summary for layer 5 h1GeV 551 h2GeV 123 refLos 6997 refUps 7010 refMDs 3699 outLos 7142 outUps 7133 outMDs 3649 outSDs 7712 n1Any 3416 n1All 529 n2Any 949 n2All 122
Summary for layer 6 h1GeV 453 h2GeV 102 refLos 4874 refUps 4874 refMDs 1659 outLos 4933 outUps 4924 outMDs 1615 outSDs 2238 n1Any 1177 n1All 440 n2Any 291 n2All 102
Summary for layer 7 h1GeV 377 h2GeV 90 refLos 3483 refUps 3486 refMDs 1212 outLos 3485 outUps 3483 outMDs 1139 outSDs 1395 n1Any 713 n1All 367 n2Any 229 n2All 90
Summary for layer 8 h1GeV 303 h2GeV 73 refLos 2214 refUps 2212 refMDs 782 outLos 2209 outUps 2204 outMDs 760 outSDs 794 n1Any 438 n1All 295 n2Any 121 n2All 73
Summary for layer 9 h1GeV 262 h2GeV 64 refLos 1303 refUps 1302 refMDs 517 outLos 1298 outUps 1297 outMDs 513 outSDs 515 n1Any 284 n1All 243 n2Any 80 n2All 64
Summary for layer 10 h1GeV 219 h2GeV 56 refLos 798 refUps 800 refMDs 389 outLos 795 outUps 793 outMDs 379 outSDs 355 n1Any 208 n1All 198 n2Any 58 n2All 56
		sdl5-7 2165 sdl7-9 561
Load hits 
Convert seeds to SuperDoublets
Loaded nSeeds (pt>1 and |eta|<1.6) 519
Combine MDs 
Link SuperDoublet pairs to SDLinks
SD links stat 0-5 nAll 11568510 nDZ 3180607 nDZPnt 77698 nAlp 5888 nInAlpC 4533 nOutAlpC 2819 ndBeta 1559 final 1559
SD links stat 0-7 nAll 1509771 nDZ 570153 nDZPnt 48547 nAlp 10384 nInAlpC 9069 nOutAlpC 6492 ndBeta 742 final 742
SD links stat 5-7 nAll 64841610 nDZ 12531581 nDZPnt 2893981 nAlp 514823 nInAlpC 405681 nOutAlpC 314832 ndBeta 8901 final 8901
SD links stat 7-9 nAll 2615191 nDZ 498102 nDZPnt 498102 nAlp 100656 nInAlpC 73821 nOutAlpC 56330 ndBeta 1369 final 1369
Print stats
Summary for layer 5 h1GeV 949 h2GeV 191 refLos 10177 refUps 10215 refMDs 7021 outLos 10390 outUps 10395 outMDs 7018 outSDs 22290 n1Any 10501 n1All 915 n2Any 2576 n2All 188
Summary for layer 6 h1GeV 796 h2GeV 165 refLos 7160 refUps 7178 refMDs 3001 outLos 7248 outUps 7236 outMDs 2971 outSDs 5609 n1Any 3110 n1All 776 n2Any 860 n2All 165
Summary for layer 7 h1GeV 686 h2GeV 151 refLos 5060 refUps 5060 refMDs 2019 outLos 5081 outUps 5072 outMDs 1955 outSDs 2909 n1Any 1691 n1All 673 n2Any 527 n2All 151
Summary for layer 8 h1GeV 565 h2GeV 119 refLos 3329 refUps 3325 refMDs 1349 outLos 3327 outUps 3324 outMDs 1404 outSDs 1508 n1Any 899 n1All 547 n2Any 232 n2All 119
Summary for layer 9 h1GeV 452 h2GeV 108 refLos 1944 refUps 1938 refMDs 898 outLos 1923 outUps 1920 outMDs 853 outSDs 899 n1Any 555 n1All 424 n2Any 144 n2All 108
Summary for layer 10 h1GeV 376 h2GeV 89 refLos 1245 refUps 1243 refMDs 651 outLos 1240 outUps 1236 outMDs 636 outSDs 620 n1Any 400 n1All 341 n2Any 107 n2All 89
		sdl5-7 8901 sdl7-9 1369
Load hits 
Convert seeds to SuperDoublets
Loaded nSeeds (pt>1 and |eta|<1.6) 417
Combine MDs 
Link SuperDoublet pairs to SDLinks
SD links stat 0-5 nAll 5778369 nDZ 1672938 nDZPnt 43437 nAlp 3349 nInAlpC 2667 nOutAlpC 1712 ndBeta 1071 final 1071
SD links stat 0-7 nAll 938250 nDZ 358791 nDZPnt 30614 nAlp 6699 nInAlpC 5748 nOutAlpC 4178 ndBeta 484 final 484
SD links stat 5-7 nAll 31178250 nDZ 6432850 nDZPnt 1607257 nAlp 284171 nInAlpC 220264 nOutAlpC 169650 ndBeta 5638 final 5638
SD links stat 7-9 nAll 1728000 nDZ 336166 nDZPnt 336166 nAlp 67271 nInAlpC 49147 nOutAlpC 37369 ndBeta 1123 final 1123
Print stats
Summary for layer 5 h1GeV 809 h2GeV 171 refLos 8397 refUps 8413 refMDs 5180 outLos 8603 outUps 8598 outMDs 5070 outSDs 13857 n1Any 6945 n1All 781 n2Any 1767 n2All 171
Summary for layer 6 h1GeV 697 h2GeV 152 refLos 5854 refUps 5854 refMDs 2312 outLos 5905 outUps 5899 outMDs 2281 outSDs 3900 n1Any 2266 n1All 682 n2Any 724 n2All 152
Summary for layer 7 h1GeV 588 h2GeV 128 refLos 4149 refUps 4151 refMDs 1620 outLos 4159 outUps 4156 outMDs 1539 outSDs 2250 n1Any 1358 n1All 577 n2Any 391 n2All 128
Summary for layer 8 h1GeV 487 h2GeV 99 refLos 2702 refUps 2701 refMDs 1078 outLos 2698 outUps 2695 outMDs 1075 outSDs 1172 n1Any 768 n1All 475 n2Any 190 n2All 99
Summary for layer 9 h1GeV 406 h2GeV 82 refLos 1741 refUps 1743 refMDs 763 outLos 1722 outUps 1718 outMDs 737 outSDs 768 n1Any 500 n1All 384 n2Any 109 n2All 82
Summary for layer 10 h1GeV 337 h2GeV 62 refLos 1051 refUps 1050 refMDs 551 outLos 1047 outUps 1045 outMDs 533 outSDs 546 n1Any 336 n1All 299 n2Any 72 n2All 62
		sdl5-7 5638 sdl7-9 1123
Load hits 
Convert seeds to SuperDoublets
Loaded nSeeds (pt>1 and |eta|<1.6) 341
Combine MDs 
Link SuperDoublet pairs to SDLinks
SD links stat 0-5 nAll 3071728 nDZ 914900 nDZPnt 23951 nAlp 2498 nInAlpC 2221 nOutAlpC 1444 ndBeta 913 final 913
SD links stat 0-7 nAll 553443 nDZ 210699 nDZPnt 19120 nAlp 4201 nInAlpC 3686 nOutAlpC 2578 ndBeta 415 final 415
SD links stat 5-7 nAll 14619984 nDZ 3077612 nDZPnt 818712 nAlp 147250 nInAlpC 115723 nOutAlpC 86842 ndBeta 3390 final 3390
SD links stat 7-9 nAll 973800 nDZ 184801 nDZPnt 184801 nAlp 40385 nInAlpC 29345 nOutAlpC 22696 ndBeta 685 final 685
Print stats
Summary for layer 5 h1GeV 684 h2GeV 135 refLos 7131 refUps 7157 refMDs 3940 outLos 7326 outUps 7321 outMDs 3782 outSDs 9008 n1Any 4858 n1All 651 n2Any 1367 n2All 134
Summary for layer 6 h1GeV 583 h2GeV 119 refLos 5030 refUps 5026 refMDs 1928 outLos 5108 outUps 5101 outMDs 1891 outSDs 2938 n1Any 1603 n1All 571 n2Any 424 n2All 119
Summary for layer 7 h1GeV 485 h2GeV 105 refLos 3610 refUps 3607 refMDs 1280 outLos 3624 outUps 3620 outMDs 1282 outSDs 1623 n1Any 948 n1All 482 n2Any 306 n2All 105
Summary for layer 8 h1GeV 393 h2GeV 87 refLos 2345 refUps 2348 refMDs 920 outLos 2341 outUps 2338 outMDs 866 outSDs 914 n1Any 554 n1All 383 n2Any 144 n2All 87
Summary for layer 9 h1GeV 318 h2GeV 76 refLos 1411 refUps 1411 refMDs 589 outLos 1397 outUps 1393 outMDs 610 outSDs 600 n1Any 348 n1All 299 n2Any 98 n2All 76
Summary for layer 10 h1GeV 263 h2GeV 68 refLos 874 refUps 875 refMDs 426 outLos 859 outUps 856 outMDs 437 outSDs 439 n1Any 276 n1All 237 n2Any 86 n2All 68
		sdl5-7 3390 sdl7-9 685
Load hits 
Convert seeds to SuperDoublets
Loaded nSeeds (pt>1 and |eta|<1.6) 464
Combine MDs 
Link SuperDoublet pairs to SDLinks
SD links stat 0-5 nAll 8359424 nDZ 2500327 nDZPnt 62037 nAlp 5001 nInAlpC 4012 nOutAlpC 2274 ndBeta 1384 final 1384
SD links stat 0-7 nAll 1102928 nDZ 445764 nDZPnt 35929 nAlp 7875 nInAlpC 6956 nOutAlpC 4923 ndBeta 583 final 583
SD links stat 5-7 nAll 42824032 nDZ 9020522 nDZPnt 2061632 nAlp 375729 nInAlpC 295710 nOutAlpC 225409 ndBeta 7082 final 7082
SD links stat 7-9 nAll 2281920 nDZ 471736 nDZPnt 471736 nAlp 96753 nInAlpC 70294 nOutAlpC 54124 ndBeta 1422 final 1422
Print stats
Summary for layer 5 h1GeV 910 h2GeV 186 refLos 9293 refUps 9306 refMDs 6108 outLos 9478 outUps 9477 outMDs 6031 outSDs 18016 n1Any 9576 n1All 878 n2Any 2969 n2All 186
Summary for layer 6 h1GeV 740 h2GeV 153 refLos 6512 refUps 6503 refMDs 2657 outLos 6530 outUps 6515 outMDs 2579 outSDs 4739 n1Any 2691 n1All 725 n2Any 740 n2All 152
Summary for layer 7 h1GeV 635 h2GeV 129 refLos 4608 refUps 4605 refMDs 1766 outLos 4603 outUps 4594 outMDs 1747 outSDs 2377 n1Any 1376 n1All 625 n2Any 396 n2All 128
Summary for layer 8 h1GeV 548 h2GeV 117 refLos 3059 refUps 3058 refMDs 1273 outLos 3056 outUps 3054 outMDs 1242 outSDs 1325 n1Any 825 n1All 540 n2Any 198 n2All 117
Summary for layer 9 h1GeV 476 h2GeV 108 refLos 1902 refUps 1902 refMDs 885 outLos 1890 outUps 1888 outMDs 881 outSDs 960 n1Any 623 n1All 453 n2Any 145 n2All 108
Summary for layer 10 h1GeV 387 h2GeV 86 refLos 1179 refUps 1171 refMDs 621 outLos 1163 outUps 1162 outMDs 630 outSDs 617 n1Any 403 n1All 359 n2Any 88 n2All 86
		sdl5-7 7082 sdl7-9 1422
Load hits 
Convert seeds to SuperDoublets
Loaded nSeeds (pt>1 and |eta|<1.6) 322
Combine MDs 
Link SuperDoublet pairs to SDLinks
SD links stat 0-5 nAll 2810416 nDZ 741884 nDZPnt 19080 nAlp 1803 nInAlpC 1563 nOutAlpC 996 ndBeta 729 final 729
SD links stat 0-7 nAll 566076 nDZ 217971 nDZPnt 18582 nAlp 3970 nInAlpC 3520 nOutAlpC 2527 ndBeta 385 final 385
SD links stat 5-7 nAll 15343824 nDZ 2812089 nDZPnt 742592 nAlp 129511 nInAlpC 100628 nOutAlpC 76421 ndBeta 2923 final 2923
SD links stat 7-9 nAll 1114572 nDZ 216777 nDZPnt 216777 nAlp 42953 nInAlpC 31131 nOutAlpC 23988 ndBeta 869 final 869
Print stats
Summary for layer 5 h1GeV 664 h2GeV 155 refLos 7421 refUps 7442 refMDs 4127 outLos 7585 outUps 7578 outMDs 4092 outSDs 8728 n1Any 4058 n1All 646 n2Any 1278 n2All 154
Summary for layer 6 h1GeV 556 h2GeV 122 refLos 5171 refUps 5177 refMDs 1954 outLos 5211 outUps 5201 outMDs 1882 outSDs 2928 n1Any 1590 n1All 540 n2Any 396 n2All 122
Summary for layer 7 h1GeV 471 h2GeV 102 refLos 3640 refUps 3639 refMDs 1326 outLos 3634 outUps 3634 outMDs 1338 outSDs 1758 n1Any 985 n1All 462 n2Any 244 n2All 102
Summary for layer 8 h1GeV 368 h2GeV 86 refLos 2334 refUps 2331 refMDs 892 outLos 2332 outUps 2327 outMDs 874 outSDs 933 n1Any 532 n1All 360 n2Any 140 n2All 86
Summary for layer 9 h1GeV 309 h2GeV 73 refLos 1385 refUps 1387 refMDs 616 outLos 1357 outUps 1356 outMDs 594 outSDs 634 n1Any 378 n1All 298 n2Any 106 n2All 73
Summary for layer 10 h1GeV 253 h2GeV 64 refLos 851 refUps 849 refMDs 419 outLos 843 outUps 842 outMDs 420 outSDs 427 n1Any 283 n1All 237 n2Any 76 n2All 64
		sdl5-7 2923 sdl7-9 869
Load hits 
Convert seeds to SuperDoublets
Loaded nSeeds (pt>1 and |eta|<1.6) 405
Combine MDs 
Link SuperDoublet pairs to SDLinks
SD links stat 0-5 nAll 5853060 nDZ 1603289 nDZPnt 41252 nAlp 3431 nInAlpC 2980 nOutAlpC 1868 ndBeta 1045 final 1045
SD links stat 0-7 nAll 878445 nDZ 334954 nDZPnt 29086 nAlp 6040 nInAlpC 5302 nOutAlpC 3793 ndBeta 497 final 497
SD links stat 5-7 nAll 31346388 nDZ 5972891 nDZPnt 1477734 nAlp 264648 nInAlpC 205014 nOutAlpC 157307 ndBeta 5204 final 5204
SD links stat 7-9 nAll 1724355 nDZ 334784 nDZPnt 334784 nAlp 70763 nInAlpC 52600 nOutAlpC 40908 ndBeta 1088 final 1088
Print stats
Summary for layer 5 h1GeV 751 h2GeV 177 refLos 8894 refUps 8916 refMDs 5553 outLos 9082 outUps 9069 outMDs 5381 outSDs 14452 n1Any 6548 n1All 726 n2Any 1860 n2All 176
Summary for layer 6 h1GeV 635 h2GeV 159 refLos 6204 refUps 6202 refMDs 2283 outLos 6258 outUps 6251 outMDs 2396 outSDs 3833 n1Any 2069 n1All 620 n2Any 707 n2All 158
Summary for layer 7 h1GeV 536 h2GeV 145 refLos 4323 refUps 4321 refMDs 1581 outLos 4356 outUps 4349 outMDs 1594 outSDs 2169 n1Any 1273 n1All 527 n2Any 479 n2All 145
Summary for layer 8 h1GeV 428 h2GeV 122 refLos 2810 refUps 2808 refMDs 1042 outLos 2806 outUps 2801 outMDs 1030 outSDs 1077 n1Any 600 n1All 419 n2Any 200 n2All 122
Summary for layer 9 h1GeV 356 h2GeV 108 refLos 1655 refUps 1655 refMDs 720 outLos 1642 outUps 1641 outMDs 705 outSDs 795 n1Any 516 n1All 334 n2Any 189 n2All 108
Summary for layer 10 h1GeV 309 h2GeV 96 refLos 1023 refUps 1022 refMDs 502 outLos 1010 outUps 1008 outMDs 516 outSDs 513 n1Any 320 n1All 284 n2Any 111 n2All 96
		sdl5-7 5204 sdl7-9 1088
Load hits 
Convert seeds to SuperDoublets
Loaded nSeeds (pt>1 and |eta|<1.6) 357
Combine MDs 
Link SuperDoublet pairs to SDLinks
SD links stat 0-5 nAll 3592848 nDZ 1110848 nDZPnt 27979 nAlp 2788 nInAlpC 2353 nOutAlpC 1471 ndBeta 879 final 879
SD links stat 0-7 nAll 654381 nDZ 253642 nDZPnt 22406 nAlp 4961 nInAlpC 4380 nOutAlpC 3148 ndBeta 504 final 504
SD links stat 5-7 nAll 18447312 nDZ 3988054 nDZPnt 1042357 nAlp 194086 nInAlpC 151407 nOutAlpC 114374 ndBeta 4410 final 4410
SD links stat 7-9 nAll 1217112 nDZ 234695 nDZPnt 234695 nAlp 47398 nInAlpC 34632 nOutAlpC 26560 ndBeta 783 final 783
Print stats
Summary for layer 5 h1GeV 687 h2GeV 138 refLos 7630 refUps 7661 refMDs 4317 outLos 7835 outUps 7826 outMDs 4240 outSDs 10064 n1Any 5073 n1All 652 n2Any 1661 n2All 138
Summary for layer 6 h1GeV 576 h2GeV 115 refLos 5346 refUps 5342 refMDs 1969 outLos 5398 outUps 5391 outMDs 1934 outSDs 3266 n1Any 1873 n1All 553 n2Any 574 n2All 115
Summary for layer 7 h1GeV 512 h2GeV 107 refLos 3810 refUps 3810 refMDs 1407 outLos 3822 outUps 3812 outMDs 1385 outSDs 1833 n1Any 1101 n1All 494 n2Any 273 n2All 107
Summary for layer 8 h1GeV 422 h2GeV 92 refLos 2536 refUps 2538 refMDs 963 outLos 2528 outUps 2521 outMDs 954 outSDs 1023 n1Any 619 n1All 407 n2Any 163 n2All 92
Summary for layer 9 h1GeV 366 h2GeV 82 refLos 1501 refUps 1502 refMDs 673 outLos 1494 outUps 1493 outMDs 657 outSDs 664 n1Any 430 n1All 342 n2Any 115 n2All 82
Summary for layer 10 h1GeV 295 h2GeV 78 refLos 939 refUps 934 refMDs 485 outLos 933 outUps 932 outMDs 477 outSDs 487 n1Any 306 n1All 268 n2Any 93 n2All 78
		sdl5-7 4410 sdl7-9 783
Load hits 
Convert seeds to SuperDoublets
Loaded nSeeds (pt>1 and |eta|<1.6) 304
Combine MDs 
Link SuperDoublet pairs to SDLinks
SD links stat 0-5 nAll 2220112 nDZ 556060 nDZPnt 14372 nAlp 1405 nInAlpC 1238 nOutAlpC 888 ndBeta 641 final 641
SD links stat 0-7 nAll 425904 nDZ 155469 nDZPnt 13800 nAlp 2965 nInAlpC 2617 nOutAlpC 1976 ndBeta 318 final 318
SD links stat 5-7 nAll 10231503 nDZ 1790054 nDZPnt 542268 nAlp 96179 nInAlpC 76355 nOutAlpC 58941 ndBeta 2078 final 2078
SD links stat 7-9 nAll 728520 nDZ 133520 nDZPnt 133520 nAlp 26878 nInAlpC 19750 nOutAlpC 15375 ndBeta 496 final 496
Print stats
Summary for layer 5 h1GeV 589 h2GeV 118 refLos 7269 refUps 7295 refMDs 3819 outLos 7407 outUps 7411 outMDs 3765 outSDs 7303 n1Any 3315 n1All 564 n2Any 847 n2All 118
Summary for layer 6 h1GeV 483 h2GeV 99 refLos 5006 refUps 4999 refMDs 1670 outLos 5027 outUps 5020 outMDs 1667 outSDs 2196 n1Any 1167 n1All 471 n2Any 312 n2All 99
Summary for layer 7 h1GeV 405 h2GeV 82 refLos 3454 refUps 3451 refMDs 1161 outLos 3469 outUps 3461 outMDs 1169 outSDs 1401 n1Any 724 n1All 395 n2Any 178 n2All 82
Summary for layer 8 h1GeV 324 h2GeV 74 refLos 2298 refUps 2296 refMDs 834 outLos 2295 outUps 2287 outMDs 854 outSDs 844 n1Any 442 n1All 315 n2Any 105 n2All 74
Summary for layer 9 h1GeV 264 h2GeV 63 refLos 1336 refUps 1333 refMDs 546 outLos 1337 outUps 1334 outMDs 551 outSDs 520 n1Any 269 n1All 241 n2Any 72 n2All 63
Summary for layer 10 h1GeV 219 h2GeV 49 refLos 810 refUps 809 refMDs 404 outLos 806 outUps 804 outMDs 384 outSDs 384 n1Any 211 n1All 193 n2Any 51 n2All 49
		sdl5-7 2078 sdl7-9 496
Load hits 
Convert seeds to SuperDoublets
Loaded nSeeds (pt>1 and |eta|<1.6) 257
Combine MDs 
Link SuperDoublet pairs to SDLinks
SD links stat 0-5 nAll 1713676 nDZ 489297 nDZPnt 12851 nAlp 1315 nInAlpC 1107 nOutAlpC 787 ndBeta 566 final 566
SD links stat 0-7 nAll 290410 nDZ 117687 nDZPnt 9923 nAlp 2237 nInAlpC 2017 nOutAlpC 1454 ndBeta 280 final 280
SD links stat 5-7 nAll 7534840 nDZ 1498922 nDZPnt 369955 nAlp 66977 nInAlpC 52272 nOutAlpC 39552 ndBeta 1669 final 1669
SD links stat 7-9 nAll 620370 nDZ 131494 nDZPnt 131494 nAlp 28342 nInAlpC 20470 nOutAlpC 15898 ndBeta 499 final 499
Print stats
Summary for layer 5 h1GeV 505 h2GeV 105 refLos 6701 refUps 6728 refMDs 3454 outLos 6863 outUps 6866 outMDs 3335 outSDs 6668 n1Any 2815 n1All 482 n2Any 823 n2All 104
Summary for layer 6 h1GeV 415 h2GeV 84 refLos 4662 refUps 4668 refMDs 1563 outLos 4732 outUps 4730 outMDs 1489 outSDs 2253 n1Any 1241 n1All 402 n2Any 370 n2All 83
Summary for layer 7 h1GeV 351 h2GeV 73 refLos 3191 refUps 3190 refMDs 965 outLos 3178 outUps 3176 outMDs 960 outSDs 1130 n1Any 639 n1All 344 n2Any 182 n2All 73
Summary for layer 8 h1GeV 299 h2GeV 67 refLos 2103 refUps 2099 refMDs 722 outLos 2064 outUps 2063 outMDs 719 outSDs 706 n1Any 377 n1All 291 n2Any 93 n2All 67
Summary for layer 9 h1GeV 254 h2GeV 59 refLos 1248 refUps 1247 refMDs 517 outLos 1240 outUps 1233 outMDs 526 outSDs 549 n1Any 307 n1All 238 n2Any 107 n2All 59
Summary for layer 10 h1GeV 219 h2GeV 51 refLos 774 refUps 775 refMDs 350 outLos 766 outUps 765 outMDs 352 outSDs 365 n1Any 241 n1All 197 n2Any 55 n2All 51
		sdl5-7 1669 sdl7-9 499
Load hits 
Convert seeds to SuperDoublets
Loaded nSeeds (pt>1 and |eta|<1.6) 276
Combine MDs 
Link SuperDoublet pairs to SDLinks
SD links stat 0-5 nAll 1637508 nDZ 443241 nDZPnt 11023 nAlp 1243 nInAlpC 1099 nOutAlpC 786 ndBeta 535 final 535
SD links stat 0-7 nAll 373980 nDZ 147134 nDZPnt 12820 nAlp 2903 nInAlpC 2558 nOutAlpC 1894 ndBeta 315 final 315
SD links stat 5-7 nAll 8039215 nDZ 1485107 nDZPnt 449142 nAlp 76364 nInAlpC 59113 nOutAlpC 45954 ndBeta 1774 final 1774
SD links stat 7-9 nAll 719505 nDZ 144375 nDZPnt 144375 nAlp 29846 nInAlpC 21803 nOutAlpC 16538 ndBeta 601 final 601
Print stats
Summary for layer 5 h1GeV 544 h2GeV 139 refLos 6270 refUps 6291 refMDs 3212 outLos 6440 outUps 6437 outMDs 3191 outSDs 5933 n1Any 2667 n1All 531 n2Any 865 n2All 139
Summary for layer 6 h1GeV 452 h2GeV 118 refLos 4514 refUps 4518 refMDs 1516 outLos 4570 outUps 4561 outMDs 1515 outSDs 2040 n1Any 1109 n1All 444 n2Any 331 n2All 118
Summary for layer 7 h1GeV 401 h2GeV 119 refLos 3199 refUps 3203 refMDs 1138 outLos 3202 outUps 3196 outMDs 1109 outSDs 1355 n1Any 735 n1All 396 n2Any 245 n2All 119
Summary for layer 8 h1GeV 341 h2GeV 102 refLos 2059 refUps 2062 refMDs 807 outLos 2055 outUps 2052 outMDs 772 outSDs 824 n1Any 492 n1All 336 n2Any 198 n2All 102
Summary for layer 9 h1GeV 285 h2GeV 90 refLos 1296 refUps 1296 refMDs 544 outLos 1283 outUps 1280 outMDs 545 outSDs 531 n1Any 323 n1All 275 n2Any 106 n2All 90
Summary for layer 10 h1GeV 249 h2GeV 84 refLos 848 refUps 848 refMDs 441 outLos 840 outUps 837 outMDs 431 outSDs 423 n1Any 263 n1All 234 n2Any 100 n2All 84
		sdl5-7 1774 sdl7-9 601
Load hits 
Convert seeds to SuperDoublets
Loaded nSeeds (pt>1 and |eta|<1.6) 331
Combine MDs 
Link SuperDoublet pairs to SDLinks
SD links stat 0-5 nAll 2523544 nDZ 686723 nDZPnt 18061 nAlp 1974 nInAlpC 1737 nOutAlpC 1121 ndBeta 785 final 785
SD links stat 0-7 nAll 449167 nDZ 172979 nDZPnt 14529 nAlp 3308 nInAlpC 2945 nOutAlpC 2071 ndBeta 406 final 406
SD links stat 5-7 nAll 10345768 nDZ 1960131 nDZPnt 537813 nAlp 95223 nInAlpC 74786 nOutAlpC 58149 ndBeta 2318 final 2318
SD links stat 7-9 nAll 857624 nDZ 167874 nDZPnt 167874 nAlp 35402 nInAlpC 26237 nOutAlpC 20164 ndBeta 642 final 642
Print stats
Summary for layer 5 h1GeV 576 h2GeV 130 refLos 6981 refUps 7008 refMDs 3776 outLos 7116 outUps 7115 outMDs 3627 outSDs 7624 n1Any 3637 n1All 557 n2Any 1044 n2All 130
Summary for layer 6 h1GeV 488 h2GeV 121 refLos 4790 refUps 4784 refMDs 1642 outLos 4832 outUps 4829 outMDs 1657 outSDs 2339 n1Any 1214 n1All 479 n2Any 406 n2All 121
Summary for layer 7 h1GeV 424 h2GeV 107 refLos 3385 refUps 3386 refMDs 1121 outLos 3401 outUps 3394 outMDs 1135 outSDs 1357 n1Any 767 n1All 417 n2Any 249 n2All 107
Summary for layer 8 h1GeV 342 h2GeV 92 refLos 2198 refUps 2194 refMDs 784 outLos 2182 outUps 2177 outMDs 811 outSDs 832 n1Any 480 n1All 335 n2Any 161 n2All 92
Summary for layer 9 h1GeV 288 h2GeV 85 refLos 1354 refUps 1350 refMDs 577 outLos 1340 outUps 1339 outMDs 601 outSDs 632 n1Any 369 n1All 271 n2Any 109 n2All 85
Summary for layer 10 h1GeV 243 h2GeV 71 refLos 872 refUps 870 refMDs 409 outLos 862 outUps 860 outMDs 406 outSDs 385 n1Any 237 n1All 221 n2Any 75 n2All 71
		sdl5-7 2318 sdl7-9 642
Load hits 
Convert seeds to SuperDoublets
Loaded nSeeds (pt>1 and |eta|<1.6) 321
Combine MDs 
Link SuperDoublet pairs to SDLinks
SD links stat 0-5 nAll 2637015 nDZ 710102 nDZPnt 18611 nAlp 1661 nInAlpC 1466 nOutAlpC 990 ndBeta 694 final 694
SD links stat 0-7 nAll 497871 nDZ 188737 nDZPnt 16670 nAlp 3376 nInAlpC 3001 nOutAlpC 2157 ndBeta 367 final 367
SD links stat 5-7 nAll 12741465 nDZ 2403050 nDZPnt 655497 nAlp 111132 nInAlpC 88229 nOutAlpC 68016 ndBeta 2414 final 2414
SD links stat 7-9 nAll 950763 nDZ 184322 nDZPnt 184322 nAlp 37036 nInAlpC 27742 nOutAlpC 20981 ndBeta 669 final 669
Print stats
Summary for layer 5 h1GeV 656 h2GeV 139 refLos 7320 refUps 7333 refMDs 4032 outLos 7468 outUps 7464 outMDs 3867 outSDs 8215 n1Any 3961 n1All 638 n2Any 1173 n2All 139
Summary for layer 6 h1GeV 540 h2GeV 116 refLos 5215 refUps 5222 refMDs 1849 outLos 5252 outUps 5247 outMDs 1841 outSDs 2748 n1Any 1516 n1All 530 n2Any 454 n2All 115
Summary for layer 7 h1GeV 431 h2GeV 84 refLos 3649 refUps 3653 refMDs 1280 outLos 3651 outUps 3647 outMDs 1224 outSDs 1551 n1Any 857 n1All 426 n2Any 213 n2All 84
Summary for layer 8 h1GeV 353 h2GeV 71 refLos 2352 refUps 2358 refMDs 846 outLos 2349 outUps 2346 outMDs 854 outSDs 841 n1Any 474 n1All 348 n2Any 109 n2All 71
Summary for layer 9 h1GeV 307 h2GeV 62 refLos 1427 refUps 1429 refMDs 589 outLos 1422 outUps 1422 outMDs 596 outSDs 613 n1Any 371 n1All 291 n2Any 81 n2All 62
Summary for layer 10 h1GeV 264 h2GeV 52 refLos 939 refUps 935 refMDs 482 outLos 934 outUps 930 outMDs 472 outSDs 473 n1Any 274 n1All 243 n2Any 58 n2All 52
		sdl5-7 2414 sdl7-9 669
Load hits 
Convert seeds to SuperDoublets
Loaded nSeeds (pt>1 and |eta|<1.6) 276
Combine MDs 
Link SuperDoublet pairs to SDLinks
SD links stat 0-5 nAll 2335236 nDZ 642185 nDZPnt 16655 nAlp 2102 nInAlpC 1704 nOutAlpC 1111 ndBeta 775 final 775
SD links stat 0-7 nAll 410136 nDZ 166195 nDZPnt 13960 nAlp 2996 nInAlpC 2626 nOutAlpC 1858 ndBeta 379 final 379
SD links stat 5-7 nAll 12573046 nDZ 2413648 nDZPnt 625502 nAlp 109719 nInAlpC 85791 nOutAlpC 66164 ndBeta 2782 final 2782
SD links stat 7-9 nAll 833646 nDZ 176932 nDZPnt 176932 nAlp 37367 nInAlpC 27186 nOutAlpC 20529 ndBeta 772 final 772
Print stats
Summary for layer 5 h1GeV 555 h2GeV 126 refLos 7252 refUps 7275 refMDs 3906 outLos 7424 outUps 7410 outMDs 3784 outSDs 8461 n1Any 3828 n1All 536 n2Any 1334 n2All 126
Summary for layer 6 h1GeV 473 h2GeV 111 refLos 5052 refUps 5043 refMDs 1817 outLos 5075 outUps 5074 outMDs 1755 outSDs 2555 n1Any 1280 n1All 459 n2Any 456 n2All 111
Summary for layer 7 h1GeV 392 h2GeV 95 refLos 3469 refUps 3470 refMDs 1160 outLos 3480 outUps 3474 outMDs 1176 outSDs 1486 n1Any 834 n1All 384 n2Any 298 n2All 95
Summary for layer 8 h1GeV 327 h2GeV 81 refLos 2216 refUps 2214 refMDs 833 outLos 2211 outUps 2203 outMDs 787 outSDs 794 n1Any 457 n1All 318 n2Any 129 n2All 81
Summary for layer 9 h1GeV 276 h2GeV 73 refLos 1318 refUps 1317 refMDs 543 outLos 1314 outUps 1310 outMDs 538 outSDs 561 n1Any 329 n1All 261 n2Any 82 n2All 73
Summary for layer 10 h1GeV 236 h2GeV 65 refLos 847 refUps 847 refMDs 433 outLos 847 outUps 846 outMDs 435 outSDs 423 n1Any 246 n1All 213 n2Any 73 n2All 65
		sdl5-7 2782 sdl7-9 772
Load hits 
Convert seeds to SuperDoublets
Loaded nSeeds (pt>1 and |eta|<1.6) 435
Combine MDs 
Link SuperDoublet pairs to SDLinks
SD links stat 0-5 nAll 6555450 nDZ 1771412 nDZPnt 44877 nAlp 3517 nInAlpC 2869 nOutAlpC 1808 ndBeta 1144 final 1144
SD links stat 0-7 nAll 1001370 nDZ 377438 nDZPnt 31349 nAlp 6554 nInAlpC 5758 nOutAlpC 4204 ndBeta 574 final 574
SD links stat 5-7 nAll 34691140 nDZ 6758772 nDZPnt 1826670 nAlp 314358 nInAlpC 244465 nOutAlpC 184516 ndBeta 6784 final 6784
SD links stat 7-9 nAll 1830090 nDZ 357267 nDZPnt 357267 nAlp 71854 nInAlpC 51750 nOutAlpC 40175 ndBeta 1200 final 1200
Print stats
Summary for layer 5 h1GeV 873 h2GeV 201 refLos 8730 refUps 8743 refMDs 5480 outLos 8915 outUps 8910 outMDs 5237 outSDs 15070 n1Any 7636 n1All 832 n2Any 2747 n2All 199
Summary for layer 6 h1GeV 737 h2GeV 183 refLos 6287 refUps 6291 refMDs 2552 outLos 6336 outUps 6322 outMDs 2514 outSDs 4571 n1Any 2748 n1All 717 n2Any 1053 n2All 183
Summary for layer 7 h1GeV 617 h2GeV 169 refLos 4316 refUps 4323 refMDs 1656 outLos 4341 outUps 4334 outMDs 1623 outSDs 2302 n1Any 1471 n1All 602 n2Any 550 n2All 169
Summary for layer 8 h1GeV 501 h2GeV 138 refLos 2838 refUps 2845 refMDs 1095 outLos 2845 outUps 2841 outMDs 1070 outSDs 1116 n1Any 700 n1All 488 n2Any 221 n2All 138
Summary for layer 9 h1GeV 402 h2GeV 111 refLos 1677 refUps 1675 refMDs 760 outLos 1667 outUps 1665 outMDs 757 outSDs 795 n1Any 496 n1All 386 n2Any 155 n2All 111
Summary for layer 10 h1GeV 326 h2GeV 83 refLos 1070 refUps 1069 refMDs 554 outLos 1065 outUps 1065 outMDs 550 outSDs 556 n1Any 361 n1All 307 n2Any 103 n2All 83
		sdl5-7 6784 sdl7-9 1200
Load hits 
Convert seeds to SuperDoublets
Loaded nSeeds (pt>1 and |eta|<1.6) 322
Combine MDs 
Link SuperDoublet pairs to SDLinks
SD links stat 0-5 nAll 2593388 nDZ 704039 nDZPnt 18527 nAlp 1824 nInAlpC 1544 nOutAlpC 942 ndBeta 685 final 685
SD links stat 0-7 nAll 502642 nDZ 188669 nDZPnt 17110 nAlp 3631 nInAlpC 3255 nOutAlpC 2358 ndBeta 350 final 350
SD links stat 5-7 nAll 12572294 nDZ 2374106 nDZPnt 674938 nAlp 121865 nInAlpC 94574 nOutAlpC 71943 ndBeta 2717 final 2717
SD links stat 7-9 nAll 874160 nDZ 162251 nDZPnt 162251 nAlp 33248 nInAlpC 24582 nOutAlpC 18662 ndBeta 633 final 633
Print stats
Summary for layer 5 h1GeV 633 h2GeV 130 refLos 6937 refUps 6960 refMDs 3842 outLos 7091 outUps 7085 outMDs 3662 outSDs 8054 n1Any 4203 n1All 607 n2Any 1132 n2All 130
Summary for layer 6 h1GeV 536 h2GeV 112 refLos 4919 refUps 4917 refMDs 1728 outLos 4948 outUps 4940 outMDs 1728 outSDs 2416 n1Any 1382 n1All 519 n2Any 387 n2All 112
Summary for layer 7 h1GeV 435 h2GeV 94 refLos 3526 refUps 3523 refMDs 1228 outLos 3553 outUps 3551 outMDs 1194 outSDs 1561 n1Any 826 n1All 425 n2Any 234 n2All 94
Summary for layer 8 h1GeV 353 h2GeV 75 refLos 2319 refUps 2317 refMDs 857 outLos 2301 outUps 2300 outMDs 823 outSDs 846 n1Any 458 n1All 340 n2Any 117 n2All 75
Summary for layer 9 h1GeV 300 h2GeV 67 refLos 1390 refUps 1388 refMDs 579 outLos 1376 outUps 1375 outMDs 567 outSDs 560 n1Any 331 n1All 278 n2Any 78 n2All 67
Summary for layer 10 h1GeV 242 h2GeV 56 refLos 846 refUps 845 refMDs 437 outLos 841 outUps 841 outMDs 447 outSDs 421 n1Any 249 n1All 219 n2Any 65 n2All 56
		sdl5-7 2717 sdl7-9 633
Load hits 
Convert seeds to SuperDoublets
Loaded nSeeds (pt>1 and |eta|<1.6) 346
Combine MDs 
Link SuperDoublet pairs to SDLinks
SD links stat 0-5 nAll 3120228 nDZ 844094 nDZPnt 21932 nAlp 2080 nInAlpC 1711 nOutAlpC 1163 ndBeta 808 final 808
SD links stat 0-7 nAll 575744 nDZ 220368 nDZPnt 19126 nAlp 4225 nInAlpC 3634 nOutAlpC 2669 ndBeta 444 final 444
SD links stat 5-7 nAll 15005952 nDZ 2876012 nDZPnt 778526 nAlp 135600 nInAlpC 106844 nOutAlpC 82964 ndBeta 3028 final 3028
SD links stat 7-9 nAll 1011712 nDZ 192006 nDZPnt 192006 nAlp 38584 nInAlpC 28701 nOutAlpC 21630 ndBeta 716 final 716
Print stats
Summary for layer 5 h1GeV 648 h2GeV 103 refLos 7421 refUps 7449 refMDs 4156 outLos 7591 outUps 7590 outMDs 4146 outSDs 9018 n1Any 4168 n1All 625 n2Any 774 n2All 101
Summary for layer 6 h1GeV 538 h2GeV 84 refLos 5257 refUps 5273 refMDs 1917 outLos 5320 outUps 5307 outMDs 1901 outSDs 2836 n1Any 1548 n1All 524 n2Any 357 n2All 84
Summary for layer 7 h1GeV 461 h2GeV 74 refLos 3709 refUps 3710 refMDs 1357 outLos 3729 outUps 3723 outMDs 1290 outSDs 1664 n1Any 898 n1All 454 n2Any 188 n2All 74
Summary for layer 8 h1GeV 385 h2GeV 62 refLos 2490 refUps 2488 refMDs 921 outLos 2488 outUps 2485 outMDs 962 outSDs 986 n1Any 546 n1All 372 n2Any 103 n2All 62
Summary for layer 9 h1GeV 304 h2GeV 54 refLos 1440 refUps 1435 refMDs 602 outLos 1421 outUps 1419 outMDs 587 outSDs 608 n1Any 349 n1All 284 n2Any 69 n2All 54
Summary for layer 10 h1GeV 247 h2GeV 42 refLos 895 refUps 892 refMDs 426 outLos 887 outUps 887 outMDs 428 outSDs 415 n1Any 258 n1All 226 n2Any 49 n2All 42
		sdl5-7 3028 sdl7-9 716
Load hits 
Convert seeds to SuperDoublets
Loaded nSeeds (pt>1 and |eta|<1.6) 233
Combine MDs 
Link SuperDoublet pairs to SDLinks
SD links stat 0-5 nAll 1179912 nDZ 268326 nDZPnt 7010 nAlp 909 nInAlpC 744 nOutAlpC 530 ndBeta 420 final 420
SD links stat 0-7 nAll 269348 nDZ 104210 nDZPnt 9234 nAlp 2190 nInAlpC 1924 nOutAlpC 1377 ndBeta 276 final 276
SD links stat 5-7 nAll 5853984 nDZ 907009 nDZPnt 294118 nAlp 52542 nInAlpC 41040 nOutAlpC 31582 ndBeta 1354 final 1354
SD links stat 7-9 nAll 494768 nDZ 91607 nDZPnt 91607 nAlp 19031 nInAlpC 13994 nOutAlpC 10627 ndBeta 406 final 406
Print stats
Summary for layer 5 h1GeV 529 h2GeV 114 refLos 6205 refUps 6217 refMDs 3035 outLos 6337 outUps 6334 outMDs 2982 outSDs 5064 n1Any 2348 n1All 507 n2Any 804 n2All 114
Summary for layer 6 h1GeV 420 h2GeV 91 refLos 4257 refUps 4254 refMDs 1432 outLos 4297 outUps 4295 outMDs 1410 outSDs 1946 n1Any 1032 n1All 407 n2Any 319 n2All 91
Summary for layer 7 h1GeV 345 h2GeV 68 refLos 3037 refUps 3039 refMDs 991 outLos 3032 outUps 3021 outMDs 971 outSDs 1156 n1Any 624 n1All 337 n2Any 190 n2All 68
Summary for layer 8 h1GeV 284 h2GeV 59 refLos 1926 refUps 1927 refMDs 684 outLos 1914 outUps 1912 outMDs 673 outSDs 695 n1Any 375 n1All 277 n2Any 84 n2All 59
Summary for layer 9 h1GeV 220 h2GeV 47 refLos 1084 refUps 1084 refMDs 457 outLos 1064 outUps 1060 outMDs 431 outSDs 428 n1Any 234 n1All 202 n2Any 57 n2All 47
Summary for layer 10 h1GeV 183 h2GeV 42 refLos 706 refUps 706 refMDs 314 outLos 707 outUps 705 outMDs 326 outSDs 306 n1Any 166 n1All 160 n2Any 45 n2All 42
		sdl5-7 1354 sdl7-9 406
Load hits 
Convert seeds to SuperDoublets
Loaded nSeeds (pt>1 and |eta|<1.6) 345
Combine MDs 
Link SuperDoublet pairs to SDLinks
SD links stat 0-5 nAll 4273170 nDZ 1086952 nDZPnt 27883 nAlp 2584 nInAlpC 2170 nOutAlpC 1347 ndBeta 825 final 825
SD links stat 0-7 nAll 612720 nDZ 227826 nDZPnt 21179 nAlp 4744 nInAlpC 4161 nOutAlpC 3082 ndBeta 452 final 452
SD links stat 5-7 nAll 21997536 nDZ 3923361 nDZPnt 974401 nAlp 173373 nInAlpC 134796 nOutAlpC 102966 ndBeta 3711 final 3711
SD links stat 7-9 nAll 1046064 nDZ 192279 nDZPnt 192279 nAlp 38010 nInAlpC 28188 nOutAlpC 21976 ndBeta 644 final 644
Print stats
Summary for layer 5 h1GeV 666 h2GeV 150 refLos 8216 refUps 8234 refMDs 4926 outLos 8378 outUps 8377 outMDs 4673 outSDs 12386 n1Any 5573 n1All 638 n2Any 1918 n2All 150
Summary for layer 6 h1GeV 542 h2GeV 121 refLos 5665 refUps 5671 refMDs 2081 outLos 5717 outUps 5713 outMDs 2007 outSDs 3158 n1Any 1781 n1All 528 n2Any 478 n2All 121
Summary for layer 7 h1GeV 448 h2GeV 101 refLos 3986 refUps 3983 refMDs 1404 outLos 3995 outUps 3992 outMDs 1350 outSDs 1776 n1Any 916 n1All 440 n2Any 273 n2All 101
Summary for layer 8 h1GeV 360 h2GeV 85 refLos 2563 refUps 2560 refMDs 909 outLos 2547 outUps 2543 outMDs 913 outSDs 897 n1Any 503 n1All 351 n2Any 147 n2All 85
Summary for layer 9 h1GeV 284 h2GeV 71 refLos 1444 refUps 1439 refMDs 602 outLos 1436 outUps 1436 outMDs 575 outSDs 589 n1Any 325 n1All 269 n2Any 92 n2All 71
Summary for layer 10 h1GeV 234 h2GeV 59 refLos 857 refUps 856 refMDs 406 outLos 853 outUps 851 outMDs 398 outSDs 395 n1Any 229 n1All 215 n2Any 67 n2All 59
		sdl5-7 3711 sdl7-9 644
Load hits 
Convert seeds to SuperDoublets
Loaded nSeeds (pt>1 and |eta|<1.6) 387
Combine MDs 
Link SuperDoublet pairs to SDLinks
SD links stat 0-5 nAll 4005837 nDZ 1147454 nDZPnt 29776 nAlp 2982 nInAlpC 2295 nOutAlpC 1424 ndBeta 945 final 945
SD links stat 0-7 nAll 752715 nDZ 283594 nDZPnt 25385 nAlp 5708 nInAlpC 4875 nOutAlpC 3603 ndBeta 493 final 493
SD links stat 5-7 nAll 20132695 nDZ 4053136 nDZPnt 1114112 nAlp 216850 nInAlpC 167408 nOutAlpC 127710 ndBeta 4532 final 4532
SD links stat 7-9 nAll 1227295 nDZ 223490 nDZPnt 223490 nAlp 46901 nInAlpC 34810 nOutAlpC 26840 ndBeta 786 final 786
Print stats
Summary for layer 5 h1GeV 692 h2GeV 144 refLos 7733 refUps 7750 refMDs 4532 outLos 7892 outUps 7885 outMDs 4381 outSDs 10351 n1Any 5048 n1All 662 n2Any 1566 n2All 143
Summary for layer 6 h1GeV 584 h2GeV 122 refLos 5390 refUps 5392 refMDs 1945 outLos 5428 outUps 5427 outMDs 1952 outSDs 2883 n1Any 1622 n1All 566 n2Any 494 n2All 122
Summary for layer 7 h1GeV 501 h2GeV 110 refLos 3825 refUps 3822 refMDs 1435 outLos 3825 outUps 3826 outMDs 1375 outSDs 1945 n1Any 1134 n1All 491 n2Any 341 n2All 110
Summary for layer 8 h1GeV 409 h2GeV 93 refLos 2502 refUps 2505 refMDs 942 outLos 2494 outUps 2489 outMDs 957 outSDs 984 n1Any 567 n1All 394 n2Any 125 n2All 93
Summary for layer 9 h1GeV 322 h2GeV 68 refLos 1467 refUps 1463 refMDs 622 outLos 1460 outUps 1457 outMDs 606 outSDs 631 n1Any 375 n1All 304 n2Any 89 n2All 68
Summary for layer 10 h1GeV 250 h2GeV 57 refLos 885 refUps 882 refMDs 449 outLos 879 outUps 878 outMDs 439 outSDs 448 n1Any 263 n1All 229 n2Any 63 n2All 57
		sdl5-7 4532 sdl7-9 786
Load hits 
Convert seeds to SuperDoublets
Loaded nSeeds (pt>1 and |eta|<1.6) 393
Combine MDs 
Link SuperDoublet pairs to SDLinks
SD links stat 0-5 nAll 5205285 nDZ 1376700 nDZPnt 35844 nAlp 2767 nInAlpC 2294 nOutAlpC 1470 ndBeta 971 final 971
SD links stat 0-7 nAll 782856 nDZ 301581 nDZPnt 25924 nAlp 5558 nInAlpC 4874 nOutAlpC 3367 ndBeta 499 final 499
SD links stat 5-7 nAll 26384040 nDZ 4968476 nDZPnt 1320871 nAlp 237066 nInAlpC 185168 nOutAlpC 140302 ndBeta 4481 final 4481
SD links stat 7-9 nAll 1314720 nDZ 244476 nDZPnt 244476 nAlp 48383 nInAlpC 35919 nOutAlpC 27389 ndBeta 857 final 857
Print stats
Summary for layer 5 h1GeV 768 h2GeV 175 refLos 8648 refUps 8664 refMDs 5291 outLos 8832 outUps 8821 outMDs 5171 outSDs 13245 n1Any 5936 n1All 744 n2Any 1840 n2All 174
Summary for layer 6 h1GeV 641 h2GeV 153 refLos 5891 refUps 5883 refMDs 2270 outLos 5940 outUps 5940 outMDs 2238 outSDs 3616 n1Any 1987 n1All 632 n2Any 731 n2All 153
Summary for layer 7 h1GeV 529 h2GeV 134 refLos 4076 refUps 4079 refMDs 1502 outLos 4078 outUps 4073 outMDs 1514 outSDs 1992 n1Any 1205 n1All 523 n2Any 431 n2All 134
Summary for layer 8 h1GeV 443 h2GeV 118 refLos 2653 refUps 2652 refMDs 1045 outLos 2640 outUps 2632 outMDs 1007 outSDs 1112 n1Any 654 n1All 434 n2Any 198 n2All 118
Summary for layer 9 h1GeV 333 h2GeV 73 refLos 1520 refUps 1520 refMDs 674 outLos 1512 outUps 1508 outMDs 642 outSDs 660 n1Any 422 n1All 315 n2Any 95 n2All 73
Summary for layer 10 h1GeV 263 h2GeV 64 refLos 968 refUps 968 refMDs 466 outLos 970 outUps 968 outMDs 471 outSDs 445 n1Any 258 n1All 243 n2Any 65 n2All 64
		sdl5-7 4481 sdl7-9 857
Load hits 
Convert seeds to SuperDoublets
Loaded nSeeds (pt>1 and |eta|<1.6) 376
Combine MDs 
Link SuperDoublet pairs to SDLinks
SD links stat 0-5 nAll 3902504 nDZ 991064 nDZPnt 26788 nAlp 2538 nInAlpC 2061 nOutAlpC 1317 ndBeta 908 final 908
SD links stat 0-7 nAll 726432 nDZ 263518 nDZPnt 25406 nAlp 5617 nInAlpC 4970 nOutAlpC 3499 ndBeta 500 final 500
SD links stat 5-7 nAll 20052228 nDZ 3538792 nDZPnt 993372 nAlp 178665 nInAlpC 141001 nOutAlpC 108078 ndBeta 4199 final 4199
SD links stat 7-9 nAll 1335012 nDZ 245071 nDZPnt 245071 nAlp 49423 nInAlpC 36545 nOutAlpC 28087 ndBeta 799 final 799
Print stats
Summary for layer 5 h1GeV 695 h2GeV 136 refLos 8025 refUps 8036 refMDs 4631 outLos 8198 outUps 8185 outMDs 4513 outSDs 10379 n1Any 4832 n1All 674 n2Any 1429 n2All 136
Summary for layer 6 h1GeV 581 h2GeV 110 refLos 5657 refUps 5672 refMDs 2077 outLos 5710 outUps 5711 outMDs 2085 outSDs 3273 n1Any 1738 n1All 563 n2Any 417 n2All 110
Summary for layer 7 h1GeV 479 h2GeV 87 refLos 3990 refUps 3991 refMDs 1465 outLos 3989 outUps 3980 outMDs 1432 outSDs 1932 n1Any 1064 n1All 468 n2Any 271 n2All 87
Summary for layer 8 h1GeV 394 h2GeV 74 refLos 2589 refUps 2589 refMDs 1022 outLos 2577 outUps 2580 outMDs 1000 outSDs 1066 n1Any 595 n1All 387 n2Any 134 n2All 74
Summary for layer 9 h1GeV 317 h2GeV 61 refLos 1537 refUps 1538 refMDs 681 outLos 1523 outUps 1520 outMDs 654 outSDs 691 n1Any 401 n1All 296 n2Any 117 n2All 61
Summary for layer 10 h1GeV 249 h2GeV 45 refLos 919 refUps 920 refMDs 449 outLos 916 outUps 914 outMDs 445 outSDs 436 n1Any 248 n1All 220 n2Any 47 n2All 45
		sdl5-7 4199 sdl7-9 799
Load hits 
Convert seeds to SuperDoublets
Loaded nSeeds (pt>1 and |eta|<1.6) 307
Combine MDs 
Link SuperDoublet pairs to SDLinks
SD links stat 0-5 nAll 1874849 nDZ 498651 nDZPnt 12753 nAlp 1441 nInAlpC 1151 nOutAlpC 784 ndBeta 607 final 607
SD links stat 0-7 nAll 411994 nDZ 151321 nDZPnt 14034 nAlp 3129 nInAlpC 2761 nOutAlpC 1990 ndBeta 337 final 337
SD links stat 5-7 nAll 8195594 nDZ 1493846 nDZPnt 492311 nAlp 91011 nInAlpC 71618 nOutAlpC 54500 ndBeta 2203 final 2203
SD links stat 7-9 nAll 683078 nDZ 116850 nDZPnt 116850 nAlp 25117 nInAlpC 18576 nOutAlpC 14508 ndBeta 472 final 472
Print stats
Summary for layer 5 h1GeV 604 h2GeV 131 refLos 6647 refUps 6656 refMDs 3381 outLos 6784 outUps 6789 outMDs 3325 outSDs 6107 n1Any 3059 n1All 584 n2Any 785 n2All 130
Summary for layer 6 h1GeV 500 h2GeV 117 refLos 4619 refUps 4622 refMDs 1617 outLos 4667 outUps 4661 outMDs 1549 outSDs 2171 n1Any 1220 n1All 491 n2Any 383 n2All 117
Summary for layer 7 h1GeV 433 h2GeV 107 refLos 3319 refUps 3322 refMDs 1138 outLos 3317 outUps 3309 outMDs 1100 outSDs 1342 n1Any 774 n1All 427 n2Any 248 n2All 107
Summary for layer 8 h1GeV 346 h2GeV 80 refLos 2071 refUps 2070 refMDs 763 outLos 2062 outUps 2061 outMDs 766 outSDs 763 n1Any 459 n1All 342 n2Any 119 n2All 80
Summary for layer 9 h1GeV 263 h2GeV 57 refLos 1250 refUps 1247 refMDs 501 outLos 1241 outUps 1237 outMDs 491 outSDs 509 n1Any 310 n1All 244 n2Any 80 n2All 57
Summary for layer 10 h1GeV 229 h2GeV 56 refLos 755 refUps 753 refMDs 383 outLos 744 outUps 744 outMDs 369 outSDs 363 n1Any 220 n1All 201 n2Any 62 n2All 56
		sdl5-7 2203 sdl7-9 472
Timer results for timeLayout
Real time 0:00:03.668, CP time 3.610, 31 slices
----------------------------------
Timer results for timeReco
Real time 0:06:32.708, CP time 392.020, 31 slices
----------------------------------
Timer results for timeValidation
Real time 0:03:29.443, CP time 209.120, 31 slices
----------------------------------
2933 make efficiencies 
3004 draw and print 
3931 write to file 
3940 Done 
(int) 0
